2021-10-10 00:12:32,201 | asyncio | DEBUG | Using selector: EpollSelector
2021-10-10 00:12:32,202 | bot | DEBUG | created bot base.
2021-10-10 00:12:32,220 | constant | DEBUG | init database succesful
2021-10-10 00:12:32,568 | utils.planner | DEBUG | triggered update
2021-10-10 00:12:32,574 | bot | DEBUG | bot subclass Created.
2021-10-10 00:12:32,577 | bot | INFO | Cog loaded: Latency
2021-10-10 00:12:32,578 | bot | INFO | Cog loaded: Debug
2021-10-10 00:12:32,643 | bot | INFO | Cog loaded: KUSNews
2021-10-10 00:12:32,644 | bot | INFO | Cog loaded: SetUp
2021-10-10 00:12:32,646 | bot | INFO | Cog loaded: Updater
2021-10-10 00:12:32,647 | bot | INFO | Cog loaded: VoiceChannel
2021-10-10 00:12:32,648 | bot | INFO | Cog loaded: NewPatch
2021-10-10 00:12:32,650 | bot | INFO | Cog loaded: AdminCommands
2021-10-10 00:12:32,651 | bot | INFO | Cog loaded: Assignments
2021-10-10 00:12:32,988 | bot | INFO | Cog loaded: Music
2021-10-10 00:12:32,989 | bot | INFO | Cog loaded: ErrorHandler
2021-10-10 00:12:32,991 | bot | INFO | Cog loaded: Utility
2021-10-10 00:12:32,992 | bot | INFO | Cog loaded: DayLoop
2021-10-10 00:12:32,995 | bot | INFO | Cog loaded: Snekbox
2021-10-10 00:12:32,997 | bot | INFO | Cog loaded: Help
2021-10-10 00:12:33,077 | exts.kus | DEBUG | loaded data
2021-10-10 00:12:34,085 | bot | DEBUG | exts.kus Unable to fetch kus data, disabled system.
2021-10-10 00:12:35,925 | utils.planner | DEBUG | returning sorted date for 562976873685057546
2021-10-10 00:12:35,932 | bot | INFO | Connected successfully
2021-10-10 00:12:36,284 | bot | DEBUG | changed bot status
2021-10-10 00:12:36,286 | bot | DEBUG | creating assignment embed...
2021-10-10 00:12:36,287 | bot | DEBUG | successfully created assignment embed
2021-10-10 00:12:36,412 | exts.kus | DEBUG | trying to update news but is not enable, passing...
2021-10-10 00:12:37,439 | bot | DEBUG | exts.update :white_check_mark: Sucessfully update works at 562976873685057546 :
33E
2021-10-10 00:12:37,748 | exts.update | DEBUG | updated active-works for 562976873685057546
2021-10-10 00:12:37,749 | utils.planner | DEBUG | returning sorted date for 728482381215826000
2021-10-10 00:12:37,861 | utils.planner | DEBUG | returning sorted date for 676256965650808873
2021-10-10 00:12:37,951 | utils.planner | DEBUG | returning sorted date for 829749071891005512
2021-10-10 00:12:38,066 | utils.planner | DEBUG | returning sorted date for 773426467492069386
2021-10-10 01:57:00,157 | bot | INFO | Resumed Connection
2021-10-10 01:57:00,399 | bot | DEBUG | changed bot status
2021-10-10 02:29:55,166 | bot | INFO | Resumed Connection
2021-10-10 02:29:55,231 | bot | DEBUG | changed bot status
2021-10-10 03:18:50,663 | exts.music | DEBUG | VoiceState created for 773426467492069386
2021-10-10 03:18:50,663 | exts.music | INFO | Audio Player Launched for 773426467492069386
2021-10-10 03:18:53,172 | exts.music | DEBUG | 773426467492069386: Searching smooth criminal
2021-10-10 03:18:56,909 | exts.music | DEBUG | Enqueued
2021-10-10 03:38:58,817 | exts.music | DEBUG | VoiceState created for 773426467492069386
2021-10-10 03:38:58,819 | exts.music | INFO | Audio Player Launched for 773426467492069386
2021-10-10 03:39:00,691 | exts.music | DEBUG | 773426467492069386: Searching https://www.youtube.com/watch?v=ZmeudwRMrsU
2021-10-10 03:39:02,094 | exts.music | DEBUG | Enqueued
2021-10-10 03:40:58,227 | exts.music | DEBUG | 773426467492069386: Searching https://www.youtube.com/watch?v=TgbqBx4NthI
2021-10-10 03:40:59,870 | exts.music | DEBUG | Enqueued
2021-10-10 03:43:18,052 | exts.music | DEBUG | 773426467492069386: Searching https://www.youtube.com/watch?v=TgbqBx4NthI
2021-10-10 03:43:19,792 | exts.music | DEBUG | Enqueued
2021-10-10 03:45:40,325 | bot | INFO | Resumed Connection
2021-10-10 03:45:40,638 | bot | DEBUG | changed bot status
2021-10-10 03:57:57,476 | exts.music | DEBUG | 773426467492069386: Searching fma rain
2021-10-10 03:57:59,172 | exts.music | DEBUG | Enqueued
2021-10-10 04:12:34,460 | bot | DEBUG | exts.kus successfully fecthed kus data, enabled system.
2021-10-10 04:12:43,730 | exts.music | DEBUG | 773426467492069386: Searching fma hologram
2021-10-10 04:12:45,449 | exts.music | DEBUG | Enqueued
2021-10-10 05:00:04,093 | exts.music | DEBUG | VoiceState created for 728482381215826000
2021-10-10 05:00:04,095 | exts.music | INFO | Audio Player Launched for 728482381215826000
2021-10-10 06:20:10,580 | bot | INFO | Resumed Connection
2021-10-10 06:20:10,678 | bot | DEBUG | changed bot status
2021-10-10 07:40:18,255 | exts.music | DEBUG | 773426467492069386: Searching https://www.youtube.com/watch?v=Mn7Bv8rGRzg
2021-10-10 07:40:19,842 | exts.music | DEBUG | Enqueued
2021-10-10 07:47:40,345 | exts.music | DEBUG | 773426467492069386: Searching https://www.youtube.com/watch?v=n7VZxg9pxkg&ab_channel=%E9%A0%88%E7%94%B0%E6%99%AF%E5%87%AA%E3%83%90%E3%83%AB%E3%83%BC%E3%83%B3
2021-10-10 07:47:41,983 | exts.music | DEBUG | Enqueued
2021-10-10 07:47:55,685 | exts.music | DEBUG | 773426467492069386: Searching https://www.youtube.com/watch?v=Mn7Bv8rGRzg
2021-10-10 07:47:57,326 | exts.music | DEBUG | Enqueued
2021-10-10 07:56:04,637 | exts.music | DEBUG | VoiceState created for 829749071891005512
2021-10-10 07:56:04,638 | exts.music | INFO | Audio Player Launched for 829749071891005512
2021-10-10 07:56:07,270 | exts.music | DEBUG | 829749071891005512: Searching on the ground
2021-10-10 07:56:08,830 | exts.music | DEBUG | Enqueued
2021-10-10 07:56:10,262 | exts.music | DEBUG | 829749071891005512: Searching gone
2021-10-10 07:56:11,839 | exts.music | DEBUG | Enqueued
2021-10-10 07:56:48,616 | exts.music | DEBUG | 829749071891005512: Searching stay
2021-10-10 07:56:51,088 | exts.music | DEBUG | Enqueued
2021-10-10 07:57:39,610 | exts.music | DEBUG | 829749071891005512: Searching bad habits
2021-10-10 07:57:41,252 | exts.music | DEBUG | Enqueued
2021-10-10 08:03:54,030 | exts.music | DEBUG | 829749071891005512: Searching https://open.spotify.com/playlist/5l5CpPwe7FtMvjIoS7TRX9?si=a7b341e7c45f4488
2021-10-10 08:03:54,132 | spotipy.oauth2 | DEBUG | sending POST request to https://accounts.spotify.com/api/token with Headers: {'Authorization': 'Basic MjA0MjQ3ODljNDBhNDM2Mzk1NTQ2Nzg1ZDc5ZGRmNTk6NzE0ZTE0NjE2MzZmNGRjMWI4ODE1MDI4MjljM2Q4YTQ='} and Body: {'grant_type': 'client_credentials'}
2021-10-10 08:03:54,748 | exts.music | DEBUG | Enqueued
2021-10-10 09:46:49,777 | bot | INFO | Resumed Connection
2021-10-10 09:46:49,846 | bot | DEBUG | changed bot status
2021-10-10 10:35:38,664 | bot | INFO | Resumed Connection
2021-10-10 10:35:38,730 | bot | DEBUG | changed bot status
2021-10-10 10:56:14,149 | bot | INFO | Resumed Connection
2021-10-10 10:56:14,206 | bot | DEBUG | changed bot status
2021-10-10 11:19:57,244 | bot | INFO | Resumed Connection
2021-10-10 11:19:57,318 | bot | DEBUG | changed bot status
2021-10-10 11:45:13,733 | exts.music | DEBUG | 773426467492069386: Searching https://youtu.be/c_c5FPFdSow
2021-10-10 11:45:15,252 | exts.music | DEBUG | Enqueued
2021-10-10 11:47:12,246 | exts.music | DEBUG | 773426467492069386: Searching https://youtu.be/c_c5FPFdSow
2021-10-10 11:47:13,811 | exts.music | DEBUG | Enqueued
2021-10-10 11:52:08,758 | bot | INFO | Resumed Connection
2021-10-10 11:52:08,821 | bot | DEBUG | changed bot status
2021-10-10 12:07:20,419 | exts.music | DEBUG | VoiceState created for 773426467492069386
2021-10-10 12:07:20,421 | exts.music | INFO | Audio Player Launched for 773426467492069386
2021-10-10 12:07:22,289 | exts.music | DEBUG | 773426467492069386: Searching https://youtu.be/c_c5FPFdSow
2021-10-10 12:07:23,772 | exts.music | DEBUG | Enqueued
2021-10-10 12:50:28,483 | exts.music | DEBUG | 728482381215826000: Searching https://youtu.be/c_c5FPFdSow
2021-10-10 12:50:30,025 | exts.music | DEBUG | Enqueued
2021-10-10 12:50:41,341 | exts.music | DEBUG | 728482381215826000: Searching https://youtu.be/c_c5FPFdSow
2021-10-10 12:50:42,692 | exts.music | DEBUG | Enqueued
2021-10-10 12:52:20,559 | exts.admin | DEBUG | Admin Eval from Tpmonkey#2682; code: self.bot.get_guild(728482381215826000)
2021-10-10 12:52:24,685 | exts.admin | DEBUG | Admin Eval from Tpmonkey#2682; code: self.bot.get_guild(773426467492069386)
2021-10-10 12:52:30,627 | bot | INFO | Cog loaded: Music
2021-10-10 12:52:36,812 | bot | INFO | Cog loaded: Music
2021-10-10 12:52:45,899 | exts.music | DEBUG | VoiceState created for 728482381215826000
2021-10-10 12:52:45,900 | exts.music | INFO | Audio Player Launched for 728482381215826000
2021-10-10 12:52:47,808 | exts.music | DEBUG | 728482381215826000: Searching gurenge
2021-10-10 12:52:49,440 | exts.music | DEBUG | Enqueued
2021-10-10 12:52:57,538 | exts.music | DEBUG | 728482381215826000: Searching gurenge
2021-10-10 12:52:59,368 | exts.music | DEBUG | Enqueued
2021-10-10 12:54:41,493 | exts.music | DEBUG | 728482381215826000: Searching imagination
2021-10-10 12:54:41,809 | exts.errorhand | TRACE | Command: p imagination; Already handled locally.
2021-10-10 12:54:48,544 | exts.music | DEBUG | 728482381215826000: Searching imagination lyrics
2021-10-10 12:54:49,946 | exts.music | DEBUG | Enqueued
2021-10-10 12:55:43,061 | bot | INFO | Cog loaded: Music
2021-10-10 12:55:46,441 | exts.music | DEBUG | VoiceState created for 728482381215826000
2021-10-10 12:55:46,442 | exts.music | INFO | Audio Player Launched for 728482381215826000
2021-10-10 12:55:48,505 | exts.music | DEBUG | 728482381215826000: Searching imagination
2021-10-10 12:55:48,750 | exts.errorhand | TRACE | Command: p imagination; Already handled locally.
2021-10-10 12:58:07,364 | bot | INFO | Cog loaded: Music
2021-10-10 12:58:09,883 | exts.music | DEBUG | VoiceState created for 728482381215826000
2021-10-10 12:58:09,884 | exts.music | INFO | Audio Player Launched for 728482381215826000
2021-10-10 12:58:11,829 | exts.music | DEBUG | 728482381215826000: Searching imagination
2021-10-10 12:58:12,184 | exts.music | DEBUG | Enqueued
2021-10-10 12:58:39,787 | exts.admin | DEBUG | Admin Eval from Tpmonkey#2682; code: import youtubedl
2021-10-10 12:59:04,590 | exts.admin | DEBUG | Admin Eval from Tpmonkey#2682; code: import youtube_dl
2021-10-10 12:59:11,451 | exts.admin | DEBUG | Admin Eval from Tpmonkey#2682; code: dir(self.mod)
2021-10-10 13:01:07,895 | bot | INFO | Cog loaded: Music
2021-10-10 13:01:12,111 | exts.music | DEBUG | VoiceState created for 728482381215826000
2021-10-10 13:01:12,112 | exts.music | INFO | Audio Player Launched for 728482381215826000
2021-10-10 13:01:14,083 | exts.music | DEBUG | 728482381215826000: Searching imagination
2021-10-10 13:01:14,350 | exts.errorhand | TRACE | Command: p imagination; Already handled locally.
2021-10-10 13:01:46,769 | asyncio | DEBUG | Using selector: EpollSelector
2021-10-10 13:01:46,769 | bot | DEBUG | created bot base.
2021-10-10 13:01:46,791 | constant | DEBUG | init database succesful
2021-10-10 13:01:46,824 | utils.planner | DEBUG | triggered update
2021-10-10 13:01:46,831 | bot | DEBUG | bot subclass Created.
2021-10-10 13:01:46,833 | bot | INFO | Cog loaded: DayLoop
2021-10-10 13:01:46,834 | bot | INFO | Cog loaded: ErrorHandler
2021-10-10 13:01:46,837 | bot | INFO | Cog loaded: Snekbox
2021-10-10 13:01:46,838 | bot | INFO | Cog loaded: Updater
2021-10-10 13:01:46,840 | bot | INFO | Cog loaded: Help
2021-10-10 13:01:46,841 | bot | INFO | Cog loaded: Debug
2021-10-10 13:01:46,843 | bot | INFO | Cog loaded: Assignments
2021-10-10 13:01:47,237 | bot | INFO | Cog loaded: Music
2021-10-10 13:01:47,238 | bot | INFO | Cog loaded: NewPatch
2021-10-10 13:01:47,300 | bot | INFO | Cog loaded: KUSNews
2021-10-10 13:01:47,301 | bot | INFO | Cog loaded: Latency
2021-10-10 13:01:47,303 | bot | INFO | Cog loaded: AdminCommands
2021-10-10 13:01:47,304 | bot | INFO | Cog loaded: SetUp
2021-10-10 13:01:47,306 | bot | INFO | Cog loaded: Utility
2021-10-10 13:01:47,307 | bot | INFO | Cog loaded: VoiceChannel
2021-10-10 13:01:47,361 | exts.kus | DEBUG | loaded data
2021-10-10 13:01:48,076 | bot | DEBUG | exts.kus Unable to fetch kus data, disabled system.
2021-10-10 13:01:49,903 | utils.planner | DEBUG | returning sorted date for 562976873685057546
2021-10-10 13:01:49,977 | bot | INFO | Connected successfully
2021-10-10 13:01:50,076 | bot | DEBUG | changed bot status
2021-10-10 13:01:50,080 | bot | DEBUG | creating assignment embed...
2021-10-10 13:01:50,080 | bot | DEBUG | successfully created assignment embed
2021-10-10 13:01:50,323 | exts.kus | DEBUG | trying to update news but is not enable, passing...
2021-10-10 13:01:51,174 | bot | DEBUG | exts.update :white_check_mark: Sucessfully update works at 562976873685057546 :
33E
2021-10-10 13:01:51,449 | exts.update | DEBUG | updated active-works for 562976873685057546
2021-10-10 13:01:51,449 | utils.planner | DEBUG | returning sorted date for 728482381215826000
2021-10-10 13:01:51,569 | utils.planner | DEBUG | returning sorted date for 676256965650808873
2021-10-10 13:01:51,656 | utils.planner | DEBUG | returning sorted date for 829749071891005512
2021-10-10 13:01:51,746 | utils.planner | DEBUG | returning sorted date for 773426467492069386
2021-10-10 13:02:09,724 | bot | INFO | Cog loaded: Music
2021-10-10 13:02:26,844 | exts.music | DEBUG | VoiceState created for 728482381215826000
2021-10-10 13:02:26,845 | exts.music | INFO | Audio Player Launched for 728482381215826000
2021-10-10 13:02:29,498 | exts.music | DEBUG | 728482381215826000: Searching imagination
2021-10-10 13:02:31,607 | exts.music | DEBUG | Enqueued
2021-10-10 13:03:47,030 | bot | INFO | Cog loaded: Music
2021-10-10 13:03:53,148 | exts.music | DEBUG | VoiceState created for 728482381215826000
2021-10-10 13:03:53,149 | exts.music | INFO | Audio Player Launched for 728482381215826000
2021-10-10 13:03:55,050 | exts.music | DEBUG | 728482381215826000: Searching imagination
2021-10-10 13:03:56,453 | exts.music | DEBUG | Enqueued
2021-10-10 13:04:35,301 | bot | INFO | Cog loaded: Music
2021-10-10 13:04:38,516 | exts.music | DEBUG | VoiceState created for 728482381215826000
2021-10-10 13:04:38,517 | exts.music | INFO | Audio Player Launched for 728482381215826000
2021-10-10 13:04:40,443 | exts.music | DEBUG | 728482381215826000: Searching imagination
2021-10-10 13:04:42,373 | exts.music | DEBUG | Enqueued
2021-10-11 00:37:09,759 | asyncio | DEBUG | Using selector: EpollSelector
2021-10-11 00:37:09,759 | bot | DEBUG | created bot base.
2021-10-11 00:37:09,772 | constant | DEBUG | init database succesful
2021-10-11 00:37:09,835 | utils.planner | DEBUG | triggered update
2021-10-11 00:37:09,840 | bot | DEBUG | bot subclass Created.
2021-10-11 00:37:09,842 | bot | INFO | Cog loaded: SetUp
2021-10-11 00:37:09,844 | bot | INFO | Cog loaded: Utility
2021-10-11 00:37:09,845 | bot | INFO | Cog loaded: Debug
2021-10-11 00:37:09,846 | bot | INFO | Cog loaded: ErrorHandler
2021-10-11 00:37:09,847 | bot | INFO | Cog loaded: Latency
2021-10-11 00:37:10,228 | bot | INFO | Cog loaded: Music
2021-10-11 00:37:10,230 | bot | INFO | Cog loaded: Assignments
2021-10-11 00:37:10,231 | bot | INFO | Cog loaded: NewPatch
2021-10-11 00:37:10,287 | bot | INFO | Cog loaded: KUSNews
2021-10-11 00:37:10,290 | bot | INFO | Cog loaded: Help
2021-10-11 00:37:10,292 | bot | INFO | Cog loaded: Snekbox
2021-10-11 00:37:10,293 | bot | INFO | Cog loaded: DayLoop
2021-10-11 00:37:10,294 | bot | INFO | Cog loaded: VoiceChannel
2021-10-11 00:37:10,295 | bot | INFO | Cog loaded: Updater
2021-10-11 00:37:10,296 | bot | INFO | Cog loaded: AdminCommands
2021-10-11 00:37:10,309 | exts.kus | DEBUG | loaded data
2021-10-11 00:37:11,291 | bot | DEBUG | exts.kus Unable to fetch kus data, disabled system.
2021-10-11 00:37:12,898 | utils.planner | DEBUG | returning sorted date for 562976873685057546
2021-10-11 00:37:12,905 | bot | INFO | Connected successfully
2021-10-11 00:37:12,949 | bot | DEBUG | changed bot status
2021-10-11 00:37:12,981 | bot | DEBUG | creating assignment embed...
2021-10-11 00:37:12,982 | bot | DEBUG | successfully created assignment embed
2021-10-11 00:37:13,096 | exts.kus | DEBUG | trying to update news but is not enable, passing...
2021-10-11 00:37:14,096 | bot | DEBUG | creating assignment embed...
2021-10-11 00:37:14,096 | bot | DEBUG | successfully created assignment embed
2021-10-11 00:37:15,223 | bot | DEBUG | exts.update :white_check_mark: Sucessfully update works at 562976873685057546 :
33EE
2021-10-11 00:37:15,357 | exts.update | DEBUG | updated active-works for 562976873685057546
2021-10-11 00:37:15,358 | utils.planner | DEBUG | returning sorted date for 728482381215826000
2021-10-11 00:37:15,468 | utils.planner | DEBUG | returning sorted date for 676256965650808873
2021-10-11 00:37:15,542 | utils.planner | DEBUG | returning sorted date for 829749071891005512
2021-10-11 00:37:15,649 | utils.planner | DEBUG | returning sorted date for 773426467492069386
2021-10-11 00:37:15,751 | bot | DEBUG | creating assignment embed...
2021-10-11 00:37:15,752 | bot | DEBUG | successfully created assignment embed
2021-10-11 00:37:16,854 | bot | DEBUG | exts.update :white_check_mark: Sucessfully update works at 773426467492069386 :
11E
2021-10-11 00:37:17,072 | exts.update | DEBUG | updated active-works for 773426467492069386
2021-10-11 01:12:59,394 | bot | INFO | Resumed Connection
2021-10-11 01:12:59,474 | bot | DEBUG | changed bot status
2021-10-11 01:49:12,622 | bot | INFO | Resumed Connection
2021-10-11 01:49:13,014 | bot | DEBUG | changed bot status
2021-10-11 02:57:04,837 | exts.music | DEBUG | VoiceState created for 773426467492069386
2021-10-11 02:57:04,838 | exts.music | INFO | Audio Player Launched for 773426467492069386
2021-10-11 02:57:07,512 | exts.music | DEBUG | 773426467492069386: Searching https://youtu.be/c_c5FPFdSow
2021-10-11 02:57:09,627 | exts.music | DEBUG | Enqueued
2021-10-11 04:37:11,241 | exts.kus | DEBUG | trying to update news but is not enable, passing...
2021-10-11 05:24:44,743 | bot | INFO | Resumed Connection
2021-10-11 05:24:44,830 | bot | DEBUG | changed bot status
2021-10-11 05:46:53,167 | bot | INFO | Resumed Connection
2021-10-11 05:46:53,295 | bot | DEBUG | changed bot status
2021-10-11 08:37:11,693 | bot | DEBUG | exts.kus successfully fecthed kus data, enabled system.
2021-10-11 08:38:04,813 | exts.music | DEBUG | VoiceState created for 773426467492069386
2021-10-11 08:38:04,814 | exts.music | INFO | Audio Player Launched for 773426467492069386
2021-10-11 08:38:07,411 | exts.music | DEBUG | 773426467492069386: Searching อกหัก
2021-10-11 08:38:10,080 | exts.music | DEBUG | Enqueued
2021-10-11 08:43:27,529 | bot | INFO | Resumed Connection
2021-10-11 08:43:27,928 | bot | DEBUG | changed bot status
2021-10-11 08:45:41,441 | exts.music | DEBUG | 773426467492069386: Searching im loser girl
2021-10-11 08:45:42,996 | exts.music | DEBUG | Enqueued
2021-10-11 08:46:05,436 | exts.music | DEBUG | 773426467492069386: Searching https://www.youtube.com/watch?v=6rg4cYlAKOc&ab_channel=%E3%83%84%E3%83%A6
2021-10-11 08:46:06,820 | exts.music | DEBUG | Enqueued
2021-10-11 08:46:57,363 | exts.music | DEBUG | 773426467492069386: Searching detective conan theme
2021-10-11 08:46:58,851 | exts.music | DEBUG | Enqueued
2021-10-11 10:55:59,037 | exts.music | DEBUG | VoiceState created for 829749071891005512
2021-10-11 10:55:59,038 | exts.music | INFO | Audio Player Launched for 829749071891005512
2021-10-11 10:56:00,966 | exts.music | DEBUG | 829749071891005512: Searching https://open.spotify.com/playlist/2T8AQhweLCMNFleLsP7KiP?si=bCNaUrBDRSCzIEI_tvYkYg&dl_branch=1
2021-10-11 10:56:01,061 | spotipy.oauth2 | DEBUG | sending POST request to https://accounts.spotify.com/api/token with Headers: {'Authorization': 'Basic MjA0MjQ3ODljNDBhNDM2Mzk1NTQ2Nzg1ZDc5ZGRmNTk6NzE0ZTE0NjE2MzZmNGRjMWI4ODE1MDI4MjljM2Q4YTQ='} and Body: {'grant_type': 'client_credentials'}
2021-10-11 10:56:01,400 | exts.music | DEBUG | Enqueued
2021-10-11 11:43:37,074 | bot | INFO | Resumed Connection
2021-10-11 11:43:37,209 | bot | DEBUG | changed bot status
2021-10-11 12:37:11,262 | bot | DEBUG | exts.kus Unable to fetch kus data, disabled system.
2021-10-11 12:37:11,432 | exts.kus | DEBUG | trying to update news but is not enable, passing...
2021-10-11 13:53:18,444 | exts.music | DEBUG | 773426467492069386: Searching https://www.youtube.com/watch?v=5Per60XwWoU
2021-10-11 13:53:19,984 | exts.music | DEBUG | Enqueued
2021-10-11 13:57:58,846 | exts.music | DEBUG | 773426467492069386: Searching https://www.youtube.com/watch?v=lld6PO35QFU
2021-10-11 13:58:00,474 | exts.music | DEBUG | Enqueued
2021-10-11 13:58:52,368 | exts.music | DEBUG | 773426467492069386: Searching https://open.spotify.com/track/2zjcMpfEkRy17HH7lDEFCH?si=en9fbnJKQZyxmLXGjraAaQ&utm_source=copy-link&dl_branch=1
2021-10-11 13:58:52,654 | exts.music | DEBUG | Enqueued
2021-10-11 13:59:51,940 | exts.music | DEBUG | 773426467492069386: Searching https://youtu.be/pCC6qbAnX00
2021-10-11 13:59:53,549 | exts.music | DEBUG | Enqueued
2021-10-11 14:02:24,156 | exts.music | DEBUG | VoiceState created for 728482381215826000
2021-10-11 14:02:24,158 | exts.music | INFO | Audio Player Launched for 728482381215826000
2021-10-11 14:03:33,377 | bot | INFO | Resumed Connection
2021-10-11 14:03:33,709 | bot | DEBUG | changed bot status
2021-10-11 14:38:18,765 | exts.music | DEBUG | VoiceState created for 780423376149676032
2021-10-11 14:38:18,767 | exts.music | INFO | Audio Player Launched for 780423376149676032
2021-10-11 14:38:20,693 | exts.music | DEBUG | 780423376149676032: Searching https://youtu.be/1DcgczDzQPk
2021-10-11 14:38:22,488 | exts.music | DEBUG | Enqueued
2021-10-11 14:47:00,676 | exts.music | DEBUG | 780423376149676032: Searching https://youtube.com/playlist?list=RDnsXwi67WgOo&playnext=1
2021-10-11 14:47:00,795 | googleapiclient.discovery_cache | INFO | file_cache is only supported with oauth2client<4.0.0
2021-10-11 14:47:00,811 | googleapiclient.discovery | DEBUG | URL being requested: GET https://youtube.googleapis.com/youtube/v3/playlistItems?part=snippet&playlistId=RDnsXwi67WgOo&maxResults=25&key=AIzaSyAdxWpkjawZwkOoLZNdBKnaUQ1o3Wov2cg&alt=json
2021-10-11 14:47:01,877 | googleapiclient.discovery | DEBUG | Next page request URL: list_next https://youtube.googleapis.com/youtube/v3/playlistItems?part=snippet&playlistId=RDnsXwi67WgOo&maxResults=25&key=AIzaSyAdxWpkjawZwkOoLZNdBKnaUQ1o3Wov2cg&alt=json&pageToken=EAAaFVBUOkVndG1hWHBUVkhRelMxRmxOQQ
2021-10-11 14:47:02,108 | googleapiclient.discovery | DEBUG | Next page request URL: list_next https://youtube.googleapis.com/youtube/v3/playlistItems?part=snippet&playlistId=RDnsXwi67WgOo&maxResults=25&key=AIzaSyAdxWpkjawZwkOoLZNdBKnaUQ1o3Wov2cg&alt=json&pageToken=EAAaFVBUOkVndFFWV1I1ZFV0aFIxRmtOQQ
2021-10-11 14:47:02,392 | googleapiclient.discovery | DEBUG | Next page request URL: list_next https://youtube.googleapis.com/youtube/v3/playlistItems?part=snippet&playlistId=RDnsXwi67WgOo&maxResults=25&key=AIzaSyAdxWpkjawZwkOoLZNdBKnaUQ1o3Wov2cg&alt=json&pageToken=EAAaFVBUOkVndDZUbTFWUmpsWGVWaGhUUQ
2021-10-11 14:47:02,631 | googleapiclient.discovery | DEBUG | Next page request URL: list_next https://youtube.googleapis.com/youtube/v3/playlistItems?part=snippet&playlistId=RDnsXwi67WgOo&maxResults=25&key=AIzaSyAdxWpkjawZwkOoLZNdBKnaUQ1o3Wov2cg&alt=json&pageToken=EAAaFVBUOkVndHdZblkxYUhKcVZVVnZidw
2021-10-11 14:47:02,917 | googleapiclient.discovery | DEBUG | Next page request URL: list_next https://youtube.googleapis.com/youtube/v3/playlistItems?part=snippet&playlistId=RDnsXwi67WgOo&maxResults=25&key=AIzaSyAdxWpkjawZwkOoLZNdBKnaUQ1o3Wov2cg&alt=json&pageToken=EAAaFVBUOkVndG1hWHBUVkhRelMxRmxOQQ
2021-10-11 14:47:03,200 | googleapiclient.discovery | DEBUG | Next page request URL: list_next https://youtube.googleapis.com/youtube/v3/playlistItems?part=snippet&playlistId=RDnsXwi67WgOo&maxResults=25&key=AIzaSyAdxWpkjawZwkOoLZNdBKnaUQ1o3Wov2cg&alt=json&pageToken=EAAaFVBUOkVndFFWV1I1ZFV0aFIxRmtOQQ
2021-10-11 14:47:03,505 | googleapiclient.discovery | DEBUG | Next page request URL: list_next https://youtube.googleapis.com/youtube/v3/playlistItems?part=snippet&playlistId=RDnsXwi67WgOo&maxResults=25&key=AIzaSyAdxWpkjawZwkOoLZNdBKnaUQ1o3Wov2cg&alt=json&pageToken=EAAaFVBUOkVndDZUbTFWUmpsWGVWaGhUUQ
2021-10-11 14:47:03,832 | googleapiclient.discovery | DEBUG | Next page request URL: list_next https://youtube.googleapis.com/youtube/v3/playlistItems?part=snippet&playlistId=RDnsXwi67WgOo&maxResults=25&key=AIzaSyAdxWpkjawZwkOoLZNdBKnaUQ1o3Wov2cg&alt=json&pageToken=EAAaFVBUOkVndHdZblkxYUhKcVZVVnZidw
2021-10-11 14:47:04,024 | exts.music | DEBUG | Enqueued
2021-10-11 14:50:27,392 | exts.music | DEBUG | 780423376149676032: Searching https://youtu.be/gNi_6U5Pm_o
2021-10-11 14:50:29,080 | exts.music | DEBUG | Enqueued
2021-10-11 14:51:59,440 | exts.music | DEBUG | 780423376149676032: Searching https://youtube.com/playlist?list=RDpH6ij20X4_U&playnext=1
2021-10-11 14:51:59,544 | googleapiclient.discovery_cache | INFO | file_cache is only supported with oauth2client<4.0.0
2021-10-11 14:51:59,551 | googleapiclient.discovery | DEBUG | URL being requested: GET https://youtube.googleapis.com/youtube/v3/playlistItems?part=snippet&playlistId=RDpH6ij20X4_U&maxResults=25&key=AIzaSyAdxWpkjawZwkOoLZNdBKnaUQ1o3Wov2cg&alt=json
2021-10-11 14:52:00,092 | googleapiclient.discovery | DEBUG | Next page request URL: list_next https://youtube.googleapis.com/youtube/v3/playlistItems?part=snippet&playlistId=RDpH6ij20X4_U&maxResults=25&key=AIzaSyAdxWpkjawZwkOoLZNdBKnaUQ1o3Wov2cg&alt=json&pageToken=EAAaFVBUOkVndGFNMnh1VUhsU2RuSlNSUQ
2021-10-11 14:52:00,355 | googleapiclient.discovery | DEBUG | Next page request URL: list_next https://youtube.googleapis.com/youtube/v3/playlistItems?part=snippet&playlistId=RDpH6ij20X4_U&maxResults=25&key=AIzaSyAdxWpkjawZwkOoLZNdBKnaUQ1o3Wov2cg&alt=json&pageToken=EAAaFVBUOkVndHlRV2wwYzJ4R1RYTm9idw
2021-10-11 14:52:00,641 | googleapiclient.discovery | DEBUG | Next page request URL: list_next https://youtube.googleapis.com/youtube/v3/playlistItems?part=snippet&playlistId=RDpH6ij20X4_U&maxResults=25&key=AIzaSyAdxWpkjawZwkOoLZNdBKnaUQ1o3Wov2cg&alt=json&pageToken=EAAaFVBUOkVndGFNMnh1VUhsU2RuSlNSUQ
2021-10-11 14:52:00,888 | googleapiclient.discovery | DEBUG | Next page request URL: list_next https://youtube.googleapis.com/youtube/v3/playlistItems?part=snippet&playlistId=RDpH6ij20X4_U&maxResults=25&key=AIzaSyAdxWpkjawZwkOoLZNdBKnaUQ1o3Wov2cg&alt=json&pageToken=EAAaFVBUOkVndHlRV2wwYzJ4R1RYTm9idw
2021-10-11 14:52:01,114 | googleapiclient.discovery | DEBUG | Next page request URL: list_next https://youtube.googleapis.com/youtube/v3/playlistItems?part=snippet&playlistId=RDpH6ij20X4_U&maxResults=25&key=AIzaSyAdxWpkjawZwkOoLZNdBKnaUQ1o3Wov2cg&alt=json&pageToken=EAAaFVBUOkVndGFNMnh1VUhsU2RuSlNSUQ
2021-10-11 14:52:01,375 | googleapiclient.discovery | DEBUG | Next page request URL: list_next https://youtube.googleapis.com/youtube/v3/playlistItems?part=snippet&playlistId=RDpH6ij20X4_U&maxResults=25&key=AIzaSyAdxWpkjawZwkOoLZNdBKnaUQ1o3Wov2cg&alt=json&pageToken=EAAaFVBUOkVndHlRV2wwYzJ4R1RYTm9idw
2021-10-11 14:52:01,580 | googleapiclient.discovery | DEBUG | Next page request URL: list_next https://youtube.googleapis.com/youtube/v3/playlistItems?part=snippet&playlistId=RDpH6ij20X4_U&maxResults=25&key=AIzaSyAdxWpkjawZwkOoLZNdBKnaUQ1o3Wov2cg&alt=json&pageToken=EAAaFVBUOkVndGFNMnh1VUhsU2RuSlNSUQ
2021-10-11 14:52:01,833 | googleapiclient.discovery | DEBUG | Next page request URL: list_next https://youtube.googleapis.com/youtube/v3/playlistItems?part=snippet&playlistId=RDpH6ij20X4_U&maxResults=25&key=AIzaSyAdxWpkjawZwkOoLZNdBKnaUQ1o3Wov2cg&alt=json&pageToken=EAAaFVBUOkVndHlRV2wwYzJ4R1RYTm9idw
2021-10-11 14:52:01,991 | exts.music | DEBUG | Enqueued
2021-10-11 14:53:07,675 | bot | INFO | Cog loaded: Music
2021-10-11 14:53:07,694 | discord.player | ERROR | Calling the after function failed.
Traceback (most recent call last):
  File "/opt/virtualenvs/python3/lib/python3.8/site-packages/discord/player.py", line 616, in _call_after
    self.after(error)
  File "/home/runner/TpLearn/exts/music.py", line 250, in play_next_song
    # For keeping track of all voice states
exts.music.VoiceError: [Errno 9] Bad file descriptor
2021-10-11 14:53:16,717 | exts.music | DEBUG | VoiceState created for 728482381215826000
2021-10-11 14:53:16,718 | exts.music | INFO | Audio Player Launched for 728482381215826000
2021-10-11 14:53:18,692 | exts.music | DEBUG | 728482381215826000: Searching gurenge
2021-10-11 14:53:20,080 | exts.music | DEBUG | Enqueued
2021-10-11 14:55:26,031 | bot | INFO | Cog loaded: Music
2021-10-11 14:55:32,455 | exts.music | DEBUG | VoiceState created for 728482381215826000
2021-10-11 14:55:32,456 | exts.music | INFO | Audio Player Launched for 728482381215826000
2021-10-11 14:55:34,409 | exts.music | DEBUG | 728482381215826000: Searching gurenge
2021-10-11 14:55:35,962 | exts.music | DEBUG | Enqueued
2021-10-11 14:56:06,148 | bot | INFO | Cog loaded: Music
2021-10-11 14:56:09,861 | exts.music | DEBUG | VoiceState created for 728482381215826000
2021-10-11 14:56:09,862 | exts.music | INFO | Audio Player Launched for 728482381215826000
2021-10-11 14:56:09,909 | exts.music | INFO | 728482381215826000: User joined back, Stopping deletion
2021-10-11 14:56:11,780 | exts.music | DEBUG | 728482381215826000: Searching gurenge
2021-10-11 14:56:13,818 | exts.music | DEBUG | Enqueued
2021-10-11 14:56:31,065 | exts.music | INFO | 728482381215826000: All user left, Waiting for deletion
2021-10-11 14:57:31,357 | exts.music | DEBUG | VoiceState created for 780423376149676032
2021-10-11 14:57:31,358 | exts.music | INFO | Audio Player Launched for 780423376149676032
2021-10-11 14:57:31,402 | exts.music | INFO | 780423376149676032: User joined back, Stopping deletion
2021-10-11 14:57:33,283 | exts.music | DEBUG | 780423376149676032: Searching https://youtube.com/playlist?list=RDgNi_6U5Pm_o&playnext=1
2021-10-11 14:57:33,378 | googleapiclient.discovery_cache | INFO | file_cache is only supported with oauth2client<4.0.0
2021-10-11 14:57:33,388 | googleapiclient.discovery | DEBUG | URL being requested: GET https://youtube.googleapis.com/youtube/v3/playlistItems?part=snippet&playlistId=RDgNi_6U5Pm_o&maxResults=25&key=AIzaSyAdxWpkjawZwkOoLZNdBKnaUQ1o3Wov2cg&alt=json
2021-10-11 14:57:33,556 | exts.errorhand | TRACE | Command: p https://youtube.com/playlist?list=RDgNi_6U5Pm_o&playnext=1; Already handled locally.
2021-10-11 14:59:45,358 | exts.music | DEBUG | 780423376149676032: Searching https://youtube.com/playlist?list=RDpH6ij20X4_U&playnext=1
2021-10-11 14:59:45,498 | googleapiclient.discovery_cache | INFO | file_cache is only supported with oauth2client<4.0.0
2021-10-11 14:59:45,504 | googleapiclient.discovery | DEBUG | URL being requested: GET https://youtube.googleapis.com/youtube/v3/playlistItems?part=snippet&playlistId=RDpH6ij20X4_U&maxResults=25&key=AIzaSyAdxWpkjawZwkOoLZNdBKnaUQ1o3Wov2cg&alt=json
2021-10-11 14:59:46,009 | googleapiclient.discovery | DEBUG | Next page request URL: list_next https://youtube.googleapis.com/youtube/v3/playlistItems?part=snippet&playlistId=RDpH6ij20X4_U&maxResults=25&key=AIzaSyAdxWpkjawZwkOoLZNdBKnaUQ1o3Wov2cg&alt=json&pageToken=EAAaFVBUOkVndGFNMnh1VUhsU2RuSlNSUQ
2021-10-11 14:59:46,245 | googleapiclient.discovery | DEBUG | Next page request URL: list_next https://youtube.googleapis.com/youtube/v3/playlistItems?part=snippet&playlistId=RDpH6ij20X4_U&maxResults=25&key=AIzaSyAdxWpkjawZwkOoLZNdBKnaUQ1o3Wov2cg&alt=json&pageToken=EAAaFVBUOkVndHlRV2wwYzJ4R1RYTm9idw
2021-10-11 14:59:46,455 | googleapiclient.discovery | DEBUG | Next page request URL: list_next https://youtube.googleapis.com/youtube/v3/playlistItems?part=snippet&playlistId=RDpH6ij20X4_U&maxResults=25&key=AIzaSyAdxWpkjawZwkOoLZNdBKnaUQ1o3Wov2cg&alt=json&pageToken=EAAaFVBUOkVndGFNMnh1VUhsU2RuSlNSUQ
2021-10-11 14:59:46,780 | googleapiclient.discovery | DEBUG | Next page request URL: list_next https://youtube.googleapis.com/youtube/v3/playlistItems?part=snippet&playlistId=RDpH6ij20X4_U&maxResults=25&key=AIzaSyAdxWpkjawZwkOoLZNdBKnaUQ1o3Wov2cg&alt=json&pageToken=EAAaFVBUOkVndHlRV2wwYzJ4R1RYTm9idw
2021-10-11 14:59:47,014 | googleapiclient.discovery | DEBUG | Next page request URL: list_next https://youtube.googleapis.com/youtube/v3/playlistItems?part=snippet&playlistId=RDpH6ij20X4_U&maxResults=25&key=AIzaSyAdxWpkjawZwkOoLZNdBKnaUQ1o3Wov2cg&alt=json&pageToken=EAAaFVBUOkVndGFNMnh1VUhsU2RuSlNSUQ
2021-10-11 14:59:47,289 | googleapiclient.discovery | DEBUG | Next page request URL: list_next https://youtube.googleapis.com/youtube/v3/playlistItems?part=snippet&playlistId=RDpH6ij20X4_U&maxResults=25&key=AIzaSyAdxWpkjawZwkOoLZNdBKnaUQ1o3Wov2cg&alt=json&pageToken=EAAaFVBUOkVndHlRV2wwYzJ4R1RYTm9idw
2021-10-11 14:59:47,490 | googleapiclient.discovery | DEBUG | Next page request URL: list_next https://youtube.googleapis.com/youtube/v3/playlistItems?part=snippet&playlistId=RDpH6ij20X4_U&maxResults=25&key=AIzaSyAdxWpkjawZwkOoLZNdBKnaUQ1o3Wov2cg&alt=json&pageToken=EAAaFVBUOkVndGFNMnh1VUhsU2RuSlNSUQ
2021-10-11 14:59:47,703 | googleapiclient.discovery | DEBUG | Next page request URL: list_next https://youtube.googleapis.com/youtube/v3/playlistItems?part=snippet&playlistId=RDpH6ij20X4_U&maxResults=25&key=AIzaSyAdxWpkjawZwkOoLZNdBKnaUQ1o3Wov2cg&alt=json&pageToken=EAAaFVBUOkVndHlRV2wwYzJ4R1RYTm9idw
2021-10-11 14:59:47,892 | exts.music | DEBUG | Enqueued
2021-10-11 15:02:06,154 | exts.music | INFO | 728482381215826000: Timeout, Nobody left in vc... Disconnected
2021-10-11 15:13:33,614 | exts.admin | DEBUG | Admin Eval from Tpmonkey#2682; code: " <@&786022310615449621> "
2021-10-11 15:16:08,588 | asyncio | ERROR | Task was destroyed but it is pending!
task: <Task pending name='Task-30896' coro=<VoiceState.audio_player_task() running at /home/runner/TpLearn/exts/music.py:245> wait_for=<Future cancelled>>
2021-10-11 15:25:55,186 | exts.music | DEBUG | VoiceState created for 728482381215826000
2021-10-11 15:25:55,187 | exts.music | INFO | Audio Player Launched for 728482381215826000
2021-10-11 15:25:55,236 | exts.music | INFO | 728482381215826000: User joined back, Stopping deletion
2021-10-11 15:25:57,137 | exts.music | DEBUG | 728482381215826000: Searching rewrite
2021-10-11 15:25:58,523 | exts.music | DEBUG | Enqueued
2021-10-11 15:26:54,760 | exts.music | DEBUG | 728482381215826000: Searching https://www.youtube.com/watch?v=ZmeudwRMrsU&list=RDMMS_zFkNmxhNs&start_radio=1
2021-10-11 15:26:54,845 | googleapiclient.discovery_cache | INFO | file_cache is only supported with oauth2client<4.0.0
2021-10-11 15:26:54,853 | googleapiclient.discovery | DEBUG | URL being requested: GET https://youtube.googleapis.com/youtube/v3/playlistItems?part=snippet&playlistId=RDMMS_zFkNmxhNs&maxResults=25&key=AIzaSyAdxWpkjawZwkOoLZNdBKnaUQ1o3Wov2cg&alt=json
2021-10-11 15:26:55,284 | googleapiclient.discovery | DEBUG | Next page request URL: list_next https://youtube.googleapis.com/youtube/v3/playlistItems?part=snippet&playlistId=RDMMS_zFkNmxhNs&maxResults=25&key=AIzaSyAdxWpkjawZwkOoLZNdBKnaUQ1o3Wov2cg&alt=json&pageToken=EAAaFVBUOkVndENWRmxWWTBWdWQyTkhjdw
2021-10-11 15:26:55,370 | exts.music | DEBUG | Enqueued
2021-10-11 15:31:16,824 | exts.music | DEBUG | 728482381215826000: Searching rewrite
2021-10-11 15:31:18,211 | exts.music | DEBUG | Enqueued
2021-10-11 15:38:07,470 | exts.music | DEBUG | 728482381215826000: Searching inferno fire force
2021-10-11 15:38:08,822 | exts.music | DEBUG | Enqueued
2021-10-11 15:38:13,874 | exts.music | DEBUG | 728482381215826000: Searching kiakai kitan op
2021-10-11 15:38:15,393 | exts.music | DEBUG | Enqueued
2021-10-11 15:39:27,370 | exts.music | DEBUG | 728482381215826000: Searching https://www.youtube.com/watch?v=HfyjItuW_AA
2021-10-11 15:39:28,615 | exts.music | DEBUG | Enqueued
2021-10-11 15:40:19,524 | utils.planner | DEBUG | getting embed return nothing for 728482381215826000
2021-10-11 15:40:53,919 | exts.music | DEBUG | 728482381215826000: Searching zenzenzense
2021-10-11 15:40:55,698 | exts.music | DEBUG | Enqueued
2021-10-11 15:43:12,032 | exts.music | DEBUG | 728482381215826000: Searching naruto op 16
2021-10-11 15:43:13,778 | exts.music | DEBUG | Enqueued
2021-10-11 15:48:31,074 | exts.music | DEBUG | 728482381215826000: Searching https://www.youtube.com/playlist?list=PLsQ-ipbXoFYm88bmZy4eyhuIZoTtU_I_Z
2021-10-11 15:48:31,169 | googleapiclient.discovery_cache | INFO | file_cache is only supported with oauth2client<4.0.0
2021-10-11 15:48:31,178 | googleapiclient.discovery | DEBUG | URL being requested: GET https://youtube.googleapis.com/youtube/v3/playlistItems?part=snippet&playlistId=PLsQ-ipbXoFYm88bmZy4eyhuIZoTtU_I_Z&maxResults=25&key=AIzaSyAdxWpkjawZwkOoLZNdBKnaUQ1o3Wov2cg&alt=json
2021-10-11 15:48:31,324 | googleapiclient.discovery | DEBUG | Next page request URL: list_next https://youtube.googleapis.com/youtube/v3/playlistItems?part=snippet&playlistId=PLsQ-ipbXoFYm88bmZy4eyhuIZoTtU_I_Z&maxResults=25&key=AIzaSyAdxWpkjawZwkOoLZNdBKnaUQ1o3Wov2cg&alt=json&pageToken=EAAaBlBUOkNCaw
2021-10-11 15:48:31,434 | googleapiclient.discovery | DEBUG | Next page request URL: list_next https://youtube.googleapis.com/youtube/v3/playlistItems?part=snippet&playlistId=PLsQ-ipbXoFYm88bmZy4eyhuIZoTtU_I_Z&maxResults=25&key=AIzaSyAdxWpkjawZwkOoLZNdBKnaUQ1o3Wov2cg&alt=json&pageToken=EAAaBlBUOkNESQ
2021-10-11 15:48:31,547 | googleapiclient.discovery | DEBUG | Next page request URL: list_next https://youtube.googleapis.com/youtube/v3/playlistItems?part=snippet&playlistId=PLsQ-ipbXoFYm88bmZy4eyhuIZoTtU_I_Z&maxResults=25&key=AIzaSyAdxWpkjawZwkOoLZNdBKnaUQ1o3Wov2cg&alt=json&pageToken=EAAaBlBUOkNFcw
2021-10-11 15:48:31,594 | googleapiclient.discovery | DEBUG | Next page request URL: list_next https://youtube.googleapis.com/youtube/v3/playlistItems?part=snippet&playlistId=PLsQ-ipbXoFYm88bmZy4eyhuIZoTtU_I_Z&maxResults=25&key=AIzaSyAdxWpkjawZwkOoLZNdBKnaUQ1o3Wov2cg&alt=json&pageToken=EAAaBlBUOkNHUQ
2021-10-11 15:48:31,635 | googleapiclient.discovery | DEBUG | Next page request URL: list_next https://youtube.googleapis.com/youtube/v3/playlistItems?part=snippet&playlistId=PLsQ-ipbXoFYm88bmZy4eyhuIZoTtU_I_Z&maxResults=25&key=AIzaSyAdxWpkjawZwkOoLZNdBKnaUQ1o3Wov2cg&alt=json&pageToken=EAAaBlBUOkNIMA
2021-10-11 15:48:31,680 | googleapiclient.discovery | DEBUG | Next page request URL: list_next https://youtube.googleapis.com/youtube/v3/playlistItems?part=snippet&playlistId=PLsQ-ipbXoFYm88bmZy4eyhuIZoTtU_I_Z&maxResults=25&key=AIzaSyAdxWpkjawZwkOoLZNdBKnaUQ1o3Wov2cg&alt=json&pageToken=EAAaB1BUOkNKWUI
2021-10-11 15:48:31,797 | exts.music | DEBUG | Enqueued
2021-10-11 15:50:09,818 | bot | INFO | Resumed Connection
2021-10-11 15:50:10,253 | bot | DEBUG | changed bot status
2021-10-11 15:51:11,877 | exts.music | WARNING | Traceback (most recent call last):
  File "/opt/virtualenvs/python3/lib/python3.8/site-packages/youtube_dl/YoutubeDL.py", line 815, in wrapper
    return func(self, *args, **kwargs)
  File "/opt/virtualenvs/python3/lib/python3.8/site-packages/youtube_dl/YoutubeDL.py", line 836, in __extract_info
    ie_result = ie.extract(url)
  File "/opt/virtualenvs/python3/lib/python3.8/site-packages/youtube_dl/extractor/common.py", line 534, in extract
    ie_result = self._real_extract(url)
  File "/opt/virtualenvs/python3/lib/python3.8/site-packages/youtube_dl/extractor/youtube.py", line 1715, in _real_extract
    self._sort_formats(formats)
  File "/opt/virtualenvs/python3/lib/python3.8/site-packages/youtube_dl/extractor/common.py", line 1374, in _sort_formats
    raise ExtractorError('No video formats found')
youtube_dl.utils.ExtractorError: No video formats found

During handling of the above exception, another exception occurred:

Traceback (most recent call last):
  File "/home/runner/TpLearn/exts/music.py", line 198, in audio_player_task
    source = await YTDLSource.create_source(self.current.ctx, self.current.url, loop=self.bot.loop)
  File "/home/runner/TpLearn/utils/audio.py", line 91, in create_source
    processed_info = await loop.run_in_executor(None, partial)
  File "/usr/lib/python3.8/concurrent/futures/thread.py", line 57, in run
    result = self.fn(*self.args, **self.kwargs)
  File "/opt/virtualenvs/python3/lib/python3.8/site-packages/youtube_dl/YoutubeDL.py", line 808, in extract_info
    return self.__extract_info(url, ie, download, extra_info, process)
  File "/opt/virtualenvs/python3/lib/python3.8/site-packages/youtube_dl/YoutubeDL.py", line 815, in wrapper
    return func(self, *args, **kwargs)
  File "/opt/virtualenvs/python3/lib/python3.8/site-packages/youtube_dl/YoutubeDL.py", line 847, in __extract_info
    return self.process_ie_result(ie_result, download, extra_info)
  File "/opt/virtualenvs/python3/lib/python3.8/site-packages/youtube_dl/YoutubeDL.py", line 885, in process_ie_result
    return self.extract_info(ie_result['url'],
  File "/opt/virtualenvs/python3/lib/python3.8/site-packages/youtube_dl/YoutubeDL.py", line 808, in extract_info
    return self.__extract_info(url, ie, download, extra_info, process)
  File "/opt/virtualenvs/python3/lib/python3.8/site-packages/youtube_dl/YoutubeDL.py", line 824, in wrapper
    self.report_error(compat_str(e), e.format_traceback())
  File "/opt/virtualenvs/python3/lib/python3.8/site-packages/youtube_dl/YoutubeDL.py", line 628, in report_error
    self.trouble(error_message, tb)
  File "/opt/virtualenvs/python3/lib/python3.8/site-packages/youtube_dl/YoutubeDL.py", line 598, in trouble
    raise DownloadError(message, exc_info)
youtube_dl.utils.DownloadError: [0;31mERROR:[0m No video formats found

2021-10-11 15:51:12,831 | exts.music | WARNING | Traceback (most recent call last):
  File "/opt/virtualenvs/python3/lib/python3.8/site-packages/youtube_dl/YoutubeDL.py", line 815, in wrapper
    return func(self, *args, **kwargs)
  File "/opt/virtualenvs/python3/lib/python3.8/site-packages/youtube_dl/YoutubeDL.py", line 836, in __extract_info
    ie_result = ie.extract(url)
  File "/opt/virtualenvs/python3/lib/python3.8/site-packages/youtube_dl/extractor/common.py", line 534, in extract
    ie_result = self._real_extract(url)
  File "/opt/virtualenvs/python3/lib/python3.8/site-packages/youtube_dl/extractor/youtube.py", line 1715, in _real_extract
    self._sort_formats(formats)
  File "/opt/virtualenvs/python3/lib/python3.8/site-packages/youtube_dl/extractor/common.py", line 1374, in _sort_formats
    raise ExtractorError('No video formats found')
youtube_dl.utils.ExtractorError: No video formats found

During handling of the above exception, another exception occurred:

Traceback (most recent call last):
  File "/home/runner/TpLearn/exts/music.py", line 198, in audio_player_task
    source = await YTDLSource.create_source(self.current.ctx, self.current.url, loop=self.bot.loop)
  File "/home/runner/TpLearn/utils/audio.py", line 91, in create_source
    processed_info = await loop.run_in_executor(None, partial)
  File "/usr/lib/python3.8/concurrent/futures/thread.py", line 57, in run
    result = self.fn(*self.args, **self.kwargs)
  File "/opt/virtualenvs/python3/lib/python3.8/site-packages/youtube_dl/YoutubeDL.py", line 808, in extract_info
    return self.__extract_info(url, ie, download, extra_info, process)
  File "/opt/virtualenvs/python3/lib/python3.8/site-packages/youtube_dl/YoutubeDL.py", line 815, in wrapper
    return func(self, *args, **kwargs)
  File "/opt/virtualenvs/python3/lib/python3.8/site-packages/youtube_dl/YoutubeDL.py", line 847, in __extract_info
    return self.process_ie_result(ie_result, download, extra_info)
  File "/opt/virtualenvs/python3/lib/python3.8/site-packages/youtube_dl/YoutubeDL.py", line 885, in process_ie_result
    return self.extract_info(ie_result['url'],
  File "/opt/virtualenvs/python3/lib/python3.8/site-packages/youtube_dl/YoutubeDL.py", line 808, in extract_info
    return self.__extract_info(url, ie, download, extra_info, process)
  File "/opt/virtualenvs/python3/lib/python3.8/site-packages/youtube_dl/YoutubeDL.py", line 824, in wrapper
    self.report_error(compat_str(e), e.format_traceback())
  File "/opt/virtualenvs/python3/lib/python3.8/site-packages/youtube_dl/YoutubeDL.py", line 628, in report_error
    self.trouble(error_message, tb)
  File "/opt/virtualenvs/python3/lib/python3.8/site-packages/youtube_dl/YoutubeDL.py", line 598, in trouble
    raise DownloadError(message, exc_info)
youtube_dl.utils.DownloadError: [0;31mERROR:[0m No video formats found

2021-10-11 15:56:14,926 | exts.music | DEBUG | 728482381215826000: Searching https://www.youtube.com/playlist?list=PLsQ-ipbXoFYm88bmZy4eyhuIZoTtU_I_Z
2021-10-11 15:56:14,995 | googleapiclient.discovery_cache | INFO | file_cache is only supported with oauth2client<4.0.0
2021-10-11 15:56:15,001 | googleapiclient.discovery | DEBUG | URL being requested: GET https://youtube.googleapis.com/youtube/v3/playlistItems?part=snippet&playlistId=PLsQ-ipbXoFYm88bmZy4eyhuIZoTtU_I_Z&maxResults=25&key=AIzaSyAdxWpkjawZwkOoLZNdBKnaUQ1o3Wov2cg&alt=json
2021-10-11 15:56:15,146 | googleapiclient.discovery | DEBUG | Next page request URL: list_next https://youtube.googleapis.com/youtube/v3/playlistItems?part=snippet&playlistId=PLsQ-ipbXoFYm88bmZy4eyhuIZoTtU_I_Z&maxResults=25&key=AIzaSyAdxWpkjawZwkOoLZNdBKnaUQ1o3Wov2cg&alt=json&pageToken=EAAaBlBUOkNCaw
2021-10-11 15:56:15,189 | googleapiclient.discovery | DEBUG | Next page request URL: list_next https://youtube.googleapis.com/youtube/v3/playlistItems?part=snippet&playlistId=PLsQ-ipbXoFYm88bmZy4eyhuIZoTtU_I_Z&maxResults=25&key=AIzaSyAdxWpkjawZwkOoLZNdBKnaUQ1o3Wov2cg&alt=json&pageToken=EAAaBlBUOkNESQ
2021-10-11 15:56:15,234 | googleapiclient.discovery | DEBUG | Next page request URL: list_next https://youtube.googleapis.com/youtube/v3/playlistItems?part=snippet&playlistId=PLsQ-ipbXoFYm88bmZy4eyhuIZoTtU_I_Z&maxResults=25&key=AIzaSyAdxWpkjawZwkOoLZNdBKnaUQ1o3Wov2cg&alt=json&pageToken=EAAaBlBUOkNFcw
2021-10-11 15:56:15,283 | googleapiclient.discovery | DEBUG | Next page request URL: list_next https://youtube.googleapis.com/youtube/v3/playlistItems?part=snippet&playlistId=PLsQ-ipbXoFYm88bmZy4eyhuIZoTtU_I_Z&maxResults=25&key=AIzaSyAdxWpkjawZwkOoLZNdBKnaUQ1o3Wov2cg&alt=json&pageToken=EAAaBlBUOkNHUQ
2021-10-11 15:56:15,323 | googleapiclient.discovery | DEBUG | Next page request URL: list_next https://youtube.googleapis.com/youtube/v3/playlistItems?part=snippet&playlistId=PLsQ-ipbXoFYm88bmZy4eyhuIZoTtU_I_Z&maxResults=25&key=AIzaSyAdxWpkjawZwkOoLZNdBKnaUQ1o3Wov2cg&alt=json&pageToken=EAAaBlBUOkNIMA
2021-10-11 15:56:15,446 | googleapiclient.discovery | DEBUG | Next page request URL: list_next https://youtube.googleapis.com/youtube/v3/playlistItems?part=snippet&playlistId=PLsQ-ipbXoFYm88bmZy4eyhuIZoTtU_I_Z&maxResults=25&key=AIzaSyAdxWpkjawZwkOoLZNdBKnaUQ1o3Wov2cg&alt=json&pageToken=EAAaB1BUOkNKWUI
2021-10-11 15:56:15,633 | exts.music | DEBUG | Enqueued
2021-10-11 15:56:34,411 | exts.music | DEBUG | VoiceState created for 728482381215826000
2021-10-11 15:56:34,412 | exts.music | INFO | Audio Player Launched for 728482381215826000
2021-10-11 15:56:34,479 | exts.music | INFO | 728482381215826000: User joined back, Stopping deletion
2021-10-11 15:56:36,407 | exts.music | DEBUG | 728482381215826000: Searching https://www.youtube.com/playlist?list=PLsQ-ipbXoFYm88bmZy4eyhuIZoTtU_I_Z
2021-10-11 15:56:36,479 | googleapiclient.discovery_cache | INFO | file_cache is only supported with oauth2client<4.0.0
2021-10-11 15:56:36,487 | googleapiclient.discovery | DEBUG | URL being requested: GET https://youtube.googleapis.com/youtube/v3/playlistItems?part=snippet&playlistId=PLsQ-ipbXoFYm88bmZy4eyhuIZoTtU_I_Z&maxResults=25&key=AIzaSyAdxWpkjawZwkOoLZNdBKnaUQ1o3Wov2cg&alt=json
2021-10-11 15:56:36,573 | googleapiclient.discovery | DEBUG | Next page request URL: list_next https://youtube.googleapis.com/youtube/v3/playlistItems?part=snippet&playlistId=PLsQ-ipbXoFYm88bmZy4eyhuIZoTtU_I_Z&maxResults=25&key=AIzaSyAdxWpkjawZwkOoLZNdBKnaUQ1o3Wov2cg&alt=json&pageToken=EAAaBlBUOkNCaw
2021-10-11 15:56:36,609 | googleapiclient.discovery | DEBUG | Next page request URL: list_next https://youtube.googleapis.com/youtube/v3/playlistItems?part=snippet&playlistId=PLsQ-ipbXoFYm88bmZy4eyhuIZoTtU_I_Z&maxResults=25&key=AIzaSyAdxWpkjawZwkOoLZNdBKnaUQ1o3Wov2cg&alt=json&pageToken=EAAaBlBUOkNESQ
2021-10-11 15:56:36,659 | googleapiclient.discovery | DEBUG | Next page request URL: list_next https://youtube.googleapis.com/youtube/v3/playlistItems?part=snippet&playlistId=PLsQ-ipbXoFYm88bmZy4eyhuIZoTtU_I_Z&maxResults=25&key=AIzaSyAdxWpkjawZwkOoLZNdBKnaUQ1o3Wov2cg&alt=json&pageToken=EAAaBlBUOkNFcw
2021-10-11 15:56:36,703 | googleapiclient.discovery | DEBUG | Next page request URL: list_next https://youtube.googleapis.com/youtube/v3/playlistItems?part=snippet&playlistId=PLsQ-ipbXoFYm88bmZy4eyhuIZoTtU_I_Z&maxResults=25&key=AIzaSyAdxWpkjawZwkOoLZNdBKnaUQ1o3Wov2cg&alt=json&pageToken=EAAaBlBUOkNHUQ
2021-10-11 15:56:36,808 | googleapiclient.discovery | DEBUG | Next page request URL: list_next https://youtube.googleapis.com/youtube/v3/playlistItems?part=snippet&playlistId=PLsQ-ipbXoFYm88bmZy4eyhuIZoTtU_I_Z&maxResults=25&key=AIzaSyAdxWpkjawZwkOoLZNdBKnaUQ1o3Wov2cg&alt=json&pageToken=EAAaBlBUOkNIMA
2021-10-11 15:56:36,846 | googleapiclient.discovery | DEBUG | Next page request URL: list_next https://youtube.googleapis.com/youtube/v3/playlistItems?part=snippet&playlistId=PLsQ-ipbXoFYm88bmZy4eyhuIZoTtU_I_Z&maxResults=25&key=AIzaSyAdxWpkjawZwkOoLZNdBKnaUQ1o3Wov2cg&alt=json&pageToken=EAAaB1BUOkNKWUI
2021-10-11 15:56:37,014 | exts.music | DEBUG | Enqueued
2021-10-11 22:08:29,588 | asyncio | DEBUG | Using selector: EpollSelector
2021-10-11 22:08:29,589 | bot | DEBUG | created bot base.
2021-10-11 22:08:29,609 | constant | DEBUG | init database succesful
2021-10-11 22:08:29,643 | utils.planner | DEBUG | triggered update
2021-10-11 22:08:29,711 | bot | DEBUG | bot subclass Created.
2021-10-11 22:08:29,715 | bot | INFO | Cog loaded: Snekbox
2021-10-11 22:08:29,801 | bot | INFO | Cog loaded: KUSNews
2021-10-11 22:08:29,803 | bot | INFO | Cog loaded: SetUp
2021-10-11 22:08:29,804 | bot | INFO | Cog loaded: Latency
2021-10-11 22:08:29,807 | bot | INFO | Cog loaded: Utility
2021-10-11 22:08:29,809 | bot | INFO | Cog loaded: AdminCommands
2021-10-11 22:08:30,274 | bot | INFO | Cog loaded: Music
2021-10-11 22:08:30,277 | bot | INFO | Cog loaded: Assignments
2021-10-11 22:08:30,278 | bot | INFO | Cog loaded: ErrorHandler
2021-10-11 22:08:30,280 | bot | INFO | Cog loaded: Help
2021-10-11 22:08:30,281 | bot | INFO | Cog loaded: VoiceChannel
2021-10-11 22:08:30,282 | bot | INFO | Cog loaded: DayLoop
2021-10-11 22:08:30,283 | bot | INFO | Cog loaded: NewPatch
2021-10-11 22:08:30,285 | bot | INFO | Cog loaded: Debug
2021-10-11 22:08:30,286 | bot | INFO | Cog loaded: Updater
2021-10-11 22:08:30,473 | exts.kus | DEBUG | loaded data
2021-10-11 22:08:31,726 | bot | DEBUG | exts.kus Unable to fetch kus data, disabled system.
2021-10-11 22:08:33,060 | utils.planner | DEBUG | returning sorted date for 562976873685057546
2021-10-11 22:08:33,067 | bot | INFO | Connected successfully
2021-10-11 22:08:33,115 | bot | DEBUG | changed bot status
2021-10-11 22:08:33,137 | bot | DEBUG | creating assignment embed...
2021-10-11 22:08:33,137 | bot | DEBUG | successfully created assignment embed
2021-10-11 22:08:33,247 | exts.kus | DEBUG | trying to update news but is not enable, passing...
2021-10-11 22:08:34,224 | bot | DEBUG | exts.update :white_check_mark: Sucessfully update works at 562976873685057546 :
33E
2021-10-11 22:08:34,346 | exts.update | DEBUG | updated active-works for 562976873685057546
2021-10-11 22:08:34,346 | utils.planner | DEBUG | returning sorted date for 728482381215826000
2021-10-11 22:08:34,432 | utils.planner | DEBUG | returning sorted date for 676256965650808873
2021-10-11 22:08:34,505 | utils.planner | DEBUG | returning sorted date for 829749071891005512
2021-10-11 22:08:34,631 | utils.planner | DEBUG | returning sorted date for 773426467492069386
2021-10-11 23:00:30,299 | bot | DEBUG | exts.dayloop New day [UTC+1] detected.
2021-10-11 23:00:30,571 | exts.dayloop | DEBUG | updating passed work
2021-10-11 23:00:30,571 | utils.planner | DEBUG | looping througth all assignment...
2021-10-11 23:00:30,596 | utils.planner | DEBUG | checking old work to delete
2021-10-11 23:00:30,598 | utils.planner | DEBUG | found 0
2021-10-11 23:00:30,598 | utils.planner | DEBUG | triggered update
2021-10-11 23:02:30,350 | utils.planner | DEBUG | returning sorted date for 562976873685057546
2021-10-11 23:02:30,463 | bot | DEBUG | creating assignment embed...
2021-10-11 23:02:30,464 | bot | DEBUG | successfully created assignment embed
2021-10-11 23:02:31,608 | bot | DEBUG | exts.update :white_check_mark: Sucessfully update works at 562976873685057546 :
33E
2021-10-11 23:02:31,710 | exts.update | DEBUG | updated active-works for 562976873685057546
2021-10-11 23:02:31,710 | utils.planner | DEBUG | returning sorted date for 728482381215826000
2021-10-11 23:02:31,779 | utils.planner | DEBUG | returning sorted date for 676256965650808873
2021-10-11 23:02:31,896 | utils.planner | DEBUG | returning sorted date for 829749071891005512
2021-10-11 23:02:31,993 | utils.planner | DEBUG | returning sorted date for 773426467492069386
2021-10-12 01:15:13,264 | bot | INFO | Resumed Connection
2021-10-12 01:15:13,336 | bot | DEBUG | changed bot status
2021-10-12 01:34:09,853 | bot | INFO | Resumed Connection
2021-10-12 01:34:09,925 | bot | DEBUG | changed bot status
2021-10-12 01:51:14,974 | exts.music | DEBUG | VoiceState created for 728482381215826000
2021-10-12 01:51:14,975 | exts.music | INFO | Audio Player Launched for 728482381215826000
2021-10-12 01:51:15,026 | exts.music | INFO | 728482381215826000: User joined back, Stopping deletion
2021-10-12 01:51:16,936 | exts.music | DEBUG | 728482381215826000: Searching วันที่พ่อไม่อยู่
2021-10-12 01:51:18,705 | exts.music | DEBUG | Enqueued
2021-10-12 01:56:29,826 | exts.music | DEBUG | 728482381215826000: Searching comethru
2021-10-12 01:56:33,576 | exts.music | DEBUG | Enqueued
2021-10-12 01:57:51,580 | exts.music | DEBUG | 728482381215826000: Searching photograph
2021-10-12 01:57:53,194 | exts.music | DEBUG | Enqueued
2021-10-12 01:57:58,869 | exts.music | DEBUG | 728482381215826000: Searching let her go
2021-10-12 01:58:01,403 | exts.music | DEBUG | Enqueued
2021-10-12 01:58:38,062 | exts.music | DEBUG | 728482381215826000: Searching paris in rain
2021-10-12 01:58:39,711 | exts.music | DEBUG | Enqueued
2021-10-12 01:59:26,398 | exts.music | DEBUG | 728482381215826000: Searching fake protagonist
2021-10-12 01:59:27,697 | exts.music | DEBUG | Enqueued
2021-10-12 02:08:31,726 | bot | DEBUG | exts.kus successfully fecthed kus data, enabled system.
2021-10-12 02:10:55,802 | exts.music | DEBUG | 728482381215826000: Searching https://open.spotify.com/playlist/5l5CpPwe7FtMvjIoS7TRX9?si=b825ca8774d34c8c
2021-10-12 02:10:55,909 | spotipy.oauth2 | DEBUG | sending POST request to https://accounts.spotify.com/api/token with Headers: {'Authorization': 'Basic MjA0MjQ3ODljNDBhNDM2Mzk1NTQ2Nzg1ZDc5ZGRmNTk6NzE0ZTE0NjE2MzZmNGRjMWI4ODE1MDI4MjljM2Q4YTQ='} and Body: {'grant_type': 'client_credentials'}
2021-10-12 02:10:56,387 | exts.music | DEBUG | Enqueued
2021-10-12 02:20:06,783 | exts.music | WARNING | Traceback (most recent call last):
  File "/opt/virtualenvs/python3/lib/python3.8/site-packages/youtube_dl/YoutubeDL.py", line 815, in wrapper
    return func(self, *args, **kwargs)
  File "/opt/virtualenvs/python3/lib/python3.8/site-packages/youtube_dl/YoutubeDL.py", line 836, in __extract_info
    ie_result = ie.extract(url)
  File "/opt/virtualenvs/python3/lib/python3.8/site-packages/youtube_dl/extractor/common.py", line 534, in extract
    ie_result = self._real_extract(url)
  File "/opt/virtualenvs/python3/lib/python3.8/site-packages/youtube_dl/extractor/youtube.py", line 1715, in _real_extract
    self._sort_formats(formats)
  File "/opt/virtualenvs/python3/lib/python3.8/site-packages/youtube_dl/extractor/common.py", line 1374, in _sort_formats
    raise ExtractorError('No video formats found')
youtube_dl.utils.ExtractorError: No video formats found

During handling of the above exception, another exception occurred:

Traceback (most recent call last):
  File "/home/runner/TpLearn/exts/music.py", line 199, in audio_player_task
    source = await YTDLSource.create_source(self.current.ctx, self.current.url, loop=self.bot.loop)
  File "/home/runner/TpLearn/utils/audio.py", line 91, in create_source
    processed_info = await loop.run_in_executor(None, partial)
  File "/usr/lib/python3.8/concurrent/futures/thread.py", line 57, in run
    result = self.fn(*self.args, **self.kwargs)
  File "/opt/virtualenvs/python3/lib/python3.8/site-packages/youtube_dl/YoutubeDL.py", line 808, in extract_info
    return self.__extract_info(url, ie, download, extra_info, process)
  File "/opt/virtualenvs/python3/lib/python3.8/site-packages/youtube_dl/YoutubeDL.py", line 815, in wrapper
    return func(self, *args, **kwargs)
  File "/opt/virtualenvs/python3/lib/python3.8/site-packages/youtube_dl/YoutubeDL.py", line 847, in __extract_info
    return self.process_ie_result(ie_result, download, extra_info)
  File "/opt/virtualenvs/python3/lib/python3.8/site-packages/youtube_dl/YoutubeDL.py", line 885, in process_ie_result
    return self.extract_info(ie_result['url'],
  File "/opt/virtualenvs/python3/lib/python3.8/site-packages/youtube_dl/YoutubeDL.py", line 808, in extract_info
    return self.__extract_info(url, ie, download, extra_info, process)
  File "/opt/virtualenvs/python3/lib/python3.8/site-packages/youtube_dl/YoutubeDL.py", line 815, in wrapper
    return func(self, *args, **kwargs)
  File "/opt/virtualenvs/python3/lib/python3.8/site-packages/youtube_dl/YoutubeDL.py", line 847, in __extract_info
    return self.process_ie_result(ie_result, download, extra_info)
  File "/opt/virtualenvs/python3/lib/python3.8/site-packages/youtube_dl/YoutubeDL.py", line 933, in process_ie_result
    return self.__process_playlist(ie_result, download)
  File "/opt/virtualenvs/python3/lib/python3.8/site-packages/youtube_dl/YoutubeDL.py", line 1067, in __process_playlist
    entry_result = self.__process_iterable_entry(entry, download, extra)
  File "/opt/virtualenvs/python3/lib/python3.8/site-packages/youtube_dl/YoutubeDL.py", line 815, in wrapper
    return func(self, *args, **kwargs)
  File "/opt/virtualenvs/python3/lib/python3.8/site-packages/youtube_dl/YoutubeDL.py", line 1076, in __process_iterable_entry
    return self.process_ie_result(
  File "/opt/virtualenvs/python3/lib/python3.8/site-packages/youtube_dl/YoutubeDL.py", line 885, in process_ie_result
    return self.extract_info(ie_result['url'],
  File "/opt/virtualenvs/python3/lib/python3.8/site-packages/youtube_dl/YoutubeDL.py", line 808, in extract_info
    return self.__extract_info(url, ie, download, extra_info, process)
  File "/opt/virtualenvs/python3/lib/python3.8/site-packages/youtube_dl/YoutubeDL.py", line 824, in wrapper
    self.report_error(compat_str(e), e.format_traceback())
  File "/opt/virtualenvs/python3/lib/python3.8/site-packages/youtube_dl/YoutubeDL.py", line 628, in report_error
    self.trouble(error_message, tb)
  File "/opt/virtualenvs/python3/lib/python3.8/site-packages/youtube_dl/YoutubeDL.py", line 598, in trouble
    raise DownloadError(message, exc_info)
youtube_dl.utils.DownloadError: [0;31mERROR:[0m No video formats found

2021-10-12 02:27:49,124 | exts.music | DEBUG | 728482381215826000: Searching ไม่ต่างกัน
2021-10-12 02:27:52,296 | exts.music | DEBUG | Enqueued
2021-10-12 02:32:46,531 | exts.music | WARNING | Traceback (most recent call last):
  File "/opt/virtualenvs/python3/lib/python3.8/site-packages/youtube_dl/YoutubeDL.py", line 815, in wrapper
    return func(self, *args, **kwargs)
  File "/opt/virtualenvs/python3/lib/python3.8/site-packages/youtube_dl/YoutubeDL.py", line 836, in __extract_info
    ie_result = ie.extract(url)
  File "/opt/virtualenvs/python3/lib/python3.8/site-packages/youtube_dl/extractor/common.py", line 534, in extract
    ie_result = self._real_extract(url)
  File "/opt/virtualenvs/python3/lib/python3.8/site-packages/youtube_dl/extractor/youtube.py", line 1715, in _real_extract
    self._sort_formats(formats)
  File "/opt/virtualenvs/python3/lib/python3.8/site-packages/youtube_dl/extractor/common.py", line 1374, in _sort_formats
    raise ExtractorError('No video formats found')
youtube_dl.utils.ExtractorError: No video formats found

During handling of the above exception, another exception occurred:

Traceback (most recent call last):
  File "/home/runner/TpLearn/exts/music.py", line 199, in audio_player_task
    source = await YTDLSource.create_source(self.current.ctx, self.current.url, loop=self.bot.loop)
  File "/home/runner/TpLearn/utils/audio.py", line 91, in create_source
    processed_info = await loop.run_in_executor(None, partial)
  File "/usr/lib/python3.8/concurrent/futures/thread.py", line 57, in run
    result = self.fn(*self.args, **self.kwargs)
  File "/opt/virtualenvs/python3/lib/python3.8/site-packages/youtube_dl/YoutubeDL.py", line 808, in extract_info
    return self.__extract_info(url, ie, download, extra_info, process)
  File "/opt/virtualenvs/python3/lib/python3.8/site-packages/youtube_dl/YoutubeDL.py", line 815, in wrapper
    return func(self, *args, **kwargs)
  File "/opt/virtualenvs/python3/lib/python3.8/site-packages/youtube_dl/YoutubeDL.py", line 847, in __extract_info
    return self.process_ie_result(ie_result, download, extra_info)
  File "/opt/virtualenvs/python3/lib/python3.8/site-packages/youtube_dl/YoutubeDL.py", line 885, in process_ie_result
    return self.extract_info(ie_result['url'],
  File "/opt/virtualenvs/python3/lib/python3.8/site-packages/youtube_dl/YoutubeDL.py", line 808, in extract_info
    return self.__extract_info(url, ie, download, extra_info, process)
  File "/opt/virtualenvs/python3/lib/python3.8/site-packages/youtube_dl/YoutubeDL.py", line 815, in wrapper
    return func(self, *args, **kwargs)
  File "/opt/virtualenvs/python3/lib/python3.8/site-packages/youtube_dl/YoutubeDL.py", line 847, in __extract_info
    return self.process_ie_result(ie_result, download, extra_info)
  File "/opt/virtualenvs/python3/lib/python3.8/site-packages/youtube_dl/YoutubeDL.py", line 933, in process_ie_result
    return self.__process_playlist(ie_result, download)
  File "/opt/virtualenvs/python3/lib/python3.8/site-packages/youtube_dl/YoutubeDL.py", line 1067, in __process_playlist
    entry_result = self.__process_iterable_entry(entry, download, extra)
  File "/opt/virtualenvs/python3/lib/python3.8/site-packages/youtube_dl/YoutubeDL.py", line 815, in wrapper
    return func(self, *args, **kwargs)
  File "/opt/virtualenvs/python3/lib/python3.8/site-packages/youtube_dl/YoutubeDL.py", line 1076, in __process_iterable_entry
    return self.process_ie_result(
  File "/opt/virtualenvs/python3/lib/python3.8/site-packages/youtube_dl/YoutubeDL.py", line 885, in process_ie_result
    return self.extract_info(ie_result['url'],
  File "/opt/virtualenvs/python3/lib/python3.8/site-packages/youtube_dl/YoutubeDL.py", line 808, in extract_info
    return self.__extract_info(url, ie, download, extra_info, process)
  File "/opt/virtualenvs/python3/lib/python3.8/site-packages/youtube_dl/YoutubeDL.py", line 824, in wrapper
    self.report_error(compat_str(e), e.format_traceback())
  File "/opt/virtualenvs/python3/lib/python3.8/site-packages/youtube_dl/YoutubeDL.py", line 628, in report_error
    self.trouble(error_message, tb)
  File "/opt/virtualenvs/python3/lib/python3.8/site-packages/youtube_dl/YoutubeDL.py", line 598, in trouble
    raise DownloadError(message, exc_info)
youtube_dl.utils.DownloadError: [0;31mERROR:[0m No video formats found

2021-10-12 03:05:02,095 | exts.music | INFO | 728482381215826000: All user left, Waiting for deletion
2021-10-12 03:05:30,288 | exts.music | INFO | 728482381215826000: Timeout, Nobody left in vc... Disconnected
2021-10-12 03:07:24,878 | exts.music | DEBUG | VoiceState created for 728482381215826000
2021-10-12 03:07:24,914 | exts.music | INFO | Audio Player Launched for 728482381215826000
2021-10-12 03:49:00,719 | bot | INFO | Cog loaded: Music
2021-10-12 03:56:52,425 | bot | INFO | Cog loaded: Music
2021-10-12 03:57:48,265 | exts.music | DEBUG | VoiceState created for 728482381215826000
2021-10-12 03:57:48,266 | exts.music | INFO | Audio Player Launched for 728482381215826000
2021-10-12 03:57:48,315 | exts.music | INFO | 728482381215826000: User joined back, Stopping deletion
2021-10-12 03:58:29,633 | exts.music | INFO | 728482381215826000: All user left, Waiting for deletion
2021-10-12 04:03:10,183 | bot | INFO | Resumed Connection
2021-10-12 04:03:10,406 | bot | DEBUG | changed bot status
2021-10-12 04:29:52,437 | exts.music | INFO | 728482381215826000: Timeout, Nobody left in vc... Disconnected
2021-10-12 04:44:37,058 | exts.music | DEBUG | VoiceState created for 728482381215826000
2021-10-12 04:44:37,059 | exts.music | INFO | Audio Player Launched for 728482381215826000
2021-10-12 04:44:37,099 | exts.music | INFO | 728482381215826000: User joined back, Stopping deletion
2021-10-12 04:44:39,107 | exts.music | DEBUG | 728482381215826000: Searching ภาวนะ
2021-10-12 04:44:40,541 | exts.music | DEBUG | Enqueued
2021-10-12 05:06:29,352 | asyncio | ERROR | Task exception was never retrieved
future: <Task finished name='Task-2' coro=<Loop._loop() done, defined at /opt/virtualenvs/python3/lib/python3.8/site-packages/discord/ext/tasks/__init__.py:88> exception=RuntimeError('dictionary changed size during iteration')>
Traceback (most recent call last):
  File "/opt/virtualenvs/python3/lib/python3.8/site-packages/discord/ext/tasks/__init__.py", line 125, in _loop
    raise exc
  File "/opt/virtualenvs/python3/lib/python3.8/site-packages/discord/ext/tasks/__init__.py", line 101, in _loop
    await self.coro(*args, **kwargs)
  File "/home/runner/TpLearn/exts/music.py", line 289, in loop_for_deletion
    delete = []
RuntimeError: dictionary changed size during iteration
2021-10-12 05:09:46,550 | exts.music | INFO | 728482381215826000: All user left, Waiting for deletion
2021-10-12 06:08:31,198 | bot | DEBUG | exts.kus Unable to fetch kus data, disabled system.
2021-10-12 06:08:31,388 | exts.kus | DEBUG | trying to update news but is not enable, passing...
2021-10-12 06:46:12,970 | exts.music | DEBUG | VoiceState created for 773426467492069386
2021-10-12 06:46:12,971 | exts.music | INFO | Audio Player Launched for 773426467492069386
2021-10-12 06:46:13,034 | exts.music | INFO | 773426467492069386: User joined back, Stopping deletion
2021-10-12 06:46:14,904 | exts.music | DEBUG | 773426467492069386: Searching https://www.youtube.com/playlist?list=PLsQ-ipbXoFYm88bmZy4eyhuIZoTtU_I_Z
2021-10-12 06:46:15,023 | googleapiclient.discovery_cache | INFO | file_cache is only supported with oauth2client<4.0.0
2021-10-12 06:46:15,031 | googleapiclient.discovery | DEBUG | URL being requested: GET https://youtube.googleapis.com/youtube/v3/playlistItems?part=snippet&playlistId=PLsQ-ipbXoFYm88bmZy4eyhuIZoTtU_I_Z&maxResults=25&key=AIzaSyAdxWpkjawZwkOoLZNdBKnaUQ1o3Wov2cg&alt=json
2021-10-12 06:46:15,201 | googleapiclient.discovery | DEBUG | Next page request URL: list_next https://youtube.googleapis.com/youtube/v3/playlistItems?part=snippet&playlistId=PLsQ-ipbXoFYm88bmZy4eyhuIZoTtU_I_Z&maxResults=25&key=AIzaSyAdxWpkjawZwkOoLZNdBKnaUQ1o3Wov2cg&alt=json&pageToken=EAAaBlBUOkNCaw
2021-10-12 06:46:15,241 | googleapiclient.discovery | DEBUG | Next page request URL: list_next https://youtube.googleapis.com/youtube/v3/playlistItems?part=snippet&playlistId=PLsQ-ipbXoFYm88bmZy4eyhuIZoTtU_I_Z&maxResults=25&key=AIzaSyAdxWpkjawZwkOoLZNdBKnaUQ1o3Wov2cg&alt=json&pageToken=EAAaBlBUOkNESQ
2021-10-12 06:46:15,290 | googleapiclient.discovery | DEBUG | Next page request URL: list_next https://youtube.googleapis.com/youtube/v3/playlistItems?part=snippet&playlistId=PLsQ-ipbXoFYm88bmZy4eyhuIZoTtU_I_Z&maxResults=25&key=AIzaSyAdxWpkjawZwkOoLZNdBKnaUQ1o3Wov2cg&alt=json&pageToken=EAAaBlBUOkNFcw
2021-10-12 06:46:15,334 | googleapiclient.discovery | DEBUG | Next page request URL: list_next https://youtube.googleapis.com/youtube/v3/playlistItems?part=snippet&playlistId=PLsQ-ipbXoFYm88bmZy4eyhuIZoTtU_I_Z&maxResults=25&key=AIzaSyAdxWpkjawZwkOoLZNdBKnaUQ1o3Wov2cg&alt=json&pageToken=EAAaBlBUOkNHUQ
2021-10-12 06:46:15,383 | googleapiclient.discovery | DEBUG | Next page request URL: list_next https://youtube.googleapis.com/youtube/v3/playlistItems?part=snippet&playlistId=PLsQ-ipbXoFYm88bmZy4eyhuIZoTtU_I_Z&maxResults=25&key=AIzaSyAdxWpkjawZwkOoLZNdBKnaUQ1o3Wov2cg&alt=json&pageToken=EAAaBlBUOkNIMA
2021-10-12 06:46:15,434 | googleapiclient.discovery | DEBUG | Next page request URL: list_next https://youtube.googleapis.com/youtube/v3/playlistItems?part=snippet&playlistId=PLsQ-ipbXoFYm88bmZy4eyhuIZoTtU_I_Z&maxResults=25&key=AIzaSyAdxWpkjawZwkOoLZNdBKnaUQ1o3Wov2cg&alt=json&pageToken=EAAaB1BUOkNKWUI
2021-10-12 06:46:15,678 | exts.music | DEBUG | Enqueued
2021-10-12 06:49:38,772 | exts.music | INFO | 773426467492069386: User joined back, Stopping deletion
2021-10-12 06:58:46,199 | exts.music | INFO | 773426467492069386: User joined back, Stopping deletion
2021-10-12 07:01:31,966 | exts.music | INFO | 773426467492069386: User joined back, Stopping deletion
2021-10-12 07:08:13,947 | exts.music | INFO | 773426467492069386: User joined back, Stopping deletion
2021-10-12 07:09:34,819 | exts.music | INFO | 773426467492069386: User joined back, Stopping deletion
2021-10-12 07:18:37,918 | exts.music | INFO | 773426467492069386: User joined back, Stopping deletion
2021-10-12 08:01:50,226 | bot | INFO | Resumed Connection
2021-10-12 08:01:50,295 | bot | DEBUG | changed bot status
2021-10-12 08:08:05,851 | asyncio | ERROR | Task exception was never retrieved
future: <Task finished name='Task-6367' coro=<VoiceState.audio_player_task() done, defined at /home/runner/TpLearn/exts/music.py:155> exception=AttributeError("'NoneType' object has no attribute 'play'")>
Traceback (most recent call last):
  File "/home/runner/TpLearn/exts/music.py", line 212, in audio_player_task
    self.voice.play(self.current.source, after=self.play_next_song)
AttributeError: 'NoneType' object has no attribute 'play'
2021-10-12 08:15:37,547 | exts.music | INFO | 773426467492069386: User joined back, Stopping deletion
2021-10-12 08:18:43,001 | bot | INFO | Resumed Connection
2021-10-12 08:18:43,091 | bot | DEBUG | changed bot status
2021-10-12 08:26:49,223 | exts.music | INFO | 773426467492069386: User joined back, Stopping deletion
2021-10-12 08:34:24,865 | exts.music | INFO | 773426467492069386: User joined back, Stopping deletion
2021-10-12 08:40:42,438 | exts.music | INFO | 773426467492069386: User joined back, Stopping deletion
2021-10-12 08:44:30,138 | exts.music | INFO | 773426467492069386: User joined back, Stopping deletion
2021-10-12 09:30:54,762 | exts.music | INFO | 773426467492069386: User joined back, Stopping deletion
2021-10-12 09:44:21,394 | bot | INFO | Resumed Connection
2021-10-12 09:44:21,496 | bot | DEBUG | changed bot status
2021-10-12 10:08:31,254 | exts.kus | DEBUG | trying to update news but is not enable, passing...
2021-10-12 10:19:38,170 | exts.music | WARNING | Traceback (most recent call last):
  File "/opt/virtualenvs/python3/lib/python3.8/site-packages/youtube_dl/YoutubeDL.py", line 815, in wrapper
    return func(self, *args, **kwargs)
  File "/opt/virtualenvs/python3/lib/python3.8/site-packages/youtube_dl/YoutubeDL.py", line 836, in __extract_info
    ie_result = ie.extract(url)
  File "/opt/virtualenvs/python3/lib/python3.8/site-packages/youtube_dl/extractor/common.py", line 534, in extract
    ie_result = self._real_extract(url)
  File "/opt/virtualenvs/python3/lib/python3.8/site-packages/youtube_dl/extractor/youtube.py", line 1713, in _real_extract
    raise ExtractorError(reason, expected=True)
youtube_dl.utils.ExtractorError: Video unavailable
This video is not available

During handling of the above exception, another exception occurred:

Traceback (most recent call last):
  File "/home/runner/TpLearn/exts/music.py", line 199, in audio_player_task
    source = await YTDLSource.create_source(self.current.ctx, self.current.url, loop=self.bot.loop)
  File "/home/runner/TpLearn/utils/audio.py", line 91, in create_source
    processed_info = await loop.run_in_executor(None, partial)
  File "/usr/lib/python3.8/concurrent/futures/thread.py", line 57, in run
    result = self.fn(*self.args, **self.kwargs)
  File "/opt/virtualenvs/python3/lib/python3.8/site-packages/youtube_dl/YoutubeDL.py", line 808, in extract_info
    return self.__extract_info(url, ie, download, extra_info, process)
  File "/opt/virtualenvs/python3/lib/python3.8/site-packages/youtube_dl/YoutubeDL.py", line 815, in wrapper
    return func(self, *args, **kwargs)
  File "/opt/virtualenvs/python3/lib/python3.8/site-packages/youtube_dl/YoutubeDL.py", line 847, in __extract_info
    return self.process_ie_result(ie_result, download, extra_info)
  File "/opt/virtualenvs/python3/lib/python3.8/site-packages/youtube_dl/YoutubeDL.py", line 885, in process_ie_result
    return self.extract_info(ie_result['url'],
  File "/opt/virtualenvs/python3/lib/python3.8/site-packages/youtube_dl/YoutubeDL.py", line 808, in extract_info
    return self.__extract_info(url, ie, download, extra_info, process)
  File "/opt/virtualenvs/python3/lib/python3.8/site-packages/youtube_dl/YoutubeDL.py", line 824, in wrapper
    self.report_error(compat_str(e), e.format_traceback())
  File "/opt/virtualenvs/python3/lib/python3.8/site-packages/youtube_dl/YoutubeDL.py", line 628, in report_error
    self.trouble(error_message, tb)
  File "/opt/virtualenvs/python3/lib/python3.8/site-packages/youtube_dl/YoutubeDL.py", line 598, in trouble
    raise DownloadError(message, exc_info)
youtube_dl.utils.DownloadError: [0;31mERROR:[0m Video unavailable
This video is not available

2021-10-12 10:33:50,779 | bot | INFO | Resumed Connection
2021-10-12 10:33:51,058 | bot | DEBUG | changed bot status
2021-10-12 10:49:36,494 | exts.music | INFO | 773426467492069386: User joined back, Stopping deletion
2021-10-12 11:05:35,693 | bot | INFO | Resumed Connection
2021-10-12 11:05:35,768 | bot | DEBUG | changed bot status
2021-10-12 12:11:08,772 | exts.music | DEBUG | 773426467492069386: Searching https://www.youtube.com/watch?v=AmWsVoF_vDo
2021-10-12 12:11:09,991 | exts.music | DEBUG | Enqueued
2021-10-12 12:24:26,530 | exts.music | DEBUG | VoiceState created for 834711685834342472
2021-10-12 12:24:26,532 | exts.music | INFO | Audio Player Launched for 834711685834342472
2021-10-12 12:24:26,576 | exts.music | INFO | 834711685834342472: User joined back, Stopping deletion
2021-10-12 12:24:35,738 | exts.music | DEBUG | 834711685834342472: Searching hello world
2021-10-12 12:24:37,199 | exts.music | DEBUG | Enqueued
2021-10-12 12:24:59,938 | exts.music | DEBUG | 834711685834342472: Searching brave heart digimon adventure
2021-10-12 12:25:01,657 | exts.music | DEBUG | Enqueued
2021-10-12 12:31:33,573 | exts.music | DEBUG | 834711685834342472: Searching study music
2021-10-12 12:31:36,101 | exts.music | DEBUG | Enqueued
2021-10-12 12:41:45,421 | exts.music | INFO | 834711685834342472: All user left, Waiting for deletion
2021-10-12 13:04:00,663 | exts.music | DEBUG | VoiceState created for 829749071891005512
2021-10-12 13:04:00,665 | exts.music | INFO | Audio Player Launched for 829749071891005512
2021-10-12 13:04:00,724 | exts.music | INFO | 829749071891005512: User joined back, Stopping deletion
2021-10-12 13:04:02,650 | exts.music | DEBUG | 829749071891005512: Searching https://youtube.com/playlist?list=RDpH6ij20X4_U&playnext=1
2021-10-12 13:04:02,803 | googleapiclient.discovery_cache | INFO | file_cache is only supported with oauth2client<4.0.0
2021-10-12 13:04:02,815 | googleapiclient.discovery | DEBUG | URL being requested: GET https://youtube.googleapis.com/youtube/v3/playlistItems?part=snippet&playlistId=RDpH6ij20X4_U&maxResults=25&key=AIzaSyAdxWpkjawZwkOoLZNdBKnaUQ1o3Wov2cg&alt=json
2021-10-12 13:04:03,318 | googleapiclient.discovery | DEBUG | Next page request URL: list_next https://youtube.googleapis.com/youtube/v3/playlistItems?part=snippet&playlistId=RDpH6ij20X4_U&maxResults=25&key=AIzaSyAdxWpkjawZwkOoLZNdBKnaUQ1o3Wov2cg&alt=json&pageToken=EAAaFVBUOkVndGFNMnh1VUhsU2RuSlNSUQ
2021-10-12 13:04:03,548 | googleapiclient.discovery | DEBUG | Next page request URL: list_next https://youtube.googleapis.com/youtube/v3/playlistItems?part=snippet&playlistId=RDpH6ij20X4_U&maxResults=25&key=AIzaSyAdxWpkjawZwkOoLZNdBKnaUQ1o3Wov2cg&alt=json&pageToken=EAAaFVBUOkVndHlRV2wwYzJ4R1RYTm9idw
2021-10-12 13:04:03,882 | googleapiclient.discovery | DEBUG | Next page request URL: list_next https://youtube.googleapis.com/youtube/v3/playlistItems?part=snippet&playlistId=RDpH6ij20X4_U&maxResults=25&key=AIzaSyAdxWpkjawZwkOoLZNdBKnaUQ1o3Wov2cg&alt=json&pageToken=EAAaFVBUOkVndGFNMnh1VUhsU2RuSlNSUQ
2021-10-12 13:04:04,175 | googleapiclient.discovery | DEBUG | Next page request URL: list_next https://youtube.googleapis.com/youtube/v3/playlistItems?part=snippet&playlistId=RDpH6ij20X4_U&maxResults=25&key=AIzaSyAdxWpkjawZwkOoLZNdBKnaUQ1o3Wov2cg&alt=json&pageToken=EAAaFVBUOkVndHlRV2wwYzJ4R1RYTm9idw
2021-10-12 13:04:04,425 | googleapiclient.discovery | DEBUG | Next page request URL: list_next https://youtube.googleapis.com/youtube/v3/playlistItems?part=snippet&playlistId=RDpH6ij20X4_U&maxResults=25&key=AIzaSyAdxWpkjawZwkOoLZNdBKnaUQ1o3Wov2cg&alt=json&pageToken=EAAaFVBUOkVndGFNMnh1VUhsU2RuSlNSUQ
2021-10-12 13:04:04,651 | googleapiclient.discovery | DEBUG | Next page request URL: list_next https://youtube.googleapis.com/youtube/v3/playlistItems?part=snippet&playlistId=RDpH6ij20X4_U&maxResults=25&key=AIzaSyAdxWpkjawZwkOoLZNdBKnaUQ1o3Wov2cg&alt=json&pageToken=EAAaFVBUOkVndHlRV2wwYzJ4R1RYTm9idw
2021-10-12 13:04:04,900 | googleapiclient.discovery | DEBUG | Next page request URL: list_next https://youtube.googleapis.com/youtube/v3/playlistItems?part=snippet&playlistId=RDpH6ij20X4_U&maxResults=25&key=AIzaSyAdxWpkjawZwkOoLZNdBKnaUQ1o3Wov2cg&alt=json&pageToken=EAAaFVBUOkVndGFNMnh1VUhsU2RuSlNSUQ
2021-10-12 13:04:05,194 | googleapiclient.discovery | DEBUG | Next page request URL: list_next https://youtube.googleapis.com/youtube/v3/playlistItems?part=snippet&playlistId=RDpH6ij20X4_U&maxResults=25&key=AIzaSyAdxWpkjawZwkOoLZNdBKnaUQ1o3Wov2cg&alt=json&pageToken=EAAaFVBUOkVndHlRV2wwYzJ4R1RYTm9idw
2021-10-12 13:04:05,333 | exts.music | DEBUG | Enqueued
2021-10-12 13:04:29,494 | exts.music | INFO | 829749071891005512: User joined back, Stopping deletion
2021-10-12 13:12:43,409 | bot | INFO | Resumed Connection
2021-10-12 13:12:43,728 | bot | DEBUG | changed bot status
2021-10-12 13:51:07,931 | exts.music | INFO | 829749071891005512: All user left, Waiting for deletion
2021-10-12 14:08:31,237 | exts.kus | DEBUG | trying to update news but is not enable, passing...
2021-10-12 14:11:01,312 | exts.admin | DEBUG | Admin Eval from Tpmonkey#2682; code: self.bot.get_cog("Music").loop_for_deletion.is_running()
2021-10-12 14:11:22,324 | exts.admin | DEBUG | Admin Eval from Tpmonkey#2682; code: self.bot.get_cog("Music").loop_for_deletion.start()
2021-10-12 14:11:22,324 | asyncio | ERROR | Task exception was never retrieved
future: <Task finished name='Task-5766' coro=<Loop._loop() done, defined at /opt/virtualenvs/python3/lib/python3.8/site-packages/discord/ext/tasks/__init__.py:88> exception=KeyError(728482381215826000)>
Traceback (most recent call last):
  File "/opt/virtualenvs/python3/lib/python3.8/site-packages/discord/ext/tasks/__init__.py", line 125, in _loop
    raise exc
  File "/opt/virtualenvs/python3/lib/python3.8/site-packages/discord/ext/tasks/__init__.py", line 101, in _loop
    await self.coro(*args, **kwargs)
  File "/home/runner/TpLearn/exts/music.py", line 297, in loop_for_deletion
    await self.voice_states[gid].stop()
KeyError: 728482381215826000
2021-10-12 14:11:22,326 | exts.music | INFO | 728482381215826000: Timeout, Nobody left in vc... Disconnected
2021-10-12 14:12:04,455 | exts.admin | DEBUG | Admin Eval from Tpmonkey#2682; code: self.bot.get_cog("Music").loop_for_deletion.is_running()
2021-10-12 14:12:09,290 | exts.admin | DEBUG | Admin Eval from Tpmonkey#2682; code: self.bot.get_cog("Music").loop_for_deletion.start()
2021-10-12 14:12:09,291 | asyncio | ERROR | Task exception was never retrieved
future: <Task finished name='Task-29935' coro=<Loop._loop() done, defined at /opt/virtualenvs/python3/lib/python3.8/site-packages/discord/ext/tasks/__init__.py:88> exception=KeyError(728482381215826000)>
Traceback (most recent call last):
  File "/opt/virtualenvs/python3/lib/python3.8/site-packages/discord/ext/tasks/__init__.py", line 125, in _loop
    raise exc
  File "/opt/virtualenvs/python3/lib/python3.8/site-packages/discord/ext/tasks/__init__.py", line 101, in _loop
    await self.coro(*args, **kwargs)
  File "/home/runner/TpLearn/exts/music.py", line 297, in loop_for_deletion
    await self.voice_states[gid].stop()
KeyError: 728482381215826000
2021-10-12 14:12:09,292 | exts.music | INFO | 728482381215826000: Timeout, Nobody left in vc... Disconnected
2021-10-12 14:12:50,426 | exts.admin | DEBUG | Admin Eval from Tpmonkey#2682; code: del self.bot.get_cog("Music").wait_for_disconnect[72848238121582600]
2021-10-12 14:13:05,111 | exts.admin | DEBUG | Admin Eval from Tpmonkey#2682; code: self.bot.get_cog("Music").wait_for_disconnect.remove(72848238121582600)
2021-10-12 14:13:42,823 | exts.admin | DEBUG | Admin Eval from Tpmonkey#2682; code: self.bot.get_cog("Music").wait_for_disconnect.pop(72848238121582600)
2021-10-12 14:13:51,382 | exts.admin | DEBUG | Admin Eval from Tpmonkey#2682; code: self.bot.get_cog("Music").wait_for_disconnect
2021-10-12 14:14:20,404 | exts.admin | DEBUG | Admin Eval from Tpmonkey#2682; code: self.bot.get_cog("Music").wait_for_disconnect.pop(728482381215826000)
2021-10-12 14:14:45,511 | exts.admin | DEBUG | Admin Eval from Tpmonkey#2682; code: self.bot.get_guild(834711685834342472)
2021-10-12 14:15:07,674 | exts.admin | DEBUG | Admin Eval from Tpmonkey#2682; code: self.bot.get_cog("Music").loop_for_deletion.start()
2021-10-12 14:15:07,674 | asyncio | ERROR | Task exception was never retrieved
future: <Task finished name='Task-29996' coro=<Loop._loop() done, defined at /opt/virtualenvs/python3/lib/python3.8/site-packages/discord/ext/tasks/__init__.py:88> exception=KeyError(728482381215826000)>
Traceback (most recent call last):
  File "/opt/virtualenvs/python3/lib/python3.8/site-packages/discord/ext/tasks/__init__.py", line 125, in _loop
    raise exc
  File "/opt/virtualenvs/python3/lib/python3.8/site-packages/discord/ext/tasks/__init__.py", line 101, in _loop
    await self.coro(*args, **kwargs)
  File "/home/runner/TpLearn/exts/music.py", line 297, in loop_for_deletion
    await self.voice_states[gid].stop()
KeyError: 728482381215826000
2021-10-12 14:15:07,676 | exts.music | INFO | 834711685834342472: Timeout, Nobody left in vc... Disconnected
2021-10-12 14:15:07,678 | exts.music | INFO | 829749071891005512: Timeout, Nobody left in vc... Disconnected
2021-10-12 14:20:56,185 | exts.admin | DEBUG | Admin Eval from Tpmonkey#2682; code: self.bot.guilds
2021-10-12 15:09:36,955 | bot | INFO | Resumed Connection
2021-10-12 15:09:37,138 | bot | DEBUG | changed bot status
2021-10-12 15:22:40,166 | exts.music | DEBUG | VoiceState created for 829749071891005512
2021-10-12 15:22:40,167 | exts.music | INFO | Audio Player Launched for 829749071891005512
2021-10-12 15:22:40,210 | exts.music | INFO | 829749071891005512: User joined back, Stopping deletion
2021-10-12 15:22:42,110 | exts.music | DEBUG | 829749071891005512: Searching summer time
2021-10-12 15:22:44,703 | exts.music | DEBUG | Enqueued
2021-10-12 15:22:53,059 | exts.music | DEBUG | 829749071891005512: Searching summer time shinamon
2021-10-12 15:22:54,462 | exts.music | DEBUG | Enqueued
2021-10-12 15:28:42,995 | exts.music | DEBUG | 829749071891005512: Searching https://open.spotify.com/playlist/37i9dQZEVXbMnz8KIWsvf9?si=227289f07c8f4515
2021-10-12 15:28:43,092 | spotipy.oauth2 | DEBUG | sending POST request to https://accounts.spotify.com/api/token with Headers: {'Authorization': 'Basic MjA0MjQ3ODljNDBhNDM2Mzk1NTQ2Nzg1ZDc5ZGRmNTk6NzE0ZTE0NjE2MzZmNGRjMWI4ODE1MDI4MjljM2Q4YTQ='} and Body: {'grant_type': 'client_credentials'}
2021-10-12 15:28:43,411 | exts.music | DEBUG | Enqueued
2021-10-12 16:18:06,889 | exts.music | INFO | 829749071891005512: All user left, Waiting for deletion
2021-10-12 16:22:17,556 | exts.music | DEBUG | VoiceState created for 562976873685057546
2021-10-12 16:22:17,557 | exts.music | INFO | Audio Player Launched for 562976873685057546
2021-10-12 16:22:17,602 | exts.music | INFO | 562976873685057546: User joined back, Stopping deletion
2021-10-12 16:22:19,504 | exts.music | DEBUG | 562976873685057546: Searching https://www.youtube.com/playlist?list=PLsQ-ipbXoFYm88bmZy4eyhuIZoTtU_I_Z
2021-10-12 16:22:19,619 | googleapiclient.discovery_cache | INFO | file_cache is only supported with oauth2client<4.0.0
2021-10-12 16:22:19,631 | googleapiclient.discovery | DEBUG | URL being requested: GET https://youtube.googleapis.com/youtube/v3/playlistItems?part=snippet&playlistId=PLsQ-ipbXoFYm88bmZy4eyhuIZoTtU_I_Z&maxResults=25&key=AIzaSyAdxWpkjawZwkOoLZNdBKnaUQ1o3Wov2cg&alt=json
2021-10-12 16:22:19,778 | googleapiclient.discovery | DEBUG | Next page request URL: list_next https://youtube.googleapis.com/youtube/v3/playlistItems?part=snippet&playlistId=PLsQ-ipbXoFYm88bmZy4eyhuIZoTtU_I_Z&maxResults=25&key=AIzaSyAdxWpkjawZwkOoLZNdBKnaUQ1o3Wov2cg&alt=json&pageToken=EAAaBlBUOkNCaw
2021-10-12 16:22:19,835 | googleapiclient.discovery | DEBUG | Next page request URL: list_next https://youtube.googleapis.com/youtube/v3/playlistItems?part=snippet&playlistId=PLsQ-ipbXoFYm88bmZy4eyhuIZoTtU_I_Z&maxResults=25&key=AIzaSyAdxWpkjawZwkOoLZNdBKnaUQ1o3Wov2cg&alt=json&pageToken=EAAaBlBUOkNESQ
2021-10-12 16:22:19,958 | googleapiclient.discovery | DEBUG | Next page request URL: list_next https://youtube.googleapis.com/youtube/v3/playlistItems?part=snippet&playlistId=PLsQ-ipbXoFYm88bmZy4eyhuIZoTtU_I_Z&maxResults=25&key=AIzaSyAdxWpkjawZwkOoLZNdBKnaUQ1o3Wov2cg&alt=json&pageToken=EAAaBlBUOkNFcw
2021-10-12 16:22:20,011 | googleapiclient.discovery | DEBUG | Next page request URL: list_next https://youtube.googleapis.com/youtube/v3/playlistItems?part=snippet&playlistId=PLsQ-ipbXoFYm88bmZy4eyhuIZoTtU_I_Z&maxResults=25&key=AIzaSyAdxWpkjawZwkOoLZNdBKnaUQ1o3Wov2cg&alt=json&pageToken=EAAaBlBUOkNHUQ
2021-10-12 16:22:20,072 | googleapiclient.discovery | DEBUG | Next page request URL: list_next https://youtube.googleapis.com/youtube/v3/playlistItems?part=snippet&playlistId=PLsQ-ipbXoFYm88bmZy4eyhuIZoTtU_I_Z&maxResults=25&key=AIzaSyAdxWpkjawZwkOoLZNdBKnaUQ1o3Wov2cg&alt=json&pageToken=EAAaBlBUOkNIMA
2021-10-12 16:22:20,115 | googleapiclient.discovery | DEBUG | Next page request URL: list_next https://youtube.googleapis.com/youtube/v3/playlistItems?part=snippet&playlistId=PLsQ-ipbXoFYm88bmZy4eyhuIZoTtU_I_Z&maxResults=25&key=AIzaSyAdxWpkjawZwkOoLZNdBKnaUQ1o3Wov2cg&alt=json&pageToken=EAAaB1BUOkNKWUI
2021-10-12 16:22:20,260 | exts.music | DEBUG | Enqueued
2021-10-12 16:22:23,062 | exts.music | DEBUG | 562976873685057546: Searching https://open.spotify.com/playlist/37i9dQZEVXbMnz8KIWsvf9?si=e8e1329c5be946d4
2021-10-12 16:22:23,462 | exts.music | DEBUG | Enqueued
2021-10-12 16:22:28,906 | exts.music | DEBUG | 562976873685057546: Searching https://open.spotify.com/playlist/7u7AZf0i6W9vK7o7PuotFy?si=2a0ef574305d4a47
2021-10-12 16:22:29,563 | exts.music | DEBUG | Enqueued
2021-10-12 16:22:34,494 | exts.music | DEBUG | 562976873685057546: Searching https://open.spotify.com/playlist/5l5CpPwe7FtMvjIoS7TRX9?si=871ec0f30fdf4602
2021-10-12 16:22:35,128 | exts.music | DEBUG | Enqueued
2021-10-12 16:22:45,353 | exts.errorhand | TRACE | Command: q; Already handled locally.
2021-10-12 16:23:30,543 | bot | INFO | Resumed Connection
2021-10-12 16:23:30,656 | bot | DEBUG | changed bot status
2021-10-12 16:24:07,677 | exts.music | INFO | 829749071891005512: Timeout, Nobody left in vc... Disconnected
2021-10-12 16:26:14,061 | exts.admin | DEBUG | Admin Eval from Tpmonkey#2682; code: self.bot.get_cog("Music").loop_for_deletion.start()
2021-10-12 16:26:14,061 | asyncio | ERROR | Task exception was never retrieved
future: <Task finished name='Task-30245' coro=<Loop._loop() done, defined at /opt/virtualenvs/python3/lib/python3.8/site-packages/discord/ext/tasks/__init__.py:88> exception=KeyError(829749071891005512)>
Traceback (most recent call last):
  File "/opt/virtualenvs/python3/lib/python3.8/site-packages/discord/ext/tasks/__init__.py", line 125, in _loop
    raise exc
  File "/opt/virtualenvs/python3/lib/python3.8/site-packages/discord/ext/tasks/__init__.py", line 101, in _loop
    await self.coro(*args, **kwargs)
  File "/home/runner/TpLearn/exts/music.py", line 297, in loop_for_deletion
    try:
KeyError: 829749071891005512
2021-10-12 16:26:14,063 | exts.music | INFO | 829749071891005512: Timeout, Nobody left in vc... Disconnected
2021-10-12 16:27:03,427 | exts.admin | DEBUG | Admin Eval from Tpmonkey#2682; code: self.bot.run_time
2021-10-12 16:27:08,441 | exts.admin | DEBUG | Admin Eval from Tpmonkey#2682; code: dir(self.bot)
2021-10-12 16:27:26,448 | exts.admin | DEBUG | Admin Eval from Tpmonkey#2682; code: datetime.datetime.utcnow() - self.bot.start_time
2021-10-12 16:29:20,863 | exts.admin | DEBUG | Admin Eval from Tpmonkey#2682; code: self.bot.shards
2021-10-12 16:45:28,491 | exts.admin | DEBUG | Admin Eval from Tpmonkey#2682; code: datetime.timedelta(minutes=3*639)
2021-10-12 17:00:30,288 | bot | DEBUG | exts.dayloop New day [UTC+7] detected.
2021-10-12 17:00:30,470 | utils.planner | DEBUG | triggered update
2021-10-12 17:02:30,383 | utils.planner | DEBUG | returning sorted date for 562976873685057546
2021-10-12 17:02:30,719 | bot | DEBUG | creating assignment embed...
2021-10-12 17:02:30,720 | bot | DEBUG | successfully created assignment embed
2021-10-12 17:02:31,835 | bot | DEBUG | exts.update :white_check_mark: Sucessfully update works at 562976873685057546 :
33E
2021-10-12 17:02:32,096 | exts.update | DEBUG | updated active-works for 562976873685057546
2021-10-12 17:02:32,096 | utils.planner | DEBUG | returning sorted date for 728482381215826000
2021-10-12 17:02:32,181 | utils.planner | DEBUG | returning sorted date for 676256965650808873
2021-10-12 17:02:32,309 | utils.planner | DEBUG | returning sorted date for 829749071891005512
2021-10-12 17:02:32,408 | utils.planner | DEBUG | returning sorted date for 773426467492069386
2021-10-13 02:20:41,916 | asyncio | DEBUG | Using selector: EpollSelector
2021-10-13 02:20:41,917 | bot | DEBUG | created bot base.
2021-10-13 02:20:41,934 | constant | DEBUG | init database succesful
2021-10-13 02:20:41,962 | utils.planner | DEBUG | triggered update
2021-10-13 02:20:42,123 | bot | DEBUG | bot subclass Created.
2021-10-13 02:20:42,127 | bot | INFO | Cog loaded: Utility
2021-10-13 02:20:42,468 | bot | INFO | Cog loaded: Music
2021-10-13 02:20:42,470 | bot | INFO | Cog loaded: Snekbox
2021-10-13 02:20:42,474 | bot | INFO | Cog loaded: Help
2021-10-13 02:20:42,475 | bot | INFO | Cog loaded: AdminCommands
2021-10-13 02:20:42,476 | bot | INFO | Cog loaded: Latency
2021-10-13 02:20:42,478 | bot | INFO | Cog loaded: ErrorHandler
2021-10-13 02:20:42,479 | bot | INFO | Cog loaded: SetUp
2021-10-13 02:20:42,481 | bot | INFO | Cog loaded: Assignments
2021-10-13 02:20:42,482 | bot | INFO | Cog loaded: DayLoop
2021-10-13 02:20:42,483 | bot | INFO | Cog loaded: Debug
2021-10-13 02:20:42,484 | bot | INFO | Cog loaded: NewPatch
2021-10-13 02:20:42,485 | bot | INFO | Cog loaded: Updater
2021-10-13 02:20:42,548 | bot | INFO | Cog loaded: KUSNews
2021-10-13 02:20:42,550 | bot | INFO | Cog loaded: VoiceChannel
2021-10-13 02:20:42,577 | exts.kus | DEBUG | loaded data
2021-10-13 02:20:43,744 | bot | DEBUG | exts.kus Unable to fetch kus data, disabled system.
2021-10-13 02:20:45,206 | utils.planner | DEBUG | returning sorted date for 562976873685057546
2021-10-13 02:20:45,216 | bot | INFO | Connected successfully
2021-10-13 02:20:45,411 | bot | DEBUG | changed bot status
2021-10-13 02:20:45,414 | bot | DEBUG | creating assignment embed...
2021-10-13 02:20:45,414 | bot | DEBUG | successfully created assignment embed
2021-10-13 02:20:45,673 | exts.kus | DEBUG | trying to update news but is not enable, passing...
2021-10-13 02:20:46,516 | bot | DEBUG | exts.update :white_check_mark: Sucessfully update works at 562976873685057546 :
33E
2021-10-13 02:20:46,635 | exts.update | DEBUG | updated active-works for 562976873685057546
2021-10-13 02:20:46,636 | utils.planner | DEBUG | returning sorted date for 728482381215826000
2021-10-13 02:20:46,717 | utils.planner | DEBUG | returning sorted date for 676256965650808873
2021-10-13 02:20:46,793 | utils.planner | DEBUG | returning sorted date for 829749071891005512
2021-10-13 02:20:46,872 | utils.planner | DEBUG | returning sorted date for 773426467492069386
2021-10-13 03:49:37,967 | bot | INFO | Resumed Connection
2021-10-13 03:49:38,041 | bot | DEBUG | changed bot status
2021-10-13 04:09:12,270 | exts.music | DEBUG | VoiceState created for 773426467492069386
2021-10-13 04:09:12,271 | exts.music | INFO | Audio Player Launched for 773426467492069386
2021-10-13 04:09:14,206 | exts.music | DEBUG | 773426467492069386: Searching รักไม่ยอมเปลี่ยนแปลง
2021-10-13 04:09:17,716 | exts.music | DEBUG | Enqueued
2021-10-13 04:14:12,614 | exts.music | DEBUG | 773426467492069386: Searching https://www.youtube.com/watch?v=YnFgDCaoaNo
2021-10-13 04:14:14,069 | exts.music | DEBUG | Enqueued
2021-10-13 04:18:01,055 | exts.music | DEBUG | 773426467492069386: Searching https://www.youtube.com/watch?v=RVpSvxazyuM
2021-10-13 04:18:02,641 | exts.music | DEBUG | Enqueued
2021-10-13 04:18:50,767 | exts.music | DEBUG | 773426467492069386: Searching https://www.youtube.com/watch?v=Vtm_76deGRA
2021-10-13 04:18:52,359 | exts.music | DEBUG | Enqueued
2021-10-13 04:19:53,925 | exts.music | DEBUG | 773426467492069386: Searching https://www.youtube.com/watch?v=nk52q-uXRMM
2021-10-13 04:19:55,621 | exts.music | DEBUG | Enqueued
2021-10-13 04:28:42,888 | exts.music | INFO | 773426467492069386: User joined back, Stopping deletion
2021-10-13 05:18:08,103 | exts.music | DEBUG | VoiceState created for 728482381215826000
2021-10-13 05:18:08,104 | exts.music | INFO | Audio Player Launched for 728482381215826000
2021-10-13 05:18:10,105 | exts.music | DEBUG | 728482381215826000: Searching adamas
2021-10-13 05:18:11,540 | exts.music | DEBUG | Enqueued
2021-10-13 05:20:32,132 | exts.admin | DEBUG | Admin Eval from Tpmonkey#2682; code: self.bot.get_guild(773426467492069386)
2021-10-13 05:22:07,887 | bot | INFO | Cog loaded: Music
2021-10-13 05:22:09,278 | exts.music | DEBUG | VoiceState created for 728482381215826000
2021-10-13 05:22:09,279 | exts.music | INFO | Audio Player Launched for 728482381215826000
2021-10-13 05:22:11,228 | exts.music | DEBUG | 728482381215826000: Searching gurenge
2021-10-13 05:22:12,796 | exts.music | DEBUG | Enqueued
2021-10-13 05:22:53,979 | bot | INFO | Cog loaded: Music
2021-10-13 05:22:56,283 | exts.music | DEBUG | VoiceState created for 728482381215826000
2021-10-13 05:22:56,284 | exts.music | INFO | Audio Player Launched for 728482381215826000
2021-10-13 05:22:58,208 | exts.music | DEBUG | 728482381215826000: Searching gurenge
2021-10-13 05:23:00,498 | exts.music | DEBUG | Enqueued
2021-10-13 05:23:45,136 | exts.muleval | DEBUG | Eval command; Ignore black list: True
2021-10-13 05:23:45,137 | exts.muleval | INFO | 'py' highlighted code block
2021-10-13 05:23:45,137 | exts.muleval | TRACE | Eval command: Tpmonkey#2682(518063131096907813) with code:
class A:
  def __init__(self):
    del self

a = A()
print(a)
2021-10-13 05:24:13,305 | exts.muleval | DEBUG | Eval command; Ignore black list: True
2021-10-13 05:24:13,305 | exts.muleval | INFO | 'py' highlighted code block
2021-10-13 05:24:13,306 | exts.muleval | TRACE | Eval command: Tpmonkey#2682(518063131096907813) with code:
class A:
  def delete(self):
    del self

a = A()
a.delete()
print(a)
2021-10-13 05:33:39,230 | bot | INFO | Cog loaded: Music
2021-10-13 05:33:47,819 | exts.music | DEBUG | VoiceState created for 728482381215826000
2021-10-13 05:33:47,876 | exts.music | INFO | Audio Player Launched for 728482381215826000
2021-10-13 05:33:55,757 | exts.music | DEBUG | VoiceState created for 728482381215826000
2021-10-13 05:33:55,758 | exts.music | INFO | Audio Player Launched for 728482381215826000
2021-10-13 05:33:57,716 | exts.music | DEBUG | 728482381215826000: Searching 10 seconds video
2021-10-13 05:33:58,892 | exts.music | DEBUG | Enqueued
2021-10-13 05:34:19,157 | exts.admin | DEBUG | Admin Eval from Tpmonkey#2682; code: self.bot.get_cog("Music").voice_states
2021-10-13 05:36:59,249 | exts.music | DEBUG | VoiceState created for 728482381215826000
2021-10-13 05:36:59,287 | exts.music | INFO | Audio Player Launched for 728482381215826000
2021-10-13 06:14:30,095 | exts.music | DEBUG | VoiceState created for 773426467492069386
2021-10-13 06:14:30,097 | exts.music | INFO | Audio Player Launched for 773426467492069386
2021-10-13 06:14:32,765 | exts.music | DEBUG | 773426467492069386: Searching https://www.youtube.com/watch?v=5abamRO41fE
2021-10-13 06:14:34,305 | exts.music | DEBUG | Enqueued
2021-10-13 06:20:44,002 | bot | DEBUG | exts.kus successfully fecthed kus data, enabled system.
2021-10-13 07:03:24,395 | bot | INFO | Resumed Connection
2021-10-13 07:03:24,595 | bot | DEBUG | changed bot status
2021-10-13 08:59:46,931 | bot | INFO | Resumed Connection
2021-10-13 08:59:47,098 | bot | DEBUG | changed bot status
2021-10-13 10:15:38,682 | bot | INFO | Resumed Connection
2021-10-13 10:15:38,783 | bot | DEBUG | changed bot status
2021-10-13 10:20:43,595 | bot | DEBUG | exts.kus Unable to fetch kus data, disabled system.
2021-10-13 10:20:43,746 | exts.kus | DEBUG | trying to update news but is not enable, passing...
2021-10-13 11:49:03,842 | bot | INFO | Resumed Connection
2021-10-13 11:49:03,895 | bot | DEBUG | changed bot status
2021-10-13 11:56:58,577 | bot | INFO | Resumed Connection
2021-10-13 11:56:58,647 | bot | DEBUG | changed bot status
2021-10-13 12:50:10,238 | exts.music | DEBUG | VoiceState created for 780423376149676032
2021-10-13 12:50:10,239 | exts.music | INFO | Audio Player Launched for 780423376149676032
2021-10-13 12:50:12,160 | exts.music | DEBUG | 780423376149676032: Searching https://open.spotify.com/playlist/3nfjXkUycw16tCEm1patHO?si=sYRHmCNkSiuBRELtJnfD3A&dl_branch=1
2021-10-13 12:50:12,262 | spotipy.oauth2 | DEBUG | sending POST request to https://accounts.spotify.com/api/token with Headers: {'Authorization': 'Basic MjA0MjQ3ODljNDBhNDM2Mzk1NTQ2Nzg1ZDc5ZGRmNTk6NzE0ZTE0NjE2MzZmNGRjMWI4ODE1MDI4MjljM2Q4YTQ='} and Body: {'grant_type': 'client_credentials'}
2021-10-13 12:50:12,735 | exts.music | DEBUG | Enqueued
2021-10-13 12:59:22,777 | exts.music | DEBUG | 780423376149676032: Searching https://open.spotify.com/playlist/646asmArKdM5ywfvImQTAi?si=4QCK8PyTTpClp81PCqsCOg&dl_branch=1
2021-10-13 12:59:23,125 | exts.music | DEBUG | Enqueued
2021-10-13 13:14:37,396 | exts.music | WARNING | Traceback (most recent call last):
  File "/opt/virtualenvs/python3/lib/python3.8/site-packages/youtube_dl/YoutubeDL.py", line 815, in wrapper
    return func(self, *args, **kwargs)
  File "/opt/virtualenvs/python3/lib/python3.8/site-packages/youtube_dl/YoutubeDL.py", line 836, in __extract_info
    ie_result = ie.extract(url)
  File "/opt/virtualenvs/python3/lib/python3.8/site-packages/youtube_dl/extractor/common.py", line 534, in extract
    ie_result = self._real_extract(url)
  File "/opt/virtualenvs/python3/lib/python3.8/site-packages/youtube_dl/extractor/youtube.py", line 1715, in _real_extract
    self._sort_formats(formats)
  File "/opt/virtualenvs/python3/lib/python3.8/site-packages/youtube_dl/extractor/common.py", line 1374, in _sort_formats
    raise ExtractorError('No video formats found')
youtube_dl.utils.ExtractorError: No video formats found

During handling of the above exception, another exception occurred:

Traceback (most recent call last):
  File "/home/runner/TpLearn/exts/music.py", line 199, in audio_player_task
    source = await YTDLSource.create_source(self.current.ctx, self.current.url, loop=self.bot.loop)
  File "/home/runner/TpLearn/utils/audio.py", line 91, in create_source
    processed_info = await loop.run_in_executor(None, partial)
  File "/usr/lib/python3.8/concurrent/futures/thread.py", line 57, in run
    result = self.fn(*self.args, **self.kwargs)
  File "/opt/virtualenvs/python3/lib/python3.8/site-packages/youtube_dl/YoutubeDL.py", line 808, in extract_info
    return self.__extract_info(url, ie, download, extra_info, process)
  File "/opt/virtualenvs/python3/lib/python3.8/site-packages/youtube_dl/YoutubeDL.py", line 815, in wrapper
    return func(self, *args, **kwargs)
  File "/opt/virtualenvs/python3/lib/python3.8/site-packages/youtube_dl/YoutubeDL.py", line 847, in __extract_info
    return self.process_ie_result(ie_result, download, extra_info)
  File "/opt/virtualenvs/python3/lib/python3.8/site-packages/youtube_dl/YoutubeDL.py", line 885, in process_ie_result
    return self.extract_info(ie_result['url'],
  File "/opt/virtualenvs/python3/lib/python3.8/site-packages/youtube_dl/YoutubeDL.py", line 808, in extract_info
    return self.__extract_info(url, ie, download, extra_info, process)
  File "/opt/virtualenvs/python3/lib/python3.8/site-packages/youtube_dl/YoutubeDL.py", line 815, in wrapper
    return func(self, *args, **kwargs)
  File "/opt/virtualenvs/python3/lib/python3.8/site-packages/youtube_dl/YoutubeDL.py", line 847, in __extract_info
    return self.process_ie_result(ie_result, download, extra_info)
  File "/opt/virtualenvs/python3/lib/python3.8/site-packages/youtube_dl/YoutubeDL.py", line 933, in process_ie_result
    return self.__process_playlist(ie_result, download)
  File "/opt/virtualenvs/python3/lib/python3.8/site-packages/youtube_dl/YoutubeDL.py", line 1067, in __process_playlist
    entry_result = self.__process_iterable_entry(entry, download, extra)
  File "/opt/virtualenvs/python3/lib/python3.8/site-packages/youtube_dl/YoutubeDL.py", line 815, in wrapper
    return func(self, *args, **kwargs)
  File "/opt/virtualenvs/python3/lib/python3.8/site-packages/youtube_dl/YoutubeDL.py", line 1076, in __process_iterable_entry
    return self.process_ie_result(
  File "/opt/virtualenvs/python3/lib/python3.8/site-packages/youtube_dl/YoutubeDL.py", line 885, in process_ie_result
    return self.extract_info(ie_result['url'],
  File "/opt/virtualenvs/python3/lib/python3.8/site-packages/youtube_dl/YoutubeDL.py", line 808, in extract_info
    return self.__extract_info(url, ie, download, extra_info, process)
  File "/opt/virtualenvs/python3/lib/python3.8/site-packages/youtube_dl/YoutubeDL.py", line 824, in wrapper
    self.report_error(compat_str(e), e.format_traceback())
  File "/opt/virtualenvs/python3/lib/python3.8/site-packages/youtube_dl/YoutubeDL.py", line 628, in report_error
    self.trouble(error_message, tb)
  File "/opt/virtualenvs/python3/lib/python3.8/site-packages/youtube_dl/YoutubeDL.py", line 598, in trouble
    raise DownloadError(message, exc_info)
youtube_dl.utils.DownloadError: [0;31mERROR:[0m No video formats found

2021-10-13 13:14:38,620 | exts.music | WARNING | Traceback (most recent call last):
  File "/opt/virtualenvs/python3/lib/python3.8/site-packages/youtube_dl/YoutubeDL.py", line 815, in wrapper
    return func(self, *args, **kwargs)
  File "/opt/virtualenvs/python3/lib/python3.8/site-packages/youtube_dl/YoutubeDL.py", line 836, in __extract_info
    ie_result = ie.extract(url)
  File "/opt/virtualenvs/python3/lib/python3.8/site-packages/youtube_dl/extractor/common.py", line 534, in extract
    ie_result = self._real_extract(url)
  File "/opt/virtualenvs/python3/lib/python3.8/site-packages/youtube_dl/extractor/youtube.py", line 1715, in _real_extract
    self._sort_formats(formats)
  File "/opt/virtualenvs/python3/lib/python3.8/site-packages/youtube_dl/extractor/common.py", line 1374, in _sort_formats
    raise ExtractorError('No video formats found')
youtube_dl.utils.ExtractorError: No video formats found

During handling of the above exception, another exception occurred:

Traceback (most recent call last):
  File "/home/runner/TpLearn/exts/music.py", line 199, in audio_player_task
    source = await YTDLSource.create_source(self.current.ctx, self.current.url, loop=self.bot.loop)
  File "/home/runner/TpLearn/utils/audio.py", line 91, in create_source
    processed_info = await loop.run_in_executor(None, partial)
  File "/usr/lib/python3.8/concurrent/futures/thread.py", line 57, in run
    result = self.fn(*self.args, **self.kwargs)
  File "/opt/virtualenvs/python3/lib/python3.8/site-packages/youtube_dl/YoutubeDL.py", line 808, in extract_info
    return self.__extract_info(url, ie, download, extra_info, process)
  File "/opt/virtualenvs/python3/lib/python3.8/site-packages/youtube_dl/YoutubeDL.py", line 815, in wrapper
    return func(self, *args, **kwargs)
  File "/opt/virtualenvs/python3/lib/python3.8/site-packages/youtube_dl/YoutubeDL.py", line 847, in __extract_info
    return self.process_ie_result(ie_result, download, extra_info)
  File "/opt/virtualenvs/python3/lib/python3.8/site-packages/youtube_dl/YoutubeDL.py", line 885, in process_ie_result
    return self.extract_info(ie_result['url'],
  File "/opt/virtualenvs/python3/lib/python3.8/site-packages/youtube_dl/YoutubeDL.py", line 808, in extract_info
    return self.__extract_info(url, ie, download, extra_info, process)
  File "/opt/virtualenvs/python3/lib/python3.8/site-packages/youtube_dl/YoutubeDL.py", line 815, in wrapper
    return func(self, *args, **kwargs)
  File "/opt/virtualenvs/python3/lib/python3.8/site-packages/youtube_dl/YoutubeDL.py", line 847, in __extract_info
    return self.process_ie_result(ie_result, download, extra_info)
  File "/opt/virtualenvs/python3/lib/python3.8/site-packages/youtube_dl/YoutubeDL.py", line 933, in process_ie_result
    return self.__process_playlist(ie_result, download)
  File "/opt/virtualenvs/python3/lib/python3.8/site-packages/youtube_dl/YoutubeDL.py", line 1067, in __process_playlist
    entry_result = self.__process_iterable_entry(entry, download, extra)
  File "/opt/virtualenvs/python3/lib/python3.8/site-packages/youtube_dl/YoutubeDL.py", line 815, in wrapper
    return func(self, *args, **kwargs)
  File "/opt/virtualenvs/python3/lib/python3.8/site-packages/youtube_dl/YoutubeDL.py", line 1076, in __process_iterable_entry
    return self.process_ie_result(
  File "/opt/virtualenvs/python3/lib/python3.8/site-packages/youtube_dl/YoutubeDL.py", line 885, in process_ie_result
    return self.extract_info(ie_result['url'],
  File "/opt/virtualenvs/python3/lib/python3.8/site-packages/youtube_dl/YoutubeDL.py", line 808, in extract_info
    return self.__extract_info(url, ie, download, extra_info, process)
  File "/opt/virtualenvs/python3/lib/python3.8/site-packages/youtube_dl/YoutubeDL.py", line 824, in wrapper
    self.report_error(compat_str(e), e.format_traceback())
  File "/opt/virtualenvs/python3/lib/python3.8/site-packages/youtube_dl/YoutubeDL.py", line 628, in report_error
    self.trouble(error_message, tb)
  File "/opt/virtualenvs/python3/lib/python3.8/site-packages/youtube_dl/YoutubeDL.py", line 598, in trouble
    raise DownloadError(message, exc_info)
youtube_dl.utils.DownloadError: [0;31mERROR:[0m No video formats found

2021-10-13 13:14:40,059 | exts.music | WARNING | Traceback (most recent call last):
  File "/opt/virtualenvs/python3/lib/python3.8/site-packages/youtube_dl/YoutubeDL.py", line 815, in wrapper
    return func(self, *args, **kwargs)
  File "/opt/virtualenvs/python3/lib/python3.8/site-packages/youtube_dl/YoutubeDL.py", line 836, in __extract_info
    ie_result = ie.extract(url)
  File "/opt/virtualenvs/python3/lib/python3.8/site-packages/youtube_dl/extractor/common.py", line 534, in extract
    ie_result = self._real_extract(url)
  File "/opt/virtualenvs/python3/lib/python3.8/site-packages/youtube_dl/extractor/youtube.py", line 1715, in _real_extract
    self._sort_formats(formats)
  File "/opt/virtualenvs/python3/lib/python3.8/site-packages/youtube_dl/extractor/common.py", line 1374, in _sort_formats
    raise ExtractorError('No video formats found')
youtube_dl.utils.ExtractorError: No video formats found

During handling of the above exception, another exception occurred:

Traceback (most recent call last):
  File "/home/runner/TpLearn/exts/music.py", line 199, in audio_player_task
    source = await YTDLSource.create_source(self.current.ctx, self.current.url, loop=self.bot.loop)
  File "/home/runner/TpLearn/utils/audio.py", line 91, in create_source
    processed_info = await loop.run_in_executor(None, partial)
  File "/usr/lib/python3.8/concurrent/futures/thread.py", line 57, in run
    result = self.fn(*self.args, **self.kwargs)
  File "/opt/virtualenvs/python3/lib/python3.8/site-packages/youtube_dl/YoutubeDL.py", line 808, in extract_info
    return self.__extract_info(url, ie, download, extra_info, process)
  File "/opt/virtualenvs/python3/lib/python3.8/site-packages/youtube_dl/YoutubeDL.py", line 815, in wrapper
    return func(self, *args, **kwargs)
  File "/opt/virtualenvs/python3/lib/python3.8/site-packages/youtube_dl/YoutubeDL.py", line 847, in __extract_info
    return self.process_ie_result(ie_result, download, extra_info)
  File "/opt/virtualenvs/python3/lib/python3.8/site-packages/youtube_dl/YoutubeDL.py", line 885, in process_ie_result
    return self.extract_info(ie_result['url'],
  File "/opt/virtualenvs/python3/lib/python3.8/site-packages/youtube_dl/YoutubeDL.py", line 808, in extract_info
    return self.__extract_info(url, ie, download, extra_info, process)
  File "/opt/virtualenvs/python3/lib/python3.8/site-packages/youtube_dl/YoutubeDL.py", line 815, in wrapper
    return func(self, *args, **kwargs)
  File "/opt/virtualenvs/python3/lib/python3.8/site-packages/youtube_dl/YoutubeDL.py", line 847, in __extract_info
    return self.process_ie_result(ie_result, download, extra_info)
  File "/opt/virtualenvs/python3/lib/python3.8/site-packages/youtube_dl/YoutubeDL.py", line 933, in process_ie_result
    return self.__process_playlist(ie_result, download)
  File "/opt/virtualenvs/python3/lib/python3.8/site-packages/youtube_dl/YoutubeDL.py", line 1067, in __process_playlist
    entry_result = self.__process_iterable_entry(entry, download, extra)
  File "/opt/virtualenvs/python3/lib/python3.8/site-packages/youtube_dl/YoutubeDL.py", line 815, in wrapper
    return func(self, *args, **kwargs)
  File "/opt/virtualenvs/python3/lib/python3.8/site-packages/youtube_dl/YoutubeDL.py", line 1076, in __process_iterable_entry
    return self.process_ie_result(
  File "/opt/virtualenvs/python3/lib/python3.8/site-packages/youtube_dl/YoutubeDL.py", line 885, in process_ie_result
    return self.extract_info(ie_result['url'],
  File "/opt/virtualenvs/python3/lib/python3.8/site-packages/youtube_dl/YoutubeDL.py", line 808, in extract_info
    return self.__extract_info(url, ie, download, extra_info, process)
  File "/opt/virtualenvs/python3/lib/python3.8/site-packages/youtube_dl/YoutubeDL.py", line 824, in wrapper
    self.report_error(compat_str(e), e.format_traceback())
  File "/opt/virtualenvs/python3/lib/python3.8/site-packages/youtube_dl/YoutubeDL.py", line 628, in report_error
    self.trouble(error_message, tb)
  File "/opt/virtualenvs/python3/lib/python3.8/site-packages/youtube_dl/YoutubeDL.py", line 598, in trouble
    raise DownloadError(message, exc_info)
youtube_dl.utils.DownloadError: [0;31mERROR:[0m No video formats found

2021-10-13 13:14:41,394 | exts.music | WARNING | Traceback (most recent call last):
  File "/opt/virtualenvs/python3/lib/python3.8/site-packages/youtube_dl/YoutubeDL.py", line 815, in wrapper
    return func(self, *args, **kwargs)
  File "/opt/virtualenvs/python3/lib/python3.8/site-packages/youtube_dl/YoutubeDL.py", line 836, in __extract_info
    ie_result = ie.extract(url)
  File "/opt/virtualenvs/python3/lib/python3.8/site-packages/youtube_dl/extractor/common.py", line 534, in extract
    ie_result = self._real_extract(url)
  File "/opt/virtualenvs/python3/lib/python3.8/site-packages/youtube_dl/extractor/youtube.py", line 1715, in _real_extract
    self._sort_formats(formats)
  File "/opt/virtualenvs/python3/lib/python3.8/site-packages/youtube_dl/extractor/common.py", line 1374, in _sort_formats
    raise ExtractorError('No video formats found')
youtube_dl.utils.ExtractorError: No video formats found

During handling of the above exception, another exception occurred:

Traceback (most recent call last):
  File "/home/runner/TpLearn/exts/music.py", line 199, in audio_player_task
    source = await YTDLSource.create_source(self.current.ctx, self.current.url, loop=self.bot.loop)
  File "/home/runner/TpLearn/utils/audio.py", line 91, in create_source
    processed_info = await loop.run_in_executor(None, partial)
  File "/usr/lib/python3.8/concurrent/futures/thread.py", line 57, in run
    result = self.fn(*self.args, **self.kwargs)
  File "/opt/virtualenvs/python3/lib/python3.8/site-packages/youtube_dl/YoutubeDL.py", line 808, in extract_info
    return self.__extract_info(url, ie, download, extra_info, process)
  File "/opt/virtualenvs/python3/lib/python3.8/site-packages/youtube_dl/YoutubeDL.py", line 815, in wrapper
    return func(self, *args, **kwargs)
  File "/opt/virtualenvs/python3/lib/python3.8/site-packages/youtube_dl/YoutubeDL.py", line 847, in __extract_info
    return self.process_ie_result(ie_result, download, extra_info)
  File "/opt/virtualenvs/python3/lib/python3.8/site-packages/youtube_dl/YoutubeDL.py", line 885, in process_ie_result
    return self.extract_info(ie_result['url'],
  File "/opt/virtualenvs/python3/lib/python3.8/site-packages/youtube_dl/YoutubeDL.py", line 808, in extract_info
    return self.__extract_info(url, ie, download, extra_info, process)
  File "/opt/virtualenvs/python3/lib/python3.8/site-packages/youtube_dl/YoutubeDL.py", line 815, in wrapper
    return func(self, *args, **kwargs)
  File "/opt/virtualenvs/python3/lib/python3.8/site-packages/youtube_dl/YoutubeDL.py", line 847, in __extract_info
    return self.process_ie_result(ie_result, download, extra_info)
  File "/opt/virtualenvs/python3/lib/python3.8/site-packages/youtube_dl/YoutubeDL.py", line 933, in process_ie_result
    return self.__process_playlist(ie_result, download)
  File "/opt/virtualenvs/python3/lib/python3.8/site-packages/youtube_dl/YoutubeDL.py", line 1067, in __process_playlist
    entry_result = self.__process_iterable_entry(entry, download, extra)
  File "/opt/virtualenvs/python3/lib/python3.8/site-packages/youtube_dl/YoutubeDL.py", line 815, in wrapper
    return func(self, *args, **kwargs)
  File "/opt/virtualenvs/python3/lib/python3.8/site-packages/youtube_dl/YoutubeDL.py", line 1076, in __process_iterable_entry
    return self.process_ie_result(
  File "/opt/virtualenvs/python3/lib/python3.8/site-packages/youtube_dl/YoutubeDL.py", line 885, in process_ie_result
    return self.extract_info(ie_result['url'],
  File "/opt/virtualenvs/python3/lib/python3.8/site-packages/youtube_dl/YoutubeDL.py", line 808, in extract_info
    return self.__extract_info(url, ie, download, extra_info, process)
  File "/opt/virtualenvs/python3/lib/python3.8/site-packages/youtube_dl/YoutubeDL.py", line 824, in wrapper
    self.report_error(compat_str(e), e.format_traceback())
  File "/opt/virtualenvs/python3/lib/python3.8/site-packages/youtube_dl/YoutubeDL.py", line 628, in report_error
    self.trouble(error_message, tb)
  File "/opt/virtualenvs/python3/lib/python3.8/site-packages/youtube_dl/YoutubeDL.py", line 598, in trouble
    raise DownloadError(message, exc_info)
youtube_dl.utils.DownloadError: [0;31mERROR:[0m No video formats found

2021-10-13 13:17:49,416 | exts.music | WARNING | Traceback (most recent call last):
  File "/opt/virtualenvs/python3/lib/python3.8/site-packages/youtube_dl/YoutubeDL.py", line 815, in wrapper
    return func(self, *args, **kwargs)
  File "/opt/virtualenvs/python3/lib/python3.8/site-packages/youtube_dl/YoutubeDL.py", line 836, in __extract_info
    ie_result = ie.extract(url)
  File "/opt/virtualenvs/python3/lib/python3.8/site-packages/youtube_dl/extractor/common.py", line 534, in extract
    ie_result = self._real_extract(url)
  File "/opt/virtualenvs/python3/lib/python3.8/site-packages/youtube_dl/extractor/youtube.py", line 1715, in _real_extract
    self._sort_formats(formats)
  File "/opt/virtualenvs/python3/lib/python3.8/site-packages/youtube_dl/extractor/common.py", line 1374, in _sort_formats
    raise ExtractorError('No video formats found')
youtube_dl.utils.ExtractorError: No video formats found

During handling of the above exception, another exception occurred:

Traceback (most recent call last):
  File "/home/runner/TpLearn/exts/music.py", line 199, in audio_player_task
    source = await YTDLSource.create_source(self.current.ctx, self.current.url, loop=self.bot.loop)
  File "/home/runner/TpLearn/utils/audio.py", line 91, in create_source
    processed_info = await loop.run_in_executor(None, partial)
  File "/usr/lib/python3.8/concurrent/futures/thread.py", line 57, in run
    result = self.fn(*self.args, **self.kwargs)
  File "/opt/virtualenvs/python3/lib/python3.8/site-packages/youtube_dl/YoutubeDL.py", line 808, in extract_info
    return self.__extract_info(url, ie, download, extra_info, process)
  File "/opt/virtualenvs/python3/lib/python3.8/site-packages/youtube_dl/YoutubeDL.py", line 815, in wrapper
    return func(self, *args, **kwargs)
  File "/opt/virtualenvs/python3/lib/python3.8/site-packages/youtube_dl/YoutubeDL.py", line 847, in __extract_info
    return self.process_ie_result(ie_result, download, extra_info)
  File "/opt/virtualenvs/python3/lib/python3.8/site-packages/youtube_dl/YoutubeDL.py", line 885, in process_ie_result
    return self.extract_info(ie_result['url'],
  File "/opt/virtualenvs/python3/lib/python3.8/site-packages/youtube_dl/YoutubeDL.py", line 808, in extract_info
    return self.__extract_info(url, ie, download, extra_info, process)
  File "/opt/virtualenvs/python3/lib/python3.8/site-packages/youtube_dl/YoutubeDL.py", line 815, in wrapper
    return func(self, *args, **kwargs)
  File "/opt/virtualenvs/python3/lib/python3.8/site-packages/youtube_dl/YoutubeDL.py", line 847, in __extract_info
    return self.process_ie_result(ie_result, download, extra_info)
  File "/opt/virtualenvs/python3/lib/python3.8/site-packages/youtube_dl/YoutubeDL.py", line 933, in process_ie_result
    return self.__process_playlist(ie_result, download)
  File "/opt/virtualenvs/python3/lib/python3.8/site-packages/youtube_dl/YoutubeDL.py", line 1067, in __process_playlist
    entry_result = self.__process_iterable_entry(entry, download, extra)
  File "/opt/virtualenvs/python3/lib/python3.8/site-packages/youtube_dl/YoutubeDL.py", line 815, in wrapper
    return func(self, *args, **kwargs)
  File "/opt/virtualenvs/python3/lib/python3.8/site-packages/youtube_dl/YoutubeDL.py", line 1076, in __process_iterable_entry
    return self.process_ie_result(
  File "/opt/virtualenvs/python3/lib/python3.8/site-packages/youtube_dl/YoutubeDL.py", line 885, in process_ie_result
    return self.extract_info(ie_result['url'],
  File "/opt/virtualenvs/python3/lib/python3.8/site-packages/youtube_dl/YoutubeDL.py", line 808, in extract_info
    return self.__extract_info(url, ie, download, extra_info, process)
  File "/opt/virtualenvs/python3/lib/python3.8/site-packages/youtube_dl/YoutubeDL.py", line 824, in wrapper
    self.report_error(compat_str(e), e.format_traceback())
  File "/opt/virtualenvs/python3/lib/python3.8/site-packages/youtube_dl/YoutubeDL.py", line 628, in report_error
    self.trouble(error_message, tb)
  File "/opt/virtualenvs/python3/lib/python3.8/site-packages/youtube_dl/YoutubeDL.py", line 598, in trouble
    raise DownloadError(message, exc_info)
youtube_dl.utils.DownloadError: [0;31mERROR:[0m No video formats found

2021-10-13 13:22:00,689 | exts.music | WARNING | Traceback (most recent call last):
  File "/opt/virtualenvs/python3/lib/python3.8/site-packages/youtube_dl/YoutubeDL.py", line 815, in wrapper
    return func(self, *args, **kwargs)
  File "/opt/virtualenvs/python3/lib/python3.8/site-packages/youtube_dl/YoutubeDL.py", line 836, in __extract_info
    ie_result = ie.extract(url)
  File "/opt/virtualenvs/python3/lib/python3.8/site-packages/youtube_dl/extractor/common.py", line 534, in extract
    ie_result = self._real_extract(url)
  File "/opt/virtualenvs/python3/lib/python3.8/site-packages/youtube_dl/extractor/youtube.py", line 1715, in _real_extract
    self._sort_formats(formats)
  File "/opt/virtualenvs/python3/lib/python3.8/site-packages/youtube_dl/extractor/common.py", line 1374, in _sort_formats
    raise ExtractorError('No video formats found')
youtube_dl.utils.ExtractorError: No video formats found

During handling of the above exception, another exception occurred:

Traceback (most recent call last):
  File "/home/runner/TpLearn/exts/music.py", line 199, in audio_player_task
    source = await YTDLSource.create_source(self.current.ctx, self.current.url, loop=self.bot.loop)
  File "/home/runner/TpLearn/utils/audio.py", line 91, in create_source
    processed_info = await loop.run_in_executor(None, partial)
  File "/usr/lib/python3.8/concurrent/futures/thread.py", line 57, in run
    result = self.fn(*self.args, **self.kwargs)
  File "/opt/virtualenvs/python3/lib/python3.8/site-packages/youtube_dl/YoutubeDL.py", line 808, in extract_info
    return self.__extract_info(url, ie, download, extra_info, process)
  File "/opt/virtualenvs/python3/lib/python3.8/site-packages/youtube_dl/YoutubeDL.py", line 815, in wrapper
    return func(self, *args, **kwargs)
  File "/opt/virtualenvs/python3/lib/python3.8/site-packages/youtube_dl/YoutubeDL.py", line 847, in __extract_info
    return self.process_ie_result(ie_result, download, extra_info)
  File "/opt/virtualenvs/python3/lib/python3.8/site-packages/youtube_dl/YoutubeDL.py", line 885, in process_ie_result
    return self.extract_info(ie_result['url'],
  File "/opt/virtualenvs/python3/lib/python3.8/site-packages/youtube_dl/YoutubeDL.py", line 808, in extract_info
    return self.__extract_info(url, ie, download, extra_info, process)
  File "/opt/virtualenvs/python3/lib/python3.8/site-packages/youtube_dl/YoutubeDL.py", line 815, in wrapper
    return func(self, *args, **kwargs)
  File "/opt/virtualenvs/python3/lib/python3.8/site-packages/youtube_dl/YoutubeDL.py", line 847, in __extract_info
    return self.process_ie_result(ie_result, download, extra_info)
  File "/opt/virtualenvs/python3/lib/python3.8/site-packages/youtube_dl/YoutubeDL.py", line 933, in process_ie_result
    return self.__process_playlist(ie_result, download)
  File "/opt/virtualenvs/python3/lib/python3.8/site-packages/youtube_dl/YoutubeDL.py", line 1067, in __process_playlist
    entry_result = self.__process_iterable_entry(entry, download, extra)
  File "/opt/virtualenvs/python3/lib/python3.8/site-packages/youtube_dl/YoutubeDL.py", line 815, in wrapper
    return func(self, *args, **kwargs)
  File "/opt/virtualenvs/python3/lib/python3.8/site-packages/youtube_dl/YoutubeDL.py", line 1076, in __process_iterable_entry
    return self.process_ie_result(
  File "/opt/virtualenvs/python3/lib/python3.8/site-packages/youtube_dl/YoutubeDL.py", line 885, in process_ie_result
    return self.extract_info(ie_result['url'],
  File "/opt/virtualenvs/python3/lib/python3.8/site-packages/youtube_dl/YoutubeDL.py", line 808, in extract_info
    return self.__extract_info(url, ie, download, extra_info, process)
  File "/opt/virtualenvs/python3/lib/python3.8/site-packages/youtube_dl/YoutubeDL.py", line 824, in wrapper
    self.report_error(compat_str(e), e.format_traceback())
  File "/opt/virtualenvs/python3/lib/python3.8/site-packages/youtube_dl/YoutubeDL.py", line 628, in report_error
    self.trouble(error_message, tb)
  File "/opt/virtualenvs/python3/lib/python3.8/site-packages/youtube_dl/YoutubeDL.py", line 598, in trouble
    raise DownloadError(message, exc_info)
youtube_dl.utils.DownloadError: [0;31mERROR:[0m No video formats found

2021-10-13 13:31:04,421 | exts.music | WARNING | Traceback (most recent call last):
  File "/opt/virtualenvs/python3/lib/python3.8/site-packages/youtube_dl/YoutubeDL.py", line 815, in wrapper
    return func(self, *args, **kwargs)
  File "/opt/virtualenvs/python3/lib/python3.8/site-packages/youtube_dl/YoutubeDL.py", line 836, in __extract_info
    ie_result = ie.extract(url)
  File "/opt/virtualenvs/python3/lib/python3.8/site-packages/youtube_dl/extractor/common.py", line 534, in extract
    ie_result = self._real_extract(url)
  File "/opt/virtualenvs/python3/lib/python3.8/site-packages/youtube_dl/extractor/youtube.py", line 1715, in _real_extract
    self._sort_formats(formats)
  File "/opt/virtualenvs/python3/lib/python3.8/site-packages/youtube_dl/extractor/common.py", line 1374, in _sort_formats
    raise ExtractorError('No video formats found')
youtube_dl.utils.ExtractorError: No video formats found

During handling of the above exception, another exception occurred:

Traceback (most recent call last):
  File "/home/runner/TpLearn/exts/music.py", line 199, in audio_player_task
    source = await YTDLSource.create_source(self.current.ctx, self.current.url, loop=self.bot.loop)
  File "/home/runner/TpLearn/utils/audio.py", line 91, in create_source
    processed_info = await loop.run_in_executor(None, partial)
  File "/usr/lib/python3.8/concurrent/futures/thread.py", line 57, in run
    result = self.fn(*self.args, **self.kwargs)
  File "/opt/virtualenvs/python3/lib/python3.8/site-packages/youtube_dl/YoutubeDL.py", line 808, in extract_info
    return self.__extract_info(url, ie, download, extra_info, process)
  File "/opt/virtualenvs/python3/lib/python3.8/site-packages/youtube_dl/YoutubeDL.py", line 815, in wrapper
    return func(self, *args, **kwargs)
  File "/opt/virtualenvs/python3/lib/python3.8/site-packages/youtube_dl/YoutubeDL.py", line 847, in __extract_info
    return self.process_ie_result(ie_result, download, extra_info)
  File "/opt/virtualenvs/python3/lib/python3.8/site-packages/youtube_dl/YoutubeDL.py", line 885, in process_ie_result
    return self.extract_info(ie_result['url'],
  File "/opt/virtualenvs/python3/lib/python3.8/site-packages/youtube_dl/YoutubeDL.py", line 808, in extract_info
    return self.__extract_info(url, ie, download, extra_info, process)
  File "/opt/virtualenvs/python3/lib/python3.8/site-packages/youtube_dl/YoutubeDL.py", line 815, in wrapper
    return func(self, *args, **kwargs)
  File "/opt/virtualenvs/python3/lib/python3.8/site-packages/youtube_dl/YoutubeDL.py", line 847, in __extract_info
    return self.process_ie_result(ie_result, download, extra_info)
  File "/opt/virtualenvs/python3/lib/python3.8/site-packages/youtube_dl/YoutubeDL.py", line 933, in process_ie_result
    return self.__process_playlist(ie_result, download)
  File "/opt/virtualenvs/python3/lib/python3.8/site-packages/youtube_dl/YoutubeDL.py", line 1067, in __process_playlist
    entry_result = self.__process_iterable_entry(entry, download, extra)
  File "/opt/virtualenvs/python3/lib/python3.8/site-packages/youtube_dl/YoutubeDL.py", line 815, in wrapper
    return func(self, *args, **kwargs)
  File "/opt/virtualenvs/python3/lib/python3.8/site-packages/youtube_dl/YoutubeDL.py", line 1076, in __process_iterable_entry
    return self.process_ie_result(
  File "/opt/virtualenvs/python3/lib/python3.8/site-packages/youtube_dl/YoutubeDL.py", line 885, in process_ie_result
    return self.extract_info(ie_result['url'],
  File "/opt/virtualenvs/python3/lib/python3.8/site-packages/youtube_dl/YoutubeDL.py", line 808, in extract_info
    return self.__extract_info(url, ie, download, extra_info, process)
  File "/opt/virtualenvs/python3/lib/python3.8/site-packages/youtube_dl/YoutubeDL.py", line 824, in wrapper
    self.report_error(compat_str(e), e.format_traceback())
  File "/opt/virtualenvs/python3/lib/python3.8/site-packages/youtube_dl/YoutubeDL.py", line 628, in report_error
    self.trouble(error_message, tb)
  File "/opt/virtualenvs/python3/lib/python3.8/site-packages/youtube_dl/YoutubeDL.py", line 598, in trouble
    raise DownloadError(message, exc_info)
youtube_dl.utils.DownloadError: [0;31mERROR:[0m No video formats found

2021-10-13 13:31:05,921 | exts.music | WARNING | Traceback (most recent call last):
  File "/opt/virtualenvs/python3/lib/python3.8/site-packages/youtube_dl/YoutubeDL.py", line 815, in wrapper
    return func(self, *args, **kwargs)
  File "/opt/virtualenvs/python3/lib/python3.8/site-packages/youtube_dl/YoutubeDL.py", line 836, in __extract_info
    ie_result = ie.extract(url)
  File "/opt/virtualenvs/python3/lib/python3.8/site-packages/youtube_dl/extractor/common.py", line 534, in extract
    ie_result = self._real_extract(url)
  File "/opt/virtualenvs/python3/lib/python3.8/site-packages/youtube_dl/extractor/youtube.py", line 1715, in _real_extract
    self._sort_formats(formats)
  File "/opt/virtualenvs/python3/lib/python3.8/site-packages/youtube_dl/extractor/common.py", line 1374, in _sort_formats
    raise ExtractorError('No video formats found')
youtube_dl.utils.ExtractorError: No video formats found

During handling of the above exception, another exception occurred:

Traceback (most recent call last):
  File "/home/runner/TpLearn/exts/music.py", line 199, in audio_player_task
    source = await YTDLSource.create_source(self.current.ctx, self.current.url, loop=self.bot.loop)
  File "/home/runner/TpLearn/utils/audio.py", line 91, in create_source
    processed_info = await loop.run_in_executor(None, partial)
  File "/usr/lib/python3.8/concurrent/futures/thread.py", line 57, in run
    result = self.fn(*self.args, **self.kwargs)
  File "/opt/virtualenvs/python3/lib/python3.8/site-packages/youtube_dl/YoutubeDL.py", line 808, in extract_info
    return self.__extract_info(url, ie, download, extra_info, process)
  File "/opt/virtualenvs/python3/lib/python3.8/site-packages/youtube_dl/YoutubeDL.py", line 815, in wrapper
    return func(self, *args, **kwargs)
  File "/opt/virtualenvs/python3/lib/python3.8/site-packages/youtube_dl/YoutubeDL.py", line 847, in __extract_info
    return self.process_ie_result(ie_result, download, extra_info)
  File "/opt/virtualenvs/python3/lib/python3.8/site-packages/youtube_dl/YoutubeDL.py", line 885, in process_ie_result
    return self.extract_info(ie_result['url'],
  File "/opt/virtualenvs/python3/lib/python3.8/site-packages/youtube_dl/YoutubeDL.py", line 808, in extract_info
    return self.__extract_info(url, ie, download, extra_info, process)
  File "/opt/virtualenvs/python3/lib/python3.8/site-packages/youtube_dl/YoutubeDL.py", line 815, in wrapper
    return func(self, *args, **kwargs)
  File "/opt/virtualenvs/python3/lib/python3.8/site-packages/youtube_dl/YoutubeDL.py", line 847, in __extract_info
    return self.process_ie_result(ie_result, download, extra_info)
  File "/opt/virtualenvs/python3/lib/python3.8/site-packages/youtube_dl/YoutubeDL.py", line 933, in process_ie_result
    return self.__process_playlist(ie_result, download)
  File "/opt/virtualenvs/python3/lib/python3.8/site-packages/youtube_dl/YoutubeDL.py", line 1067, in __process_playlist
    entry_result = self.__process_iterable_entry(entry, download, extra)
  File "/opt/virtualenvs/python3/lib/python3.8/site-packages/youtube_dl/YoutubeDL.py", line 815, in wrapper
    return func(self, *args, **kwargs)
  File "/opt/virtualenvs/python3/lib/python3.8/site-packages/youtube_dl/YoutubeDL.py", line 1076, in __process_iterable_entry
    return self.process_ie_result(
  File "/opt/virtualenvs/python3/lib/python3.8/site-packages/youtube_dl/YoutubeDL.py", line 885, in process_ie_result
    return self.extract_info(ie_result['url'],
  File "/opt/virtualenvs/python3/lib/python3.8/site-packages/youtube_dl/YoutubeDL.py", line 808, in extract_info
    return self.__extract_info(url, ie, download, extra_info, process)
  File "/opt/virtualenvs/python3/lib/python3.8/site-packages/youtube_dl/YoutubeDL.py", line 824, in wrapper
    self.report_error(compat_str(e), e.format_traceback())
  File "/opt/virtualenvs/python3/lib/python3.8/site-packages/youtube_dl/YoutubeDL.py", line 628, in report_error
    self.trouble(error_message, tb)
  File "/opt/virtualenvs/python3/lib/python3.8/site-packages/youtube_dl/YoutubeDL.py", line 598, in trouble
    raise DownloadError(message, exc_info)
youtube_dl.utils.DownloadError: [0;31mERROR:[0m No video formats found

2021-10-13 13:50:10,846 | exts.music | INFO | 780423376149676032: User joined back, Stopping deletion
2021-10-13 14:07:33,648 | exts.music | DEBUG | VoiceState created for 780423376149676032
2021-10-13 14:07:33,649 | exts.music | INFO | Audio Player Launched for 780423376149676032
2021-10-13 14:07:35,579 | exts.music | DEBUG | 780423376149676032: Searching driver license olivia rodrigo
2021-10-13 14:07:39,380 | exts.music | DEBUG | Enqueued
2021-10-13 14:20:43,514 | exts.kus | DEBUG | trying to update news but is not enable, passing...
2021-10-13 14:37:53,496 | exts.music | DEBUG | VoiceState created for 780423376149676032
2021-10-13 14:37:53,497 | exts.music | INFO | Audio Player Launched for 780423376149676032
2021-10-13 14:37:55,460 | exts.music | DEBUG | 780423376149676032: Searching ยังโสด
2021-10-13 14:37:56,920 | exts.music | DEBUG | Enqueued
2021-10-13 14:39:03,260 | exts.music | DEBUG | VoiceState created for 773426467492069386
2021-10-13 14:39:03,261 | exts.music | INFO | Audio Player Launched for 773426467492069386
2021-10-13 14:39:05,213 | exts.music | DEBUG | 773426467492069386: Searching https://www.youtube.com/watch?v=gSfhy_Yvs9k&ab_channel=Lora
2021-10-13 14:39:07,041 | exts.music | DEBUG | Enqueued
2021-10-13 14:41:18,366 | exts.music | DEBUG | 780423376149676032: Searching แค่โสด
2021-10-13 14:41:19,649 | exts.music | DEBUG | Enqueued
2021-10-13 14:42:59,615 | exts.errorhand | TRACE | Command: leave; Already handled locally.
2021-10-13 14:45:35,890 | exts.music | DEBUG | VoiceState created for 773426467492069386
2021-10-13 14:45:35,891 | exts.music | INFO | Audio Player Launched for 773426467492069386
2021-10-13 14:45:56,768 | exts.admin | DEBUG | Admin Eval from Tpmonkey#2682; code: self.bot.get_guild(780423376149676032)
2021-10-13 14:50:35,894 | asyncio | ERROR | Task exception was never retrieved
future: <Task finished name='Task-15683' coro=<VoiceState.stop() done, defined at /home/runner/TpLearn/exts/music.py:234> exception=KeyError(773426467492069386)>
Traceback (most recent call last):
  File "/home/runner/TpLearn/exts/music.py", line 245, in stop
    try:
KeyError: 773426467492069386
2021-10-13 14:56:30,774 | exts.music | DEBUG | VoiceState created for 728482381215826000
2021-10-13 14:56:30,774 | exts.music | INFO | Audio Player Launched for 728482381215826000
2021-10-13 14:56:32,728 | exts.music | DEBUG | 728482381215826000: Searching gurenge
2021-10-13 14:56:34,225 | exts.music | DEBUG | Enqueued
2021-10-13 14:57:02,566 | exts.errorhand | TRACE | Command: leave; Already handled locally.
2021-10-13 14:57:35,088 | exts.music | DEBUG | VoiceState created for 728482381215826000
2021-10-13 14:57:35,089 | exts.music | INFO | Audio Player Launched for 728482381215826000
2021-10-13 14:57:37,005 | exts.music | DEBUG | 728482381215826000: Searching gurenge
2021-10-13 14:57:38,806 | exts.music | DEBUG | Enqueued
2021-10-13 14:57:52,502 | bot | INFO | Cog loaded: Music
2021-10-13 14:57:52,515 | asyncio | ERROR | Task exception was never retrieved
future: <Task finished name='Task-16042' coro=<VoiceState.stop() done, defined at /home/runner/TpLearn/exts/music.py:234> exception=KeyError(728482381215826000)>
Traceback (most recent call last):
  File "/home/runner/TpLearn/exts/music.py", line 245, in stop
    try:
KeyError: 728482381215826000
2021-10-13 14:57:55,120 | exts.music | DEBUG | VoiceState created for 728482381215826000
2021-10-13 14:57:55,121 | exts.music | INFO | Audio Player Launched for 728482381215826000
2021-10-13 14:57:57,075 | exts.music | DEBUG | 728482381215826000: Searching gurenge
2021-10-13 14:57:58,571 | exts.music | DEBUG | Enqueued
2021-10-13 15:02:24,886 | exts.music | DEBUG | VoiceState created for 780423376149676032
2021-10-13 15:02:24,887 | exts.music | INFO | Audio Player Launched for 780423376149676032
2021-10-13 15:02:27,536 | exts.music | DEBUG | 780423376149676032: Searching doe a deer
2021-10-13 15:02:28,885 | exts.music | DEBUG | Enqueued
2021-10-13 15:11:35,355 | asyncio | ERROR | Task exception was never retrieved
future: <Task finished name='Task-16604' coro=<VoiceState.stop() done, defined at /home/runner/TpLearn/exts/music.py:234> exception=KeyError(728482381215826000)>
Traceback (most recent call last):
  File "/home/runner/TpLearn/exts/music.py", line 245, in stop
    try:
KeyError: 728482381215826000
2021-10-13 15:12:52,521 | asyncio | ERROR | Task exception was never retrieved
future: <Task finished name='Task-16631' coro=<VoiceState.stop() done, defined at /home/runner/TpLearn/exts/music.py:234> exception=KeyError(728482381215826000)>
Traceback (most recent call last):
  File "/home/runner/TpLearn/exts/music.py", line 245, in stop
    try:
KeyError: 728482381215826000
2021-10-13 15:13:00,270 | asyncio | ERROR | Task exception was never retrieved
future: <Task finished name='Task-16639' coro=<VoiceState.stop() done, defined at /home/runner/TpLearn/exts/music.py:234> exception=KeyError(728482381215826000)>
Traceback (most recent call last):
  File "/home/runner/TpLearn/exts/music.py", line 246, in stop
    del cog.voice_states[self._ctx.guild.id]
KeyError: 728482381215826000
2021-10-13 15:51:52,453 | bot | INFO | Resumed Connection
2021-10-13 15:51:52,527 | bot | DEBUG | changed bot status
2021-10-13 16:34:35,772 | bot | INFO | Resumed Connection
2021-10-13 16:34:36,111 | bot | DEBUG | changed bot status
2021-10-13 17:00:42,554 | bot | DEBUG | exts.dayloop New day [UTC+7] detected.
2021-10-13 17:00:42,720 | utils.planner | DEBUG | triggered update
2021-10-13 17:02:42,709 | utils.planner | DEBUG | returning sorted date for 562976873685057546
2021-10-13 17:02:42,825 | bot | DEBUG | creating assignment embed...
2021-10-13 17:02:42,825 | bot | DEBUG | successfully created assignment embed
2021-10-13 17:02:43,934 | bot | DEBUG | exts.update :white_check_mark: Sucessfully update works at 562976873685057546 :
33E
2021-10-13 17:02:44,067 | exts.update | DEBUG | updated active-works for 562976873685057546
2021-10-13 17:02:44,067 | utils.planner | DEBUG | returning sorted date for 728482381215826000
2021-10-13 17:02:44,160 | utils.planner | DEBUG | returning sorted date for 676256965650808873
2021-10-13 17:02:44,263 | utils.planner | DEBUG | returning sorted date for 829749071891005512
2021-10-13 17:02:44,488 | utils.planner | DEBUG | returning sorted date for 773426467492069386
2021-10-13 18:17:33,847 | bot | INFO | Resumed Connection
2021-10-13 18:17:33,923 | bot | DEBUG | changed bot status
2021-10-13 18:20:44,035 | bot | DEBUG | exts.kus successfully fecthed kus data, enabled system.
2021-10-13 18:20:44,602 | bot | DEBUG | exts.kus New data detected
2021-10-13 18:20:44,751 | bot | DEBUG | exts.kus 
**From** `ObservedList(value=['news_detail.php?id=3061', 'news_detail.php?id=3060', 'news_detail.php?id=3059', 'news_detail.php?id=3058', 'news_detail.php?id=3056', 'news_detail.php?id=3055', 'news_detail.php?id=3012', 'https://www.youtube.com/watch?v=AR88z8e6hTU', 'news_detail.php?id=3048', 'news_detail.php?id=3038'])`
**To** `['news_detail.php?id=3062', 'news_detail.php?id=3055', 'news_detail.php?id=3056', 'news_detail.php?id=3061', 'news_detail.php?id=3060', 'news_detail.php?id=3059', 'news_detail.php?id=3058', 'news_detail.php?id=3012', 'https://www.youtube.com/watch?v=AR88z8e6hTU', 'news_detail.php?id=3048']`
2021-10-13 18:20:44,874 | bot | DEBUG | exts.kus **Found:** [('กำหนดการรับวัคซีน COVID-19 สำหรับนักเรียนสาธิตเกษตร ระดับชั้นมัธยมศึกษาปีที่ ๑-๓ (สำหรับที่ลงทะเบียนรับวัคซีน Pfizer) ...อ่านต่อ', 'news_detail.php?id=3062', 'http://www.kus.ku.ac.th/images_kus/news/ban231-20211013195411.gif')]
2021-10-13 18:20:45,017 | bot | DEBUG | exts.kus Sending news to alert//728489165565591562
2021-10-13 18:20:45,302 | bot | DEBUG | exts.kus Sending news to web-kus//855107375631827045
2021-10-13 18:20:49,451 | bot | DEBUG | exts.kus Sending news to bot//857155128922210334
2021-10-13 18:20:49,886 | bot | DEBUG | exts.kus Sending news to เว็บโรงเรียน//862148885908553738
2021-10-13 18:20:50,537 | bot | DEBUG | exts.kus Sended news to all channels. (Total of 4)
2021-10-13 18:20:50,689 | bot | DEBUG | exts.kus Saved new data.
2021-10-13 20:40:31,506 | bot | INFO | Resumed Connection
2021-10-13 20:40:31,566 | bot | DEBUG | changed bot status
2021-10-13 22:20:43,530 | bot | DEBUG | exts.kus Unable to fetch kus data, disabled system.
2021-10-13 22:20:43,691 | exts.kus | DEBUG | trying to update news but is not enable, passing...
2021-10-13 23:00:42,554 | bot | DEBUG | exts.dayloop New day [UTC+1] detected.
2021-10-13 23:00:42,763 | exts.dayloop | DEBUG | updating passed work
2021-10-13 23:00:42,763 | utils.planner | DEBUG | looping througth all assignment...
2021-10-13 23:00:42,820 | exts.dayloop | DEBUG | updating 562976873685057546
2021-10-13 23:00:42,820 | bot | DEBUG | creating assignment embed...
2021-10-13 23:00:42,820 | bot | DEBUG | successfully created assignment embed
2021-10-13 23:00:42,926 | exts.dayloop | DEBUG | updated 562976873685057546
2021-10-13 23:00:42,927 | utils.planner | DEBUG | checking old work to delete
2021-10-13 23:00:42,928 | utils.planner | DEBUG | found 0
2021-10-13 23:00:42,928 | utils.planner | DEBUG | triggered update
2021-10-13 23:02:42,611 | utils.planner | DEBUG | returning sorted date for 562976873685057546
2021-10-13 23:02:42,731 | bot | DEBUG | creating assignment embed...
2021-10-13 23:02:42,731 | bot | DEBUG | successfully created assignment embed
2021-10-13 23:02:44,918 | bot | DEBUG | exts.update :white_check_mark: Sucessfully update works at 562976873685057546 :
23ED
2021-10-13 23:02:45,028 | exts.update | DEBUG | updated active-works for 562976873685057546
2021-10-13 23:02:45,028 | utils.planner | DEBUG | returning sorted date for 728482381215826000
2021-10-13 23:02:45,134 | utils.planner | DEBUG | returning sorted date for 676256965650808873
2021-10-13 23:02:45,217 | utils.planner | DEBUG | returning sorted date for 829749071891005512
2021-10-13 23:02:45,320 | utils.planner | DEBUG | returning sorted date for 773426467492069386
2021-10-14 00:29:18,561 | bot | INFO | Resumed Connection
2021-10-14 00:29:18,740 | bot | DEBUG | changed bot status
2021-10-14 01:05:28,856 | bot | INFO | Resumed Connection
2021-10-14 01:05:28,912 | bot | DEBUG | changed bot status
2021-10-14 01:19:36,793 | exts.music | DEBUG | VoiceState created for 728482381215826000
2021-10-14 01:19:36,794 | exts.music | INFO | Audio Player Launched for 728482381215826000
2021-10-14 01:19:38,745 | exts.music | DEBUG | 728482381215826000: Searching ผ่าน
2021-10-14 01:19:40,411 | exts.music | DEBUG | Enqueued
2021-10-14 01:19:44,371 | exts.music | DEBUG | 728482381215826000: Searching เก็บรัก
2021-10-14 01:19:46,052 | exts.music | DEBUG | Enqueued
2021-10-14 01:23:39,123 | exts.muleval | DEBUG | Eval command; Ignore black list: True
2021-10-14 01:23:39,123 | exts.muleval | INFO | 'py' highlighted code block
2021-10-14 01:23:39,124 | exts.muleval | TRACE | Eval command: Tpmonkey#2682(518063131096907813) with code:
def foo(**kwargs):
  print(kwargs.pop("pass"))
  print(kwargs)

a = {"Test":"sometihng", "Idk":123}
foo(**a, pass=True)
2021-10-14 01:23:47,129 | exts.muleval | DEBUG | Eval command; Ignore black list: True
2021-10-14 01:23:47,130 | exts.muleval | INFO | 'py' highlighted code block
2021-10-14 01:23:47,130 | exts.muleval | TRACE | Eval command: Tpmonkey#2682(518063131096907813) with code:
def foo(**kwargs):
  print(kwargs.pop("pass"))
  print(kwargs)

a = {"Test":"sometihng", "Idk":123}
foo(a, pass=True)
2021-10-14 01:24:10,357 | exts.muleval | DEBUG | Eval command; Ignore black list: True
2021-10-14 01:24:10,357 | exts.muleval | INFO | 'py' highlighted code block
2021-10-14 01:24:10,357 | exts.muleval | TRACE | Eval command: Tpmonkey#2682(518063131096907813) with code:
def foo(**kwargs):
  print(kwargs.pop("pass"))
  print(kwargs)

a = {"Test":"sometihng", "Idk":123}
foo()
2021-10-14 01:24:22,061 | exts.muleval | DEBUG | Eval command; Ignore black list: True
2021-10-14 01:24:22,061 | exts.muleval | INFO | 'py' highlighted code block
2021-10-14 01:24:22,062 | exts.muleval | TRACE | Eval command: Tpmonkey#2682(518063131096907813) with code:
def foo(**kwargs):
  print(kwargs.pop("pass"))
  print(kwargs)

a = {"Test":"sometihng", "Idk":123}
foo(a)
2021-10-14 01:24:34,773 | exts.muleval | DEBUG | Eval command; Ignore black list: True
2021-10-14 01:24:34,773 | exts.muleval | INFO | 'py' highlighted code block
2021-10-14 01:24:34,774 | exts.muleval | TRACE | Eval command: Tpmonkey#2682(518063131096907813) with code:
def foo(**kwargs):
  print(kwargs.pop("pass"))
  print(kwargs)

a = {"Test":"sometihng", "Idk":123}
foo(**a)
2021-10-14 01:24:43,953 | exts.muleval | DEBUG | Eval command; Ignore black list: True
2021-10-14 01:24:43,953 | exts.muleval | INFO | 'py' highlighted code block
2021-10-14 01:24:43,954 | exts.muleval | TRACE | Eval command: Tpmonkey#2682(518063131096907813) with code:
def foo(**kwargs):
  print(kwargs.pop("pass"))
  print(kwargs)

a = {"Test":"sometihng", "Idk":123}
foo(pass=True, **a)
2021-10-14 01:26:30,604 | asyncio | DEBUG | Using selector: EpollSelector
2021-10-14 01:26:30,605 | bot | DEBUG | created bot base.
2021-10-14 01:26:30,627 | constant | DEBUG | init database succesful
2021-10-14 01:26:30,660 | utils.planner | DEBUG | triggered update
2021-10-14 01:26:30,667 | bot | DEBUG | bot subclass Created.
2021-10-14 01:26:30,670 | bot | INFO | Cog loaded: Updater
2021-10-14 01:26:30,674 | bot | INFO | Cog loaded: Assignments
2021-10-14 01:26:30,677 | bot | INFO | Cog loaded: Utility
2021-10-14 01:26:30,679 | bot | INFO | Cog loaded: ErrorHandler
2021-10-14 01:26:30,760 | bot | INFO | Cog loaded: KUSNews
2021-10-14 01:26:30,762 | bot | INFO | Cog loaded: SetUp
2021-10-14 01:26:30,773 | bot | INFO | Cog loaded: DayLoop
2021-10-14 01:26:30,783 | bot | INFO | Cog loaded: VoiceChannel
2021-10-14 01:26:31,255 | bot | INFO | Cog loaded: Music
2021-10-14 01:26:31,256 | bot | INFO | Cog loaded: NewPatch
2021-10-14 01:26:31,260 | bot | INFO | Cog loaded: Snekbox
2021-10-14 01:26:31,262 | bot | INFO | Cog loaded: AdminCommands
2021-10-14 01:26:31,263 | bot | INFO | Cog loaded: Debug
2021-10-14 01:26:31,264 | bot | INFO | Cog loaded: Latency
2021-10-14 01:26:31,269 | bot | INFO | Cog loaded: Help
2021-10-14 01:26:31,285 | exts.kus | DEBUG | loaded data
2021-10-14 01:26:32,306 | bot | DEBUG | exts.kus Unable to fetch kus data, disabled system.
2021-10-14 01:26:33,974 | utils.planner | DEBUG | returning sorted date for 562976873685057546
2021-10-14 01:26:34,029 | bot | INFO | Connected successfully
2021-10-14 01:26:34,196 | bot | DEBUG | changed bot status
2021-10-14 01:26:34,199 | bot | DEBUG | creating assignment embed...
2021-10-14 01:26:34,199 | bot | DEBUG | successfully created assignment embed
2021-10-14 01:26:34,441 | exts.kus | DEBUG | trying to update news but is not enable, passing...
2021-10-14 01:26:35,297 | bot | DEBUG | exts.update :white_check_mark: Sucessfully update works at 562976873685057546 :
22E
2021-10-14 01:26:35,465 | exts.update | DEBUG | updated active-works for 562976873685057546
2021-10-14 01:26:35,466 | utils.planner | DEBUG | returning sorted date for 728482381215826000
2021-10-14 01:26:35,550 | utils.planner | DEBUG | returning sorted date for 676256965650808873
2021-10-14 01:26:35,648 | utils.planner | DEBUG | returning sorted date for 829749071891005512
2021-10-14 01:26:35,738 | utils.planner | DEBUG | returning sorted date for 773426467492069386
2021-10-14 01:26:35,835 | bot | DEBUG | creating assignment embed...
2021-10-14 01:26:35,835 | bot | DEBUG | successfully created assignment embed
2021-10-14 01:26:37,008 | bot | DEBUG | exts.update :white_check_mark: Sucessfully update works at 773426467492069386 :
11E
2021-10-14 01:26:37,115 | exts.update | DEBUG | updated active-works for 773426467492069386
2021-10-14 01:28:56,568 | asyncio | DEBUG | Using selector: EpollSelector
2021-10-14 01:28:56,568 | bot | DEBUG | created bot base.
2021-10-14 01:28:56,593 | constant | DEBUG | init database succesful
2021-10-14 01:28:56,626 | utils.planner | DEBUG | triggered update
2021-10-14 01:28:56,633 | bot | DEBUG | bot subclass Created.
2021-10-14 01:28:56,635 | bot | INFO | Cog loaded: NewPatch
2021-10-14 01:28:56,636 | bot | INFO | Cog loaded: Assignments
2021-10-14 01:28:56,638 | bot | INFO | Cog loaded: AdminCommands
2021-10-14 01:28:56,639 | bot | INFO | Cog loaded: Latency
2021-10-14 01:28:56,640 | bot | INFO | Cog loaded: ErrorHandler
2021-10-14 01:28:56,642 | bot | INFO | Cog loaded: Help
2021-10-14 01:28:57,037 | bot | INFO | Cog loaded: Music
2021-10-14 01:28:57,103 | bot | INFO | Cog loaded: KUSNews
2021-10-14 01:28:57,104 | bot | INFO | Cog loaded: Updater
2021-10-14 01:28:57,106 | bot | INFO | Cog loaded: Utility
2021-10-14 01:28:57,108 | bot | INFO | Cog loaded: DayLoop
2021-10-14 01:28:57,110 | bot | INFO | Cog loaded: Snekbox
2021-10-14 01:28:57,111 | bot | INFO | Cog loaded: Debug
2021-10-14 01:28:57,112 | bot | INFO | Cog loaded: SetUp
2021-10-14 01:28:57,113 | bot | INFO | Cog loaded: VoiceChannel
2021-10-14 01:28:57,146 | exts.kus | DEBUG | loaded data
2021-10-14 01:28:58,023 | bot | DEBUG | exts.kus Unable to fetch kus data, disabled system.
2021-10-14 01:28:59,816 | utils.planner | DEBUG | returning sorted date for 562976873685057546
2021-10-14 01:28:59,830 | bot | INFO | Connected successfully
2021-10-14 01:28:59,939 | bot | DEBUG | changed bot status
2021-10-14 01:28:59,943 | utils.planner | DEBUG | returning sorted date for 728482381215826000
2021-10-14 01:29:00,025 | utils.planner | DEBUG | returning sorted date for 676256965650808873
2021-10-14 01:29:00,081 | exts.kus | DEBUG | trying to update news but is not enable, passing...
2021-10-14 01:29:00,621 | utils.planner | DEBUG | returning sorted date for 829749071891005512
2021-10-14 01:29:00,724 | utils.planner | DEBUG | returning sorted date for 773426467492069386
2021-10-14 02:11:45,511 | exts.music | DEBUG | VoiceState created for 773426467492069386
2021-10-14 02:11:45,512 | exts.music | INFO | Audio Player Launched for 773426467492069386
2021-10-14 02:11:47,463 | exts.music | DEBUG | 773426467492069386: Searching https://www.youtube.com/watch?v=7yh9i0PAjck&ab_channel=cosmicrat
2021-10-14 02:11:50,759 | exts.music | DEBUG | Enqueued
2021-10-14 02:53:44,215 | bot | INFO | Resumed Connection
2021-10-14 02:53:44,319 | bot | DEBUG | changed bot status
2021-10-14 05:22:05,556 | exts.music | DEBUG | VoiceState created for 773426467492069386
2021-10-14 05:22:05,557 | exts.music | INFO | Audio Player Launched for 773426467492069386
2021-10-14 05:22:07,489 | exts.music | DEBUG | 773426467492069386: Searching restart room 39
2021-10-14 05:22:08,965 | exts.music | DEBUG | Enqueued
2021-10-14 05:22:15,816 | exts.music | DEBUG | 773426467492069386: Searching https://open.spotify.com/playlist/7u7AZf0i6W9vK7o7PuotFy?si=9dab24f3ffad4c96
2021-10-14 05:22:15,894 | spotipy.oauth2 | DEBUG | sending POST request to https://accounts.spotify.com/api/token with Headers: {'Authorization': 'Basic MjA0MjQ3ODljNDBhNDM2Mzk1NTQ2Nzg1ZDc5ZGRmNTk6NzE0ZTE0NjE2MzZmNGRjMWI4ODE1MDI4MjljM2Q4YTQ='} and Body: {'grant_type': 'client_credentials'}
2021-10-14 05:22:16,529 | exts.music | DEBUG | Enqueued
2021-10-14 05:25:33,906 | bot | INFO | Resumed Connection
2021-10-14 05:25:33,963 | bot | DEBUG | changed bot status
2021-10-14 05:26:30,046 | exts.music | INFO | 773426467492069386: User joined back, Stopping deletion
2021-10-14 05:28:58,073 | exts.kus | DEBUG | trying to update news but is not enable, passing...
2021-10-14 05:47:32,831 | exts.music | INFO | 773426467492069386: User joined back, Stopping deletion
2021-10-14 05:47:58,601 | exts.music | INFO | 773426467492069386: User joined back, Stopping deletion
