2021-10-10 00:12:32,201 | asyncio | DEBUG | Using selector: EpollSelector
2021-10-10 00:12:32,202 | bot | DEBUG | created bot base.
2021-10-10 00:12:32,220 | constant | DEBUG | init database succesful
2021-10-10 00:12:32,568 | utils.planner | DEBUG | triggered update
2021-10-10 00:12:32,574 | bot | DEBUG | bot subclass Created.
2021-10-10 00:12:32,577 | bot | INFO | Cog loaded: Latency
2021-10-10 00:12:32,578 | bot | INFO | Cog loaded: Debug
2021-10-10 00:12:32,643 | bot | INFO | Cog loaded: KUSNews
2021-10-10 00:12:32,644 | bot | INFO | Cog loaded: SetUp
2021-10-10 00:12:32,646 | bot | INFO | Cog loaded: Updater
2021-10-10 00:12:32,647 | bot | INFO | Cog loaded: VoiceChannel
2021-10-10 00:12:32,648 | bot | INFO | Cog loaded: NewPatch
2021-10-10 00:12:32,650 | bot | INFO | Cog loaded: AdminCommands
2021-10-10 00:12:32,651 | bot | INFO | Cog loaded: Assignments
2021-10-10 00:12:32,988 | bot | INFO | Cog loaded: Music
2021-10-10 00:12:32,989 | bot | INFO | Cog loaded: ErrorHandler
2021-10-10 00:12:32,991 | bot | INFO | Cog loaded: Utility
2021-10-10 00:12:32,992 | bot | INFO | Cog loaded: DayLoop
2021-10-10 00:12:32,995 | bot | INFO | Cog loaded: Snekbox
2021-10-10 00:12:32,997 | bot | INFO | Cog loaded: Help
2021-10-10 00:12:33,077 | exts.kus | DEBUG | loaded data
2021-10-10 00:12:34,085 | bot | DEBUG | exts.kus Unable to fetch kus data, disabled system.
2021-10-10 00:12:35,925 | utils.planner | DEBUG | returning sorted date for 562976873685057546
2021-10-10 00:12:35,932 | bot | INFO | Connected successfully
2021-10-10 00:12:36,284 | bot | DEBUG | changed bot status
2021-10-10 00:12:36,286 | bot | DEBUG | creating assignment embed...
2021-10-10 00:12:36,287 | bot | DEBUG | successfully created assignment embed
2021-10-10 00:12:36,412 | exts.kus | DEBUG | trying to update news but is not enable, passing...
2021-10-10 00:12:37,439 | bot | DEBUG | exts.update :white_check_mark: Sucessfully update works at 562976873685057546 :
33E
2021-10-10 00:12:37,748 | exts.update | DEBUG | updated active-works for 562976873685057546
2021-10-10 00:12:37,749 | utils.planner | DEBUG | returning sorted date for 728482381215826000
2021-10-10 00:12:37,861 | utils.planner | DEBUG | returning sorted date for 676256965650808873
2021-10-10 00:12:37,951 | utils.planner | DEBUG | returning sorted date for 829749071891005512
2021-10-10 00:12:38,066 | utils.planner | DEBUG | returning sorted date for 773426467492069386
2021-10-10 01:57:00,157 | bot | INFO | Resumed Connection
2021-10-10 01:57:00,399 | bot | DEBUG | changed bot status
2021-10-10 02:29:55,166 | bot | INFO | Resumed Connection
2021-10-10 02:29:55,231 | bot | DEBUG | changed bot status
2021-10-10 03:18:50,663 | exts.music | DEBUG | VoiceState created for 773426467492069386
2021-10-10 03:18:50,663 | exts.music | INFO | Audio Player Launched for 773426467492069386
2021-10-10 03:18:53,172 | exts.music | DEBUG | 773426467492069386: Searching smooth criminal
2021-10-10 03:18:56,909 | exts.music | DEBUG | Enqueued
2021-10-10 03:38:58,817 | exts.music | DEBUG | VoiceState created for 773426467492069386
2021-10-10 03:38:58,819 | exts.music | INFO | Audio Player Launched for 773426467492069386
2021-10-10 03:39:00,691 | exts.music | DEBUG | 773426467492069386: Searching https://www.youtube.com/watch?v=ZmeudwRMrsU
2021-10-10 03:39:02,094 | exts.music | DEBUG | Enqueued
2021-10-10 03:40:58,227 | exts.music | DEBUG | 773426467492069386: Searching https://www.youtube.com/watch?v=TgbqBx4NthI
2021-10-10 03:40:59,870 | exts.music | DEBUG | Enqueued
2021-10-10 03:43:18,052 | exts.music | DEBUG | 773426467492069386: Searching https://www.youtube.com/watch?v=TgbqBx4NthI
2021-10-10 03:43:19,792 | exts.music | DEBUG | Enqueued
2021-10-10 03:45:40,325 | bot | INFO | Resumed Connection
2021-10-10 03:45:40,638 | bot | DEBUG | changed bot status
2021-10-10 03:57:57,476 | exts.music | DEBUG | 773426467492069386: Searching fma rain
2021-10-10 03:57:59,172 | exts.music | DEBUG | Enqueued
2021-10-10 04:12:34,460 | bot | DEBUG | exts.kus successfully fecthed kus data, enabled system.
2021-10-10 04:12:43,730 | exts.music | DEBUG | 773426467492069386: Searching fma hologram
2021-10-10 04:12:45,449 | exts.music | DEBUG | Enqueued
2021-10-10 05:00:04,093 | exts.music | DEBUG | VoiceState created for 728482381215826000
2021-10-10 05:00:04,095 | exts.music | INFO | Audio Player Launched for 728482381215826000
2021-10-10 06:20:10,580 | bot | INFO | Resumed Connection
2021-10-10 06:20:10,678 | bot | DEBUG | changed bot status
2021-10-10 07:40:18,255 | exts.music | DEBUG | 773426467492069386: Searching https://www.youtube.com/watch?v=Mn7Bv8rGRzg
2021-10-10 07:40:19,842 | exts.music | DEBUG | Enqueued
2021-10-10 07:47:40,345 | exts.music | DEBUG | 773426467492069386: Searching https://www.youtube.com/watch?v=n7VZxg9pxkg&ab_channel=%E9%A0%88%E7%94%B0%E6%99%AF%E5%87%AA%E3%83%90%E3%83%AB%E3%83%BC%E3%83%B3
2021-10-10 07:47:41,983 | exts.music | DEBUG | Enqueued
2021-10-10 07:47:55,685 | exts.music | DEBUG | 773426467492069386: Searching https://www.youtube.com/watch?v=Mn7Bv8rGRzg
2021-10-10 07:47:57,326 | exts.music | DEBUG | Enqueued
2021-10-10 07:56:04,637 | exts.music | DEBUG | VoiceState created for 829749071891005512
2021-10-10 07:56:04,638 | exts.music | INFO | Audio Player Launched for 829749071891005512
2021-10-10 07:56:07,270 | exts.music | DEBUG | 829749071891005512: Searching on the ground
2021-10-10 07:56:08,830 | exts.music | DEBUG | Enqueued
2021-10-10 07:56:10,262 | exts.music | DEBUG | 829749071891005512: Searching gone
2021-10-10 07:56:11,839 | exts.music | DEBUG | Enqueued
2021-10-10 07:56:48,616 | exts.music | DEBUG | 829749071891005512: Searching stay
2021-10-10 07:56:51,088 | exts.music | DEBUG | Enqueued
2021-10-10 07:57:39,610 | exts.music | DEBUG | 829749071891005512: Searching bad habits
2021-10-10 07:57:41,252 | exts.music | DEBUG | Enqueued
2021-10-10 08:03:54,030 | exts.music | DEBUG | 829749071891005512: Searching https://open.spotify.com/playlist/5l5CpPwe7FtMvjIoS7TRX9?si=a7b341e7c45f4488
2021-10-10 08:03:54,132 | spotipy.oauth2 | DEBUG | sending POST request to https://accounts.spotify.com/api/token with Headers: {'Authorization': 'Basic MjA0MjQ3ODljNDBhNDM2Mzk1NTQ2Nzg1ZDc5ZGRmNTk6NzE0ZTE0NjE2MzZmNGRjMWI4ODE1MDI4MjljM2Q4YTQ='} and Body: {'grant_type': 'client_credentials'}
2021-10-10 08:03:54,748 | exts.music | DEBUG | Enqueued
2021-10-10 09:46:49,777 | bot | INFO | Resumed Connection
2021-10-10 09:46:49,846 | bot | DEBUG | changed bot status
2021-10-10 10:35:38,664 | bot | INFO | Resumed Connection
2021-10-10 10:35:38,730 | bot | DEBUG | changed bot status
2021-10-10 10:56:14,149 | bot | INFO | Resumed Connection
2021-10-10 10:56:14,206 | bot | DEBUG | changed bot status
2021-10-10 11:19:57,244 | bot | INFO | Resumed Connection
2021-10-10 11:19:57,318 | bot | DEBUG | changed bot status
2021-10-10 11:45:13,733 | exts.music | DEBUG | 773426467492069386: Searching https://youtu.be/c_c5FPFdSow
2021-10-10 11:45:15,252 | exts.music | DEBUG | Enqueued
2021-10-10 11:47:12,246 | exts.music | DEBUG | 773426467492069386: Searching https://youtu.be/c_c5FPFdSow
2021-10-10 11:47:13,811 | exts.music | DEBUG | Enqueued
2021-10-10 11:52:08,758 | bot | INFO | Resumed Connection
2021-10-10 11:52:08,821 | bot | DEBUG | changed bot status
2021-10-10 12:07:20,419 | exts.music | DEBUG | VoiceState created for 773426467492069386
2021-10-10 12:07:20,421 | exts.music | INFO | Audio Player Launched for 773426467492069386
2021-10-10 12:07:22,289 | exts.music | DEBUG | 773426467492069386: Searching https://youtu.be/c_c5FPFdSow
2021-10-10 12:07:23,772 | exts.music | DEBUG | Enqueued
2021-10-10 12:50:28,483 | exts.music | DEBUG | 728482381215826000: Searching https://youtu.be/c_c5FPFdSow
2021-10-10 12:50:30,025 | exts.music | DEBUG | Enqueued
2021-10-10 12:50:41,341 | exts.music | DEBUG | 728482381215826000: Searching https://youtu.be/c_c5FPFdSow
2021-10-10 12:50:42,692 | exts.music | DEBUG | Enqueued
2021-10-10 12:52:20,559 | exts.admin | DEBUG | Admin Eval from Tpmonkey#2682; code: self.bot.get_guild(728482381215826000)
2021-10-10 12:52:24,685 | exts.admin | DEBUG | Admin Eval from Tpmonkey#2682; code: self.bot.get_guild(773426467492069386)
2021-10-10 12:52:30,627 | bot | INFO | Cog loaded: Music
2021-10-10 12:52:36,812 | bot | INFO | Cog loaded: Music
2021-10-10 12:52:45,899 | exts.music | DEBUG | VoiceState created for 728482381215826000
2021-10-10 12:52:45,900 | exts.music | INFO | Audio Player Launched for 728482381215826000
2021-10-10 12:52:47,808 | exts.music | DEBUG | 728482381215826000: Searching gurenge
2021-10-10 12:52:49,440 | exts.music | DEBUG | Enqueued
2021-10-10 12:52:57,538 | exts.music | DEBUG | 728482381215826000: Searching gurenge
2021-10-10 12:52:59,368 | exts.music | DEBUG | Enqueued
2021-10-10 12:54:41,493 | exts.music | DEBUG | 728482381215826000: Searching imagination
2021-10-10 12:54:41,809 | exts.errorhand | TRACE | Command: p imagination; Already handled locally.
2021-10-10 12:54:48,544 | exts.music | DEBUG | 728482381215826000: Searching imagination lyrics
2021-10-10 12:54:49,946 | exts.music | DEBUG | Enqueued
2021-10-10 12:55:43,061 | bot | INFO | Cog loaded: Music
2021-10-10 12:55:46,441 | exts.music | DEBUG | VoiceState created for 728482381215826000
2021-10-10 12:55:46,442 | exts.music | INFO | Audio Player Launched for 728482381215826000
2021-10-10 12:55:48,505 | exts.music | DEBUG | 728482381215826000: Searching imagination
2021-10-10 12:55:48,750 | exts.errorhand | TRACE | Command: p imagination; Already handled locally.
2021-10-10 12:58:07,364 | bot | INFO | Cog loaded: Music
2021-10-10 12:58:09,883 | exts.music | DEBUG | VoiceState created for 728482381215826000
2021-10-10 12:58:09,884 | exts.music | INFO | Audio Player Launched for 728482381215826000
2021-10-10 12:58:11,829 | exts.music | DEBUG | 728482381215826000: Searching imagination
2021-10-10 12:58:12,184 | exts.music | DEBUG | Enqueued
2021-10-10 12:58:39,787 | exts.admin | DEBUG | Admin Eval from Tpmonkey#2682; code: import youtubedl
2021-10-10 12:59:04,590 | exts.admin | DEBUG | Admin Eval from Tpmonkey#2682; code: import youtube_dl
2021-10-10 12:59:11,451 | exts.admin | DEBUG | Admin Eval from Tpmonkey#2682; code: dir(self.mod)
2021-10-10 13:01:07,895 | bot | INFO | Cog loaded: Music
2021-10-10 13:01:12,111 | exts.music | DEBUG | VoiceState created for 728482381215826000
2021-10-10 13:01:12,112 | exts.music | INFO | Audio Player Launched for 728482381215826000
2021-10-10 13:01:14,083 | exts.music | DEBUG | 728482381215826000: Searching imagination
2021-10-10 13:01:14,350 | exts.errorhand | TRACE | Command: p imagination; Already handled locally.
2021-10-10 13:01:46,769 | asyncio | DEBUG | Using selector: EpollSelector
2021-10-10 13:01:46,769 | bot | DEBUG | created bot base.
2021-10-10 13:01:46,791 | constant | DEBUG | init database succesful
2021-10-10 13:01:46,824 | utils.planner | DEBUG | triggered update
2021-10-10 13:01:46,831 | bot | DEBUG | bot subclass Created.
2021-10-10 13:01:46,833 | bot | INFO | Cog loaded: DayLoop
2021-10-10 13:01:46,834 | bot | INFO | Cog loaded: ErrorHandler
2021-10-10 13:01:46,837 | bot | INFO | Cog loaded: Snekbox
2021-10-10 13:01:46,838 | bot | INFO | Cog loaded: Updater
2021-10-10 13:01:46,840 | bot | INFO | Cog loaded: Help
2021-10-10 13:01:46,841 | bot | INFO | Cog loaded: Debug
2021-10-10 13:01:46,843 | bot | INFO | Cog loaded: Assignments
2021-10-10 13:01:47,237 | bot | INFO | Cog loaded: Music
2021-10-10 13:01:47,238 | bot | INFO | Cog loaded: NewPatch
2021-10-10 13:01:47,300 | bot | INFO | Cog loaded: KUSNews
2021-10-10 13:01:47,301 | bot | INFO | Cog loaded: Latency
2021-10-10 13:01:47,303 | bot | INFO | Cog loaded: AdminCommands
2021-10-10 13:01:47,304 | bot | INFO | Cog loaded: SetUp
2021-10-10 13:01:47,306 | bot | INFO | Cog loaded: Utility
2021-10-10 13:01:47,307 | bot | INFO | Cog loaded: VoiceChannel
2021-10-10 13:01:47,361 | exts.kus | DEBUG | loaded data
2021-10-10 13:01:48,076 | bot | DEBUG | exts.kus Unable to fetch kus data, disabled system.
2021-10-10 13:01:49,903 | utils.planner | DEBUG | returning sorted date for 562976873685057546
2021-10-10 13:01:49,977 | bot | INFO | Connected successfully
2021-10-10 13:01:50,076 | bot | DEBUG | changed bot status
2021-10-10 13:01:50,080 | bot | DEBUG | creating assignment embed...
2021-10-10 13:01:50,080 | bot | DEBUG | successfully created assignment embed
2021-10-10 13:01:50,323 | exts.kus | DEBUG | trying to update news but is not enable, passing...
2021-10-10 13:01:51,174 | bot | DEBUG | exts.update :white_check_mark: Sucessfully update works at 562976873685057546 :
33E
2021-10-10 13:01:51,449 | exts.update | DEBUG | updated active-works for 562976873685057546
2021-10-10 13:01:51,449 | utils.planner | DEBUG | returning sorted date for 728482381215826000
2021-10-10 13:01:51,569 | utils.planner | DEBUG | returning sorted date for 676256965650808873
2021-10-10 13:01:51,656 | utils.planner | DEBUG | returning sorted date for 829749071891005512
2021-10-10 13:01:51,746 | utils.planner | DEBUG | returning sorted date for 773426467492069386
2021-10-10 13:02:09,724 | bot | INFO | Cog loaded: Music
2021-10-10 13:02:26,844 | exts.music | DEBUG | VoiceState created for 728482381215826000
2021-10-10 13:02:26,845 | exts.music | INFO | Audio Player Launched for 728482381215826000
2021-10-10 13:02:29,498 | exts.music | DEBUG | 728482381215826000: Searching imagination
2021-10-10 13:02:31,607 | exts.music | DEBUG | Enqueued
2021-10-10 13:03:47,030 | bot | INFO | Cog loaded: Music
2021-10-10 13:03:53,148 | exts.music | DEBUG | VoiceState created for 728482381215826000
2021-10-10 13:03:53,149 | exts.music | INFO | Audio Player Launched for 728482381215826000
2021-10-10 13:03:55,050 | exts.music | DEBUG | 728482381215826000: Searching imagination
2021-10-10 13:03:56,453 | exts.music | DEBUG | Enqueued
2021-10-10 13:04:35,301 | bot | INFO | Cog loaded: Music
2021-10-10 13:04:38,516 | exts.music | DEBUG | VoiceState created for 728482381215826000
2021-10-10 13:04:38,517 | exts.music | INFO | Audio Player Launched for 728482381215826000
2021-10-10 13:04:40,443 | exts.music | DEBUG | 728482381215826000: Searching imagination
2021-10-10 13:04:42,373 | exts.music | DEBUG | Enqueued
2021-10-11 00:37:09,759 | asyncio | DEBUG | Using selector: EpollSelector
2021-10-11 00:37:09,759 | bot | DEBUG | created bot base.
2021-10-11 00:37:09,772 | constant | DEBUG | init database succesful
2021-10-11 00:37:09,835 | utils.planner | DEBUG | triggered update
2021-10-11 00:37:09,840 | bot | DEBUG | bot subclass Created.
2021-10-11 00:37:09,842 | bot | INFO | Cog loaded: SetUp
2021-10-11 00:37:09,844 | bot | INFO | Cog loaded: Utility
2021-10-11 00:37:09,845 | bot | INFO | Cog loaded: Debug
2021-10-11 00:37:09,846 | bot | INFO | Cog loaded: ErrorHandler
2021-10-11 00:37:09,847 | bot | INFO | Cog loaded: Latency
2021-10-11 00:37:10,228 | bot | INFO | Cog loaded: Music
2021-10-11 00:37:10,230 | bot | INFO | Cog loaded: Assignments
2021-10-11 00:37:10,231 | bot | INFO | Cog loaded: NewPatch
2021-10-11 00:37:10,287 | bot | INFO | Cog loaded: KUSNews
2021-10-11 00:37:10,290 | bot | INFO | Cog loaded: Help
2021-10-11 00:37:10,292 | bot | INFO | Cog loaded: Snekbox
2021-10-11 00:37:10,293 | bot | INFO | Cog loaded: DayLoop
2021-10-11 00:37:10,294 | bot | INFO | Cog loaded: VoiceChannel
2021-10-11 00:37:10,295 | bot | INFO | Cog loaded: Updater
2021-10-11 00:37:10,296 | bot | INFO | Cog loaded: AdminCommands
2021-10-11 00:37:10,309 | exts.kus | DEBUG | loaded data
2021-10-11 00:37:11,291 | bot | DEBUG | exts.kus Unable to fetch kus data, disabled system.
2021-10-11 00:37:12,898 | utils.planner | DEBUG | returning sorted date for 562976873685057546
2021-10-11 00:37:12,905 | bot | INFO | Connected successfully
2021-10-11 00:37:12,949 | bot | DEBUG | changed bot status
2021-10-11 00:37:12,981 | bot | DEBUG | creating assignment embed...
2021-10-11 00:37:12,982 | bot | DEBUG | successfully created assignment embed
2021-10-11 00:37:13,096 | exts.kus | DEBUG | trying to update news but is not enable, passing...
2021-10-11 00:37:14,096 | bot | DEBUG | creating assignment embed...
2021-10-11 00:37:14,096 | bot | DEBUG | successfully created assignment embed
2021-10-11 00:37:15,223 | bot | DEBUG | exts.update :white_check_mark: Sucessfully update works at 562976873685057546 :
33EE
2021-10-11 00:37:15,357 | exts.update | DEBUG | updated active-works for 562976873685057546
2021-10-11 00:37:15,358 | utils.planner | DEBUG | returning sorted date for 728482381215826000
2021-10-11 00:37:15,468 | utils.planner | DEBUG | returning sorted date for 676256965650808873
2021-10-11 00:37:15,542 | utils.planner | DEBUG | returning sorted date for 829749071891005512
2021-10-11 00:37:15,649 | utils.planner | DEBUG | returning sorted date for 773426467492069386
2021-10-11 00:37:15,751 | bot | DEBUG | creating assignment embed...
2021-10-11 00:37:15,752 | bot | DEBUG | successfully created assignment embed
2021-10-11 00:37:16,854 | bot | DEBUG | exts.update :white_check_mark: Sucessfully update works at 773426467492069386 :
11E
2021-10-11 00:37:17,072 | exts.update | DEBUG | updated active-works for 773426467492069386
2021-10-11 01:12:59,394 | bot | INFO | Resumed Connection
2021-10-11 01:12:59,474 | bot | DEBUG | changed bot status
2021-10-11 01:49:12,622 | bot | INFO | Resumed Connection
2021-10-11 01:49:13,014 | bot | DEBUG | changed bot status
2021-10-11 02:57:04,837 | exts.music | DEBUG | VoiceState created for 773426467492069386
2021-10-11 02:57:04,838 | exts.music | INFO | Audio Player Launched for 773426467492069386
2021-10-11 02:57:07,512 | exts.music | DEBUG | 773426467492069386: Searching https://youtu.be/c_c5FPFdSow
2021-10-11 02:57:09,627 | exts.music | DEBUG | Enqueued
2021-10-11 04:37:11,241 | exts.kus | DEBUG | trying to update news but is not enable, passing...
2021-10-11 05:24:44,743 | bot | INFO | Resumed Connection
2021-10-11 05:24:44,830 | bot | DEBUG | changed bot status
2021-10-11 05:46:53,167 | bot | INFO | Resumed Connection
2021-10-11 05:46:53,295 | bot | DEBUG | changed bot status
2021-10-11 08:37:11,693 | bot | DEBUG | exts.kus successfully fecthed kus data, enabled system.
2021-10-11 08:38:04,813 | exts.music | DEBUG | VoiceState created for 773426467492069386
2021-10-11 08:38:04,814 | exts.music | INFO | Audio Player Launched for 773426467492069386
2021-10-11 08:38:07,411 | exts.music | DEBUG | 773426467492069386: Searching ‡∏≠‡∏Å‡∏´‡∏±‡∏Å
2021-10-11 08:38:10,080 | exts.music | DEBUG | Enqueued
2021-10-11 08:43:27,529 | bot | INFO | Resumed Connection
2021-10-11 08:43:27,928 | bot | DEBUG | changed bot status
2021-10-11 08:45:41,441 | exts.music | DEBUG | 773426467492069386: Searching im loser girl
2021-10-11 08:45:42,996 | exts.music | DEBUG | Enqueued
2021-10-11 08:46:05,436 | exts.music | DEBUG | 773426467492069386: Searching https://www.youtube.com/watch?v=6rg4cYlAKOc&ab_channel=%E3%83%84%E3%83%A6
2021-10-11 08:46:06,820 | exts.music | DEBUG | Enqueued
2021-10-11 08:46:57,363 | exts.music | DEBUG | 773426467492069386: Searching detective conan theme
2021-10-11 08:46:58,851 | exts.music | DEBUG | Enqueued
2021-10-11 10:55:59,037 | exts.music | DEBUG | VoiceState created for 829749071891005512
2021-10-11 10:55:59,038 | exts.music | INFO | Audio Player Launched for 829749071891005512
2021-10-11 10:56:00,966 | exts.music | DEBUG | 829749071891005512: Searching https://open.spotify.com/playlist/2T8AQhweLCMNFleLsP7KiP?si=bCNaUrBDRSCzIEI_tvYkYg&dl_branch=1
2021-10-11 10:56:01,061 | spotipy.oauth2 | DEBUG | sending POST request to https://accounts.spotify.com/api/token with Headers: {'Authorization': 'Basic MjA0MjQ3ODljNDBhNDM2Mzk1NTQ2Nzg1ZDc5ZGRmNTk6NzE0ZTE0NjE2MzZmNGRjMWI4ODE1MDI4MjljM2Q4YTQ='} and Body: {'grant_type': 'client_credentials'}
2021-10-11 10:56:01,400 | exts.music | DEBUG | Enqueued
2021-10-11 11:43:37,074 | bot | INFO | Resumed Connection
2021-10-11 11:43:37,209 | bot | DEBUG | changed bot status
2021-10-11 12:37:11,262 | bot | DEBUG | exts.kus Unable to fetch kus data, disabled system.
2021-10-11 12:37:11,432 | exts.kus | DEBUG | trying to update news but is not enable, passing...
2021-10-11 13:53:18,444 | exts.music | DEBUG | 773426467492069386: Searching https://www.youtube.com/watch?v=5Per60XwWoU
2021-10-11 13:53:19,984 | exts.music | DEBUG | Enqueued
2021-10-11 13:57:58,846 | exts.music | DEBUG | 773426467492069386: Searching https://www.youtube.com/watch?v=lld6PO35QFU
2021-10-11 13:58:00,474 | exts.music | DEBUG | Enqueued
2021-10-11 13:58:52,368 | exts.music | DEBUG | 773426467492069386: Searching https://open.spotify.com/track/2zjcMpfEkRy17HH7lDEFCH?si=en9fbnJKQZyxmLXGjraAaQ&utm_source=copy-link&dl_branch=1
2021-10-11 13:58:52,654 | exts.music | DEBUG | Enqueued
2021-10-11 13:59:51,940 | exts.music | DEBUG | 773426467492069386: Searching https://youtu.be/pCC6qbAnX00
2021-10-11 13:59:53,549 | exts.music | DEBUG | Enqueued
2021-10-11 14:02:24,156 | exts.music | DEBUG | VoiceState created for 728482381215826000
2021-10-11 14:02:24,158 | exts.music | INFO | Audio Player Launched for 728482381215826000
2021-10-11 14:03:33,377 | bot | INFO | Resumed Connection
2021-10-11 14:03:33,709 | bot | DEBUG | changed bot status
2021-10-11 14:38:18,765 | exts.music | DEBUG | VoiceState created for 780423376149676032
2021-10-11 14:38:18,767 | exts.music | INFO | Audio Player Launched for 780423376149676032
2021-10-11 14:38:20,693 | exts.music | DEBUG | 780423376149676032: Searching https://youtu.be/1DcgczDzQPk
2021-10-11 14:38:22,488 | exts.music | DEBUG | Enqueued
2021-10-11 14:47:00,676 | exts.music | DEBUG | 780423376149676032: Searching https://youtube.com/playlist?list=RDnsXwi67WgOo&playnext=1
2021-10-11 14:47:00,795 | googleapiclient.discovery_cache | INFO | file_cache is only supported with oauth2client<4.0.0
2021-10-11 14:47:00,811 | googleapiclient.discovery | DEBUG | URL being requested: GET https://youtube.googleapis.com/youtube/v3/playlistItems?part=snippet&playlistId=RDnsXwi67WgOo&maxResults=25&key=AIzaSyAdxWpkjawZwkOoLZNdBKnaUQ1o3Wov2cg&alt=json
2021-10-11 14:47:01,877 | googleapiclient.discovery | DEBUG | Next page request URL: list_next https://youtube.googleapis.com/youtube/v3/playlistItems?part=snippet&playlistId=RDnsXwi67WgOo&maxResults=25&key=AIzaSyAdxWpkjawZwkOoLZNdBKnaUQ1o3Wov2cg&alt=json&pageToken=EAAaFVBUOkVndG1hWHBUVkhRelMxRmxOQQ
2021-10-11 14:47:02,108 | googleapiclient.discovery | DEBUG | Next page request URL: list_next https://youtube.googleapis.com/youtube/v3/playlistItems?part=snippet&playlistId=RDnsXwi67WgOo&maxResults=25&key=AIzaSyAdxWpkjawZwkOoLZNdBKnaUQ1o3Wov2cg&alt=json&pageToken=EAAaFVBUOkVndFFWV1I1ZFV0aFIxRmtOQQ
2021-10-11 14:47:02,392 | googleapiclient.discovery | DEBUG | Next page request URL: list_next https://youtube.googleapis.com/youtube/v3/playlistItems?part=snippet&playlistId=RDnsXwi67WgOo&maxResults=25&key=AIzaSyAdxWpkjawZwkOoLZNdBKnaUQ1o3Wov2cg&alt=json&pageToken=EAAaFVBUOkVndDZUbTFWUmpsWGVWaGhUUQ
2021-10-11 14:47:02,631 | googleapiclient.discovery | DEBUG | Next page request URL: list_next https://youtube.googleapis.com/youtube/v3/playlistItems?part=snippet&playlistId=RDnsXwi67WgOo&maxResults=25&key=AIzaSyAdxWpkjawZwkOoLZNdBKnaUQ1o3Wov2cg&alt=json&pageToken=EAAaFVBUOkVndHdZblkxYUhKcVZVVnZidw
2021-10-11 14:47:02,917 | googleapiclient.discovery | DEBUG | Next page request URL: list_next https://youtube.googleapis.com/youtube/v3/playlistItems?part=snippet&playlistId=RDnsXwi67WgOo&maxResults=25&key=AIzaSyAdxWpkjawZwkOoLZNdBKnaUQ1o3Wov2cg&alt=json&pageToken=EAAaFVBUOkVndG1hWHBUVkhRelMxRmxOQQ
2021-10-11 14:47:03,200 | googleapiclient.discovery | DEBUG | Next page request URL: list_next https://youtube.googleapis.com/youtube/v3/playlistItems?part=snippet&playlistId=RDnsXwi67WgOo&maxResults=25&key=AIzaSyAdxWpkjawZwkOoLZNdBKnaUQ1o3Wov2cg&alt=json&pageToken=EAAaFVBUOkVndFFWV1I1ZFV0aFIxRmtOQQ
2021-10-11 14:47:03,505 | googleapiclient.discovery | DEBUG | Next page request URL: list_next https://youtube.googleapis.com/youtube/v3/playlistItems?part=snippet&playlistId=RDnsXwi67WgOo&maxResults=25&key=AIzaSyAdxWpkjawZwkOoLZNdBKnaUQ1o3Wov2cg&alt=json&pageToken=EAAaFVBUOkVndDZUbTFWUmpsWGVWaGhUUQ
2021-10-11 14:47:03,832 | googleapiclient.discovery | DEBUG | Next page request URL: list_next https://youtube.googleapis.com/youtube/v3/playlistItems?part=snippet&playlistId=RDnsXwi67WgOo&maxResults=25&key=AIzaSyAdxWpkjawZwkOoLZNdBKnaUQ1o3Wov2cg&alt=json&pageToken=EAAaFVBUOkVndHdZblkxYUhKcVZVVnZidw
2021-10-11 14:47:04,024 | exts.music | DEBUG | Enqueued
2021-10-11 14:50:27,392 | exts.music | DEBUG | 780423376149676032: Searching https://youtu.be/gNi_6U5Pm_o
2021-10-11 14:50:29,080 | exts.music | DEBUG | Enqueued
2021-10-11 14:51:59,440 | exts.music | DEBUG | 780423376149676032: Searching https://youtube.com/playlist?list=RDpH6ij20X4_U&playnext=1
2021-10-11 14:51:59,544 | googleapiclient.discovery_cache | INFO | file_cache is only supported with oauth2client<4.0.0
2021-10-11 14:51:59,551 | googleapiclient.discovery | DEBUG | URL being requested: GET https://youtube.googleapis.com/youtube/v3/playlistItems?part=snippet&playlistId=RDpH6ij20X4_U&maxResults=25&key=AIzaSyAdxWpkjawZwkOoLZNdBKnaUQ1o3Wov2cg&alt=json
2021-10-11 14:52:00,092 | googleapiclient.discovery | DEBUG | Next page request URL: list_next https://youtube.googleapis.com/youtube/v3/playlistItems?part=snippet&playlistId=RDpH6ij20X4_U&maxResults=25&key=AIzaSyAdxWpkjawZwkOoLZNdBKnaUQ1o3Wov2cg&alt=json&pageToken=EAAaFVBUOkVndGFNMnh1VUhsU2RuSlNSUQ
2021-10-11 14:52:00,355 | googleapiclient.discovery | DEBUG | Next page request URL: list_next https://youtube.googleapis.com/youtube/v3/playlistItems?part=snippet&playlistId=RDpH6ij20X4_U&maxResults=25&key=AIzaSyAdxWpkjawZwkOoLZNdBKnaUQ1o3Wov2cg&alt=json&pageToken=EAAaFVBUOkVndHlRV2wwYzJ4R1RYTm9idw
2021-10-11 14:52:00,641 | googleapiclient.discovery | DEBUG | Next page request URL: list_next https://youtube.googleapis.com/youtube/v3/playlistItems?part=snippet&playlistId=RDpH6ij20X4_U&maxResults=25&key=AIzaSyAdxWpkjawZwkOoLZNdBKnaUQ1o3Wov2cg&alt=json&pageToken=EAAaFVBUOkVndGFNMnh1VUhsU2RuSlNSUQ
2021-10-11 14:52:00,888 | googleapiclient.discovery | DEBUG | Next page request URL: list_next https://youtube.googleapis.com/youtube/v3/playlistItems?part=snippet&playlistId=RDpH6ij20X4_U&maxResults=25&key=AIzaSyAdxWpkjawZwkOoLZNdBKnaUQ1o3Wov2cg&alt=json&pageToken=EAAaFVBUOkVndHlRV2wwYzJ4R1RYTm9idw
2021-10-11 14:52:01,114 | googleapiclient.discovery | DEBUG | Next page request URL: list_next https://youtube.googleapis.com/youtube/v3/playlistItems?part=snippet&playlistId=RDpH6ij20X4_U&maxResults=25&key=AIzaSyAdxWpkjawZwkOoLZNdBKnaUQ1o3Wov2cg&alt=json&pageToken=EAAaFVBUOkVndGFNMnh1VUhsU2RuSlNSUQ
2021-10-11 14:52:01,375 | googleapiclient.discovery | DEBUG | Next page request URL: list_next https://youtube.googleapis.com/youtube/v3/playlistItems?part=snippet&playlistId=RDpH6ij20X4_U&maxResults=25&key=AIzaSyAdxWpkjawZwkOoLZNdBKnaUQ1o3Wov2cg&alt=json&pageToken=EAAaFVBUOkVndHlRV2wwYzJ4R1RYTm9idw
2021-10-11 14:52:01,580 | googleapiclient.discovery | DEBUG | Next page request URL: list_next https://youtube.googleapis.com/youtube/v3/playlistItems?part=snippet&playlistId=RDpH6ij20X4_U&maxResults=25&key=AIzaSyAdxWpkjawZwkOoLZNdBKnaUQ1o3Wov2cg&alt=json&pageToken=EAAaFVBUOkVndGFNMnh1VUhsU2RuSlNSUQ
2021-10-11 14:52:01,833 | googleapiclient.discovery | DEBUG | Next page request URL: list_next https://youtube.googleapis.com/youtube/v3/playlistItems?part=snippet&playlistId=RDpH6ij20X4_U&maxResults=25&key=AIzaSyAdxWpkjawZwkOoLZNdBKnaUQ1o3Wov2cg&alt=json&pageToken=EAAaFVBUOkVndHlRV2wwYzJ4R1RYTm9idw
2021-10-11 14:52:01,991 | exts.music | DEBUG | Enqueued
2021-10-11 14:53:07,675 | bot | INFO | Cog loaded: Music
2021-10-11 14:53:07,694 | discord.player | ERROR | Calling the after function failed.
Traceback (most recent call last):
  File "/opt/virtualenvs/python3/lib/python3.8/site-packages/discord/player.py", line 616, in _call_after
    self.after(error)
  File "/home/runner/TpLearn/exts/music.py", line 250, in play_next_song
    # For keeping track of all voice states
exts.music.VoiceError: [Errno 9] Bad file descriptor
2021-10-11 14:53:16,717 | exts.music | DEBUG | VoiceState created for 728482381215826000
2021-10-11 14:53:16,718 | exts.music | INFO | Audio Player Launched for 728482381215826000
2021-10-11 14:53:18,692 | exts.music | DEBUG | 728482381215826000: Searching gurenge
2021-10-11 14:53:20,080 | exts.music | DEBUG | Enqueued
2021-10-11 14:55:26,031 | bot | INFO | Cog loaded: Music
2021-10-11 14:55:32,455 | exts.music | DEBUG | VoiceState created for 728482381215826000
2021-10-11 14:55:32,456 | exts.music | INFO | Audio Player Launched for 728482381215826000
2021-10-11 14:55:34,409 | exts.music | DEBUG | 728482381215826000: Searching gurenge
2021-10-11 14:55:35,962 | exts.music | DEBUG | Enqueued
2021-10-11 14:56:06,148 | bot | INFO | Cog loaded: Music
2021-10-11 14:56:09,861 | exts.music | DEBUG | VoiceState created for 728482381215826000
2021-10-11 14:56:09,862 | exts.music | INFO | Audio Player Launched for 728482381215826000
2021-10-11 14:56:09,909 | exts.music | INFO | 728482381215826000: User joined back, Stopping deletion
2021-10-11 14:56:11,780 | exts.music | DEBUG | 728482381215826000: Searching gurenge
2021-10-11 14:56:13,818 | exts.music | DEBUG | Enqueued
2021-10-11 14:56:31,065 | exts.music | INFO | 728482381215826000: All user left, Waiting for deletion
2021-10-11 14:57:31,357 | exts.music | DEBUG | VoiceState created for 780423376149676032
2021-10-11 14:57:31,358 | exts.music | INFO | Audio Player Launched for 780423376149676032
2021-10-11 14:57:31,402 | exts.music | INFO | 780423376149676032: User joined back, Stopping deletion
2021-10-11 14:57:33,283 | exts.music | DEBUG | 780423376149676032: Searching https://youtube.com/playlist?list=RDgNi_6U5Pm_o&playnext=1
2021-10-11 14:57:33,378 | googleapiclient.discovery_cache | INFO | file_cache is only supported with oauth2client<4.0.0
2021-10-11 14:57:33,388 | googleapiclient.discovery | DEBUG | URL being requested: GET https://youtube.googleapis.com/youtube/v3/playlistItems?part=snippet&playlistId=RDgNi_6U5Pm_o&maxResults=25&key=AIzaSyAdxWpkjawZwkOoLZNdBKnaUQ1o3Wov2cg&alt=json
2021-10-11 14:57:33,556 | exts.errorhand | TRACE | Command: p https://youtube.com/playlist?list=RDgNi_6U5Pm_o&playnext=1; Already handled locally.
2021-10-11 14:59:45,358 | exts.music | DEBUG | 780423376149676032: Searching https://youtube.com/playlist?list=RDpH6ij20X4_U&playnext=1
2021-10-11 14:59:45,498 | googleapiclient.discovery_cache | INFO | file_cache is only supported with oauth2client<4.0.0
2021-10-11 14:59:45,504 | googleapiclient.discovery | DEBUG | URL being requested: GET https://youtube.googleapis.com/youtube/v3/playlistItems?part=snippet&playlistId=RDpH6ij20X4_U&maxResults=25&key=AIzaSyAdxWpkjawZwkOoLZNdBKnaUQ1o3Wov2cg&alt=json
2021-10-11 14:59:46,009 | googleapiclient.discovery | DEBUG | Next page request URL: list_next https://youtube.googleapis.com/youtube/v3/playlistItems?part=snippet&playlistId=RDpH6ij20X4_U&maxResults=25&key=AIzaSyAdxWpkjawZwkOoLZNdBKnaUQ1o3Wov2cg&alt=json&pageToken=EAAaFVBUOkVndGFNMnh1VUhsU2RuSlNSUQ
2021-10-11 14:59:46,245 | googleapiclient.discovery | DEBUG | Next page request URL: list_next https://youtube.googleapis.com/youtube/v3/playlistItems?part=snippet&playlistId=RDpH6ij20X4_U&maxResults=25&key=AIzaSyAdxWpkjawZwkOoLZNdBKnaUQ1o3Wov2cg&alt=json&pageToken=EAAaFVBUOkVndHlRV2wwYzJ4R1RYTm9idw
2021-10-11 14:59:46,455 | googleapiclient.discovery | DEBUG | Next page request URL: list_next https://youtube.googleapis.com/youtube/v3/playlistItems?part=snippet&playlistId=RDpH6ij20X4_U&maxResults=25&key=AIzaSyAdxWpkjawZwkOoLZNdBKnaUQ1o3Wov2cg&alt=json&pageToken=EAAaFVBUOkVndGFNMnh1VUhsU2RuSlNSUQ
2021-10-11 14:59:46,780 | googleapiclient.discovery | DEBUG | Next page request URL: list_next https://youtube.googleapis.com/youtube/v3/playlistItems?part=snippet&playlistId=RDpH6ij20X4_U&maxResults=25&key=AIzaSyAdxWpkjawZwkOoLZNdBKnaUQ1o3Wov2cg&alt=json&pageToken=EAAaFVBUOkVndHlRV2wwYzJ4R1RYTm9idw
2021-10-11 14:59:47,014 | googleapiclient.discovery | DEBUG | Next page request URL: list_next https://youtube.googleapis.com/youtube/v3/playlistItems?part=snippet&playlistId=RDpH6ij20X4_U&maxResults=25&key=AIzaSyAdxWpkjawZwkOoLZNdBKnaUQ1o3Wov2cg&alt=json&pageToken=EAAaFVBUOkVndGFNMnh1VUhsU2RuSlNSUQ
2021-10-11 14:59:47,289 | googleapiclient.discovery | DEBUG | Next page request URL: list_next https://youtube.googleapis.com/youtube/v3/playlistItems?part=snippet&playlistId=RDpH6ij20X4_U&maxResults=25&key=AIzaSyAdxWpkjawZwkOoLZNdBKnaUQ1o3Wov2cg&alt=json&pageToken=EAAaFVBUOkVndHlRV2wwYzJ4R1RYTm9idw
2021-10-11 14:59:47,490 | googleapiclient.discovery | DEBUG | Next page request URL: list_next https://youtube.googleapis.com/youtube/v3/playlistItems?part=snippet&playlistId=RDpH6ij20X4_U&maxResults=25&key=AIzaSyAdxWpkjawZwkOoLZNdBKnaUQ1o3Wov2cg&alt=json&pageToken=EAAaFVBUOkVndGFNMnh1VUhsU2RuSlNSUQ
2021-10-11 14:59:47,703 | googleapiclient.discovery | DEBUG | Next page request URL: list_next https://youtube.googleapis.com/youtube/v3/playlistItems?part=snippet&playlistId=RDpH6ij20X4_U&maxResults=25&key=AIzaSyAdxWpkjawZwkOoLZNdBKnaUQ1o3Wov2cg&alt=json&pageToken=EAAaFVBUOkVndHlRV2wwYzJ4R1RYTm9idw
2021-10-11 14:59:47,892 | exts.music | DEBUG | Enqueued
2021-10-11 15:02:06,154 | exts.music | INFO | 728482381215826000: Timeout, Nobody left in vc... Disconnected
2021-10-11 15:13:33,614 | exts.admin | DEBUG | Admin Eval from Tpmonkey#2682; code: " <@&786022310615449621> "
2021-10-11 15:16:08,588 | asyncio | ERROR | Task was destroyed but it is pending!
task: <Task pending name='Task-30896' coro=<VoiceState.audio_player_task() running at /home/runner/TpLearn/exts/music.py:245> wait_for=<Future cancelled>>
2021-10-11 15:25:55,186 | exts.music | DEBUG | VoiceState created for 728482381215826000
2021-10-11 15:25:55,187 | exts.music | INFO | Audio Player Launched for 728482381215826000
2021-10-11 15:25:55,236 | exts.music | INFO | 728482381215826000: User joined back, Stopping deletion
2021-10-11 15:25:57,137 | exts.music | DEBUG | 728482381215826000: Searching rewrite
2021-10-11 15:25:58,523 | exts.music | DEBUG | Enqueued
2021-10-11 15:26:54,760 | exts.music | DEBUG | 728482381215826000: Searching https://www.youtube.com/watch?v=ZmeudwRMrsU&list=RDMMS_zFkNmxhNs&start_radio=1
2021-10-11 15:26:54,845 | googleapiclient.discovery_cache | INFO | file_cache is only supported with oauth2client<4.0.0
2021-10-11 15:26:54,853 | googleapiclient.discovery | DEBUG | URL being requested: GET https://youtube.googleapis.com/youtube/v3/playlistItems?part=snippet&playlistId=RDMMS_zFkNmxhNs&maxResults=25&key=AIzaSyAdxWpkjawZwkOoLZNdBKnaUQ1o3Wov2cg&alt=json
2021-10-11 15:26:55,284 | googleapiclient.discovery | DEBUG | Next page request URL: list_next https://youtube.googleapis.com/youtube/v3/playlistItems?part=snippet&playlistId=RDMMS_zFkNmxhNs&maxResults=25&key=AIzaSyAdxWpkjawZwkOoLZNdBKnaUQ1o3Wov2cg&alt=json&pageToken=EAAaFVBUOkVndENWRmxWWTBWdWQyTkhjdw
2021-10-11 15:26:55,370 | exts.music | DEBUG | Enqueued
2021-10-11 15:31:16,824 | exts.music | DEBUG | 728482381215826000: Searching rewrite
2021-10-11 15:31:18,211 | exts.music | DEBUG | Enqueued
2021-10-11 15:38:07,470 | exts.music | DEBUG | 728482381215826000: Searching inferno fire force
2021-10-11 15:38:08,822 | exts.music | DEBUG | Enqueued
2021-10-11 15:38:13,874 | exts.music | DEBUG | 728482381215826000: Searching kiakai kitan op
2021-10-11 15:38:15,393 | exts.music | DEBUG | Enqueued
2021-10-11 15:39:27,370 | exts.music | DEBUG | 728482381215826000: Searching https://www.youtube.com/watch?v=HfyjItuW_AA
2021-10-11 15:39:28,615 | exts.music | DEBUG | Enqueued
2021-10-11 15:40:19,524 | utils.planner | DEBUG | getting embed return nothing for 728482381215826000
2021-10-11 15:40:53,919 | exts.music | DEBUG | 728482381215826000: Searching zenzenzense
2021-10-11 15:40:55,698 | exts.music | DEBUG | Enqueued
2021-10-11 15:43:12,032 | exts.music | DEBUG | 728482381215826000: Searching naruto op 16
2021-10-11 15:43:13,778 | exts.music | DEBUG | Enqueued
2021-10-11 15:48:31,074 | exts.music | DEBUG | 728482381215826000: Searching https://www.youtube.com/playlist?list=PLsQ-ipbXoFYm88bmZy4eyhuIZoTtU_I_Z
2021-10-11 15:48:31,169 | googleapiclient.discovery_cache | INFO | file_cache is only supported with oauth2client<4.0.0
2021-10-11 15:48:31,178 | googleapiclient.discovery | DEBUG | URL being requested: GET https://youtube.googleapis.com/youtube/v3/playlistItems?part=snippet&playlistId=PLsQ-ipbXoFYm88bmZy4eyhuIZoTtU_I_Z&maxResults=25&key=AIzaSyAdxWpkjawZwkOoLZNdBKnaUQ1o3Wov2cg&alt=json
2021-10-11 15:48:31,324 | googleapiclient.discovery | DEBUG | Next page request URL: list_next https://youtube.googleapis.com/youtube/v3/playlistItems?part=snippet&playlistId=PLsQ-ipbXoFYm88bmZy4eyhuIZoTtU_I_Z&maxResults=25&key=AIzaSyAdxWpkjawZwkOoLZNdBKnaUQ1o3Wov2cg&alt=json&pageToken=EAAaBlBUOkNCaw
2021-10-11 15:48:31,434 | googleapiclient.discovery | DEBUG | Next page request URL: list_next https://youtube.googleapis.com/youtube/v3/playlistItems?part=snippet&playlistId=PLsQ-ipbXoFYm88bmZy4eyhuIZoTtU_I_Z&maxResults=25&key=AIzaSyAdxWpkjawZwkOoLZNdBKnaUQ1o3Wov2cg&alt=json&pageToken=EAAaBlBUOkNESQ
2021-10-11 15:48:31,547 | googleapiclient.discovery | DEBUG | Next page request URL: list_next https://youtube.googleapis.com/youtube/v3/playlistItems?part=snippet&playlistId=PLsQ-ipbXoFYm88bmZy4eyhuIZoTtU_I_Z&maxResults=25&key=AIzaSyAdxWpkjawZwkOoLZNdBKnaUQ1o3Wov2cg&alt=json&pageToken=EAAaBlBUOkNFcw
2021-10-11 15:48:31,594 | googleapiclient.discovery | DEBUG | Next page request URL: list_next https://youtube.googleapis.com/youtube/v3/playlistItems?part=snippet&playlistId=PLsQ-ipbXoFYm88bmZy4eyhuIZoTtU_I_Z&maxResults=25&key=AIzaSyAdxWpkjawZwkOoLZNdBKnaUQ1o3Wov2cg&alt=json&pageToken=EAAaBlBUOkNHUQ
2021-10-11 15:48:31,635 | googleapiclient.discovery | DEBUG | Next page request URL: list_next https://youtube.googleapis.com/youtube/v3/playlistItems?part=snippet&playlistId=PLsQ-ipbXoFYm88bmZy4eyhuIZoTtU_I_Z&maxResults=25&key=AIzaSyAdxWpkjawZwkOoLZNdBKnaUQ1o3Wov2cg&alt=json&pageToken=EAAaBlBUOkNIMA
2021-10-11 15:48:31,680 | googleapiclient.discovery | DEBUG | Next page request URL: list_next https://youtube.googleapis.com/youtube/v3/playlistItems?part=snippet&playlistId=PLsQ-ipbXoFYm88bmZy4eyhuIZoTtU_I_Z&maxResults=25&key=AIzaSyAdxWpkjawZwkOoLZNdBKnaUQ1o3Wov2cg&alt=json&pageToken=EAAaB1BUOkNKWUI
2021-10-11 15:48:31,797 | exts.music | DEBUG | Enqueued
2021-10-11 15:50:09,818 | bot | INFO | Resumed Connection
2021-10-11 15:50:10,253 | bot | DEBUG | changed bot status
2021-10-11 15:51:11,877 | exts.music | WARNING | Traceback (most recent call last):
  File "/opt/virtualenvs/python3/lib/python3.8/site-packages/youtube_dl/YoutubeDL.py", line 815, in wrapper
    return func(self, *args, **kwargs)
  File "/opt/virtualenvs/python3/lib/python3.8/site-packages/youtube_dl/YoutubeDL.py", line 836, in __extract_info
    ie_result = ie.extract(url)
  File "/opt/virtualenvs/python3/lib/python3.8/site-packages/youtube_dl/extractor/common.py", line 534, in extract
    ie_result = self._real_extract(url)
  File "/opt/virtualenvs/python3/lib/python3.8/site-packages/youtube_dl/extractor/youtube.py", line 1715, in _real_extract
    self._sort_formats(formats)
  File "/opt/virtualenvs/python3/lib/python3.8/site-packages/youtube_dl/extractor/common.py", line 1374, in _sort_formats
    raise ExtractorError('No video formats found')
youtube_dl.utils.ExtractorError: No video formats found

During handling of the above exception, another exception occurred:

Traceback (most recent call last):
  File "/home/runner/TpLearn/exts/music.py", line 198, in audio_player_task
    source = await YTDLSource.create_source(self.current.ctx, self.current.url, loop=self.bot.loop)
  File "/home/runner/TpLearn/utils/audio.py", line 91, in create_source
    processed_info = await loop.run_in_executor(None, partial)
  File "/usr/lib/python3.8/concurrent/futures/thread.py", line 57, in run
    result = self.fn(*self.args, **self.kwargs)
  File "/opt/virtualenvs/python3/lib/python3.8/site-packages/youtube_dl/YoutubeDL.py", line 808, in extract_info
    return self.__extract_info(url, ie, download, extra_info, process)
  File "/opt/virtualenvs/python3/lib/python3.8/site-packages/youtube_dl/YoutubeDL.py", line 815, in wrapper
    return func(self, *args, **kwargs)
  File "/opt/virtualenvs/python3/lib/python3.8/site-packages/youtube_dl/YoutubeDL.py", line 847, in __extract_info
    return self.process_ie_result(ie_result, download, extra_info)
  File "/opt/virtualenvs/python3/lib/python3.8/site-packages/youtube_dl/YoutubeDL.py", line 885, in process_ie_result
    return self.extract_info(ie_result['url'],
  File "/opt/virtualenvs/python3/lib/python3.8/site-packages/youtube_dl/YoutubeDL.py", line 808, in extract_info
    return self.__extract_info(url, ie, download, extra_info, process)
  File "/opt/virtualenvs/python3/lib/python3.8/site-packages/youtube_dl/YoutubeDL.py", line 824, in wrapper
    self.report_error(compat_str(e), e.format_traceback())
  File "/opt/virtualenvs/python3/lib/python3.8/site-packages/youtube_dl/YoutubeDL.py", line 628, in report_error
    self.trouble(error_message, tb)
  File "/opt/virtualenvs/python3/lib/python3.8/site-packages/youtube_dl/YoutubeDL.py", line 598, in trouble
    raise DownloadError(message, exc_info)
youtube_dl.utils.DownloadError: [0;31mERROR:[0m No video formats found

2021-10-11 15:51:12,831 | exts.music | WARNING | Traceback (most recent call last):
  File "/opt/virtualenvs/python3/lib/python3.8/site-packages/youtube_dl/YoutubeDL.py", line 815, in wrapper
    return func(self, *args, **kwargs)
  File "/opt/virtualenvs/python3/lib/python3.8/site-packages/youtube_dl/YoutubeDL.py", line 836, in __extract_info
    ie_result = ie.extract(url)
  File "/opt/virtualenvs/python3/lib/python3.8/site-packages/youtube_dl/extractor/common.py", line 534, in extract
    ie_result = self._real_extract(url)
  File "/opt/virtualenvs/python3/lib/python3.8/site-packages/youtube_dl/extractor/youtube.py", line 1715, in _real_extract
    self._sort_formats(formats)
  File "/opt/virtualenvs/python3/lib/python3.8/site-packages/youtube_dl/extractor/common.py", line 1374, in _sort_formats
    raise ExtractorError('No video formats found')
youtube_dl.utils.ExtractorError: No video formats found

During handling of the above exception, another exception occurred:

Traceback (most recent call last):
  File "/home/runner/TpLearn/exts/music.py", line 198, in audio_player_task
    source = await YTDLSource.create_source(self.current.ctx, self.current.url, loop=self.bot.loop)
  File "/home/runner/TpLearn/utils/audio.py", line 91, in create_source
    processed_info = await loop.run_in_executor(None, partial)
  File "/usr/lib/python3.8/concurrent/futures/thread.py", line 57, in run
    result = self.fn(*self.args, **self.kwargs)
  File "/opt/virtualenvs/python3/lib/python3.8/site-packages/youtube_dl/YoutubeDL.py", line 808, in extract_info
    return self.__extract_info(url, ie, download, extra_info, process)
  File "/opt/virtualenvs/python3/lib/python3.8/site-packages/youtube_dl/YoutubeDL.py", line 815, in wrapper
    return func(self, *args, **kwargs)
  File "/opt/virtualenvs/python3/lib/python3.8/site-packages/youtube_dl/YoutubeDL.py", line 847, in __extract_info
    return self.process_ie_result(ie_result, download, extra_info)
  File "/opt/virtualenvs/python3/lib/python3.8/site-packages/youtube_dl/YoutubeDL.py", line 885, in process_ie_result
    return self.extract_info(ie_result['url'],
  File "/opt/virtualenvs/python3/lib/python3.8/site-packages/youtube_dl/YoutubeDL.py", line 808, in extract_info
    return self.__extract_info(url, ie, download, extra_info, process)
  File "/opt/virtualenvs/python3/lib/python3.8/site-packages/youtube_dl/YoutubeDL.py", line 824, in wrapper
    self.report_error(compat_str(e), e.format_traceback())
  File "/opt/virtualenvs/python3/lib/python3.8/site-packages/youtube_dl/YoutubeDL.py", line 628, in report_error
    self.trouble(error_message, tb)
  File "/opt/virtualenvs/python3/lib/python3.8/site-packages/youtube_dl/YoutubeDL.py", line 598, in trouble
    raise DownloadError(message, exc_info)
youtube_dl.utils.DownloadError: [0;31mERROR:[0m No video formats found

2021-10-11 15:56:14,926 | exts.music | DEBUG | 728482381215826000: Searching https://www.youtube.com/playlist?list=PLsQ-ipbXoFYm88bmZy4eyhuIZoTtU_I_Z
2021-10-11 15:56:14,995 | googleapiclient.discovery_cache | INFO | file_cache is only supported with oauth2client<4.0.0
2021-10-11 15:56:15,001 | googleapiclient.discovery | DEBUG | URL being requested: GET https://youtube.googleapis.com/youtube/v3/playlistItems?part=snippet&playlistId=PLsQ-ipbXoFYm88bmZy4eyhuIZoTtU_I_Z&maxResults=25&key=AIzaSyAdxWpkjawZwkOoLZNdBKnaUQ1o3Wov2cg&alt=json
2021-10-11 15:56:15,146 | googleapiclient.discovery | DEBUG | Next page request URL: list_next https://youtube.googleapis.com/youtube/v3/playlistItems?part=snippet&playlistId=PLsQ-ipbXoFYm88bmZy4eyhuIZoTtU_I_Z&maxResults=25&key=AIzaSyAdxWpkjawZwkOoLZNdBKnaUQ1o3Wov2cg&alt=json&pageToken=EAAaBlBUOkNCaw
2021-10-11 15:56:15,189 | googleapiclient.discovery | DEBUG | Next page request URL: list_next https://youtube.googleapis.com/youtube/v3/playlistItems?part=snippet&playlistId=PLsQ-ipbXoFYm88bmZy4eyhuIZoTtU_I_Z&maxResults=25&key=AIzaSyAdxWpkjawZwkOoLZNdBKnaUQ1o3Wov2cg&alt=json&pageToken=EAAaBlBUOkNESQ
2021-10-11 15:56:15,234 | googleapiclient.discovery | DEBUG | Next page request URL: list_next https://youtube.googleapis.com/youtube/v3/playlistItems?part=snippet&playlistId=PLsQ-ipbXoFYm88bmZy4eyhuIZoTtU_I_Z&maxResults=25&key=AIzaSyAdxWpkjawZwkOoLZNdBKnaUQ1o3Wov2cg&alt=json&pageToken=EAAaBlBUOkNFcw
2021-10-11 15:56:15,283 | googleapiclient.discovery | DEBUG | Next page request URL: list_next https://youtube.googleapis.com/youtube/v3/playlistItems?part=snippet&playlistId=PLsQ-ipbXoFYm88bmZy4eyhuIZoTtU_I_Z&maxResults=25&key=AIzaSyAdxWpkjawZwkOoLZNdBKnaUQ1o3Wov2cg&alt=json&pageToken=EAAaBlBUOkNHUQ
2021-10-11 15:56:15,323 | googleapiclient.discovery | DEBUG | Next page request URL: list_next https://youtube.googleapis.com/youtube/v3/playlistItems?part=snippet&playlistId=PLsQ-ipbXoFYm88bmZy4eyhuIZoTtU_I_Z&maxResults=25&key=AIzaSyAdxWpkjawZwkOoLZNdBKnaUQ1o3Wov2cg&alt=json&pageToken=EAAaBlBUOkNIMA
2021-10-11 15:56:15,446 | googleapiclient.discovery | DEBUG | Next page request URL: list_next https://youtube.googleapis.com/youtube/v3/playlistItems?part=snippet&playlistId=PLsQ-ipbXoFYm88bmZy4eyhuIZoTtU_I_Z&maxResults=25&key=AIzaSyAdxWpkjawZwkOoLZNdBKnaUQ1o3Wov2cg&alt=json&pageToken=EAAaB1BUOkNKWUI
2021-10-11 15:56:15,633 | exts.music | DEBUG | Enqueued
2021-10-11 15:56:34,411 | exts.music | DEBUG | VoiceState created for 728482381215826000
2021-10-11 15:56:34,412 | exts.music | INFO | Audio Player Launched for 728482381215826000
2021-10-11 15:56:34,479 | exts.music | INFO | 728482381215826000: User joined back, Stopping deletion
2021-10-11 15:56:36,407 | exts.music | DEBUG | 728482381215826000: Searching https://www.youtube.com/playlist?list=PLsQ-ipbXoFYm88bmZy4eyhuIZoTtU_I_Z
2021-10-11 15:56:36,479 | googleapiclient.discovery_cache | INFO | file_cache is only supported with oauth2client<4.0.0
2021-10-11 15:56:36,487 | googleapiclient.discovery | DEBUG | URL being requested: GET https://youtube.googleapis.com/youtube/v3/playlistItems?part=snippet&playlistId=PLsQ-ipbXoFYm88bmZy4eyhuIZoTtU_I_Z&maxResults=25&key=AIzaSyAdxWpkjawZwkOoLZNdBKnaUQ1o3Wov2cg&alt=json
2021-10-11 15:56:36,573 | googleapiclient.discovery | DEBUG | Next page request URL: list_next https://youtube.googleapis.com/youtube/v3/playlistItems?part=snippet&playlistId=PLsQ-ipbXoFYm88bmZy4eyhuIZoTtU_I_Z&maxResults=25&key=AIzaSyAdxWpkjawZwkOoLZNdBKnaUQ1o3Wov2cg&alt=json&pageToken=EAAaBlBUOkNCaw
2021-10-11 15:56:36,609 | googleapiclient.discovery | DEBUG | Next page request URL: list_next https://youtube.googleapis.com/youtube/v3/playlistItems?part=snippet&playlistId=PLsQ-ipbXoFYm88bmZy4eyhuIZoTtU_I_Z&maxResults=25&key=AIzaSyAdxWpkjawZwkOoLZNdBKnaUQ1o3Wov2cg&alt=json&pageToken=EAAaBlBUOkNESQ
2021-10-11 15:56:36,659 | googleapiclient.discovery | DEBUG | Next page request URL: list_next https://youtube.googleapis.com/youtube/v3/playlistItems?part=snippet&playlistId=PLsQ-ipbXoFYm88bmZy4eyhuIZoTtU_I_Z&maxResults=25&key=AIzaSyAdxWpkjawZwkOoLZNdBKnaUQ1o3Wov2cg&alt=json&pageToken=EAAaBlBUOkNFcw
2021-10-11 15:56:36,703 | googleapiclient.discovery | DEBUG | Next page request URL: list_next https://youtube.googleapis.com/youtube/v3/playlistItems?part=snippet&playlistId=PLsQ-ipbXoFYm88bmZy4eyhuIZoTtU_I_Z&maxResults=25&key=AIzaSyAdxWpkjawZwkOoLZNdBKnaUQ1o3Wov2cg&alt=json&pageToken=EAAaBlBUOkNHUQ
2021-10-11 15:56:36,808 | googleapiclient.discovery | DEBUG | Next page request URL: list_next https://youtube.googleapis.com/youtube/v3/playlistItems?part=snippet&playlistId=PLsQ-ipbXoFYm88bmZy4eyhuIZoTtU_I_Z&maxResults=25&key=AIzaSyAdxWpkjawZwkOoLZNdBKnaUQ1o3Wov2cg&alt=json&pageToken=EAAaBlBUOkNIMA
2021-10-11 15:56:36,846 | googleapiclient.discovery | DEBUG | Next page request URL: list_next https://youtube.googleapis.com/youtube/v3/playlistItems?part=snippet&playlistId=PLsQ-ipbXoFYm88bmZy4eyhuIZoTtU_I_Z&maxResults=25&key=AIzaSyAdxWpkjawZwkOoLZNdBKnaUQ1o3Wov2cg&alt=json&pageToken=EAAaB1BUOkNKWUI
2021-10-11 15:56:37,014 | exts.music | DEBUG | Enqueued
2021-10-11 22:08:29,588 | asyncio | DEBUG | Using selector: EpollSelector
2021-10-11 22:08:29,589 | bot | DEBUG | created bot base.
2021-10-11 22:08:29,609 | constant | DEBUG | init database succesful
2021-10-11 22:08:29,643 | utils.planner | DEBUG | triggered update
2021-10-11 22:08:29,711 | bot | DEBUG | bot subclass Created.
2021-10-11 22:08:29,715 | bot | INFO | Cog loaded: Snekbox
2021-10-11 22:08:29,801 | bot | INFO | Cog loaded: KUSNews
2021-10-11 22:08:29,803 | bot | INFO | Cog loaded: SetUp
2021-10-11 22:08:29,804 | bot | INFO | Cog loaded: Latency
2021-10-11 22:08:29,807 | bot | INFO | Cog loaded: Utility
2021-10-11 22:08:29,809 | bot | INFO | Cog loaded: AdminCommands
2021-10-11 22:08:30,274 | bot | INFO | Cog loaded: Music
2021-10-11 22:08:30,277 | bot | INFO | Cog loaded: Assignments
2021-10-11 22:08:30,278 | bot | INFO | Cog loaded: ErrorHandler
2021-10-11 22:08:30,280 | bot | INFO | Cog loaded: Help
2021-10-11 22:08:30,281 | bot | INFO | Cog loaded: VoiceChannel
2021-10-11 22:08:30,282 | bot | INFO | Cog loaded: DayLoop
2021-10-11 22:08:30,283 | bot | INFO | Cog loaded: NewPatch
2021-10-11 22:08:30,285 | bot | INFO | Cog loaded: Debug
2021-10-11 22:08:30,286 | bot | INFO | Cog loaded: Updater
2021-10-11 22:08:30,473 | exts.kus | DEBUG | loaded data
2021-10-11 22:08:31,726 | bot | DEBUG | exts.kus Unable to fetch kus data, disabled system.
2021-10-11 22:08:33,060 | utils.planner | DEBUG | returning sorted date for 562976873685057546
2021-10-11 22:08:33,067 | bot | INFO | Connected successfully
2021-10-11 22:08:33,115 | bot | DEBUG | changed bot status
2021-10-11 22:08:33,137 | bot | DEBUG | creating assignment embed...
2021-10-11 22:08:33,137 | bot | DEBUG | successfully created assignment embed
2021-10-11 22:08:33,247 | exts.kus | DEBUG | trying to update news but is not enable, passing...
2021-10-11 22:08:34,224 | bot | DEBUG | exts.update :white_check_mark: Sucessfully update works at 562976873685057546 :
33E
2021-10-11 22:08:34,346 | exts.update | DEBUG | updated active-works for 562976873685057546
2021-10-11 22:08:34,346 | utils.planner | DEBUG | returning sorted date for 728482381215826000
2021-10-11 22:08:34,432 | utils.planner | DEBUG | returning sorted date for 676256965650808873
2021-10-11 22:08:34,505 | utils.planner | DEBUG | returning sorted date for 829749071891005512
2021-10-11 22:08:34,631 | utils.planner | DEBUG | returning sorted date for 773426467492069386
2021-10-11 23:00:30,299 | bot | DEBUG | exts.dayloop New day [UTC+1] detected.
2021-10-11 23:00:30,571 | exts.dayloop | DEBUG | updating passed work
2021-10-11 23:00:30,571 | utils.planner | DEBUG | looping througth all assignment...
2021-10-11 23:00:30,596 | utils.planner | DEBUG | checking old work to delete
2021-10-11 23:00:30,598 | utils.planner | DEBUG | found 0
2021-10-11 23:00:30,598 | utils.planner | DEBUG | triggered update
2021-10-11 23:02:30,350 | utils.planner | DEBUG | returning sorted date for 562976873685057546
2021-10-11 23:02:30,463 | bot | DEBUG | creating assignment embed...
2021-10-11 23:02:30,464 | bot | DEBUG | successfully created assignment embed
2021-10-11 23:02:31,608 | bot | DEBUG | exts.update :white_check_mark: Sucessfully update works at 562976873685057546 :
33E
2021-10-11 23:02:31,710 | exts.update | DEBUG | updated active-works for 562976873685057546
2021-10-11 23:02:31,710 | utils.planner | DEBUG | returning sorted date for 728482381215826000
2021-10-11 23:02:31,779 | utils.planner | DEBUG | returning sorted date for 676256965650808873
2021-10-11 23:02:31,896 | utils.planner | DEBUG | returning sorted date for 829749071891005512
2021-10-11 23:02:31,993 | utils.planner | DEBUG | returning sorted date for 773426467492069386
2021-10-12 01:15:13,264 | bot | INFO | Resumed Connection
2021-10-12 01:15:13,336 | bot | DEBUG | changed bot status
2021-10-12 01:34:09,853 | bot | INFO | Resumed Connection
2021-10-12 01:34:09,925 | bot | DEBUG | changed bot status
2021-10-12 01:51:14,974 | exts.music | DEBUG | VoiceState created for 728482381215826000
2021-10-12 01:51:14,975 | exts.music | INFO | Audio Player Launched for 728482381215826000
2021-10-12 01:51:15,026 | exts.music | INFO | 728482381215826000: User joined back, Stopping deletion
2021-10-12 01:51:16,936 | exts.music | DEBUG | 728482381215826000: Searching ‡∏ß‡∏±‡∏ô‡∏ó‡∏µ‡πà‡∏û‡πà‡∏≠‡πÑ‡∏°‡πà‡∏≠‡∏¢‡∏π‡πà
2021-10-12 01:51:18,705 | exts.music | DEBUG | Enqueued
2021-10-12 01:56:29,826 | exts.music | DEBUG | 728482381215826000: Searching comethru
2021-10-12 01:56:33,576 | exts.music | DEBUG | Enqueued
2021-10-12 01:57:51,580 | exts.music | DEBUG | 728482381215826000: Searching photograph
2021-10-12 01:57:53,194 | exts.music | DEBUG | Enqueued
2021-10-12 01:57:58,869 | exts.music | DEBUG | 728482381215826000: Searching let her go
2021-10-12 01:58:01,403 | exts.music | DEBUG | Enqueued
2021-10-12 01:58:38,062 | exts.music | DEBUG | 728482381215826000: Searching paris in rain
2021-10-12 01:58:39,711 | exts.music | DEBUG | Enqueued
2021-10-12 01:59:26,398 | exts.music | DEBUG | 728482381215826000: Searching fake protagonist
2021-10-12 01:59:27,697 | exts.music | DEBUG | Enqueued
2021-10-12 02:08:31,726 | bot | DEBUG | exts.kus successfully fecthed kus data, enabled system.
2021-10-12 02:10:55,802 | exts.music | DEBUG | 728482381215826000: Searching https://open.spotify.com/playlist/5l5CpPwe7FtMvjIoS7TRX9?si=b825ca8774d34c8c
2021-10-12 02:10:55,909 | spotipy.oauth2 | DEBUG | sending POST request to https://accounts.spotify.com/api/token with Headers: {'Authorization': 'Basic MjA0MjQ3ODljNDBhNDM2Mzk1NTQ2Nzg1ZDc5ZGRmNTk6NzE0ZTE0NjE2MzZmNGRjMWI4ODE1MDI4MjljM2Q4YTQ='} and Body: {'grant_type': 'client_credentials'}
2021-10-12 02:10:56,387 | exts.music | DEBUG | Enqueued
2021-10-12 02:20:06,783 | exts.music | WARNING | Traceback (most recent call last):
  File "/opt/virtualenvs/python3/lib/python3.8/site-packages/youtube_dl/YoutubeDL.py", line 815, in wrapper
    return func(self, *args, **kwargs)
  File "/opt/virtualenvs/python3/lib/python3.8/site-packages/youtube_dl/YoutubeDL.py", line 836, in __extract_info
    ie_result = ie.extract(url)
  File "/opt/virtualenvs/python3/lib/python3.8/site-packages/youtube_dl/extractor/common.py", line 534, in extract
    ie_result = self._real_extract(url)
  File "/opt/virtualenvs/python3/lib/python3.8/site-packages/youtube_dl/extractor/youtube.py", line 1715, in _real_extract
    self._sort_formats(formats)
  File "/opt/virtualenvs/python3/lib/python3.8/site-packages/youtube_dl/extractor/common.py", line 1374, in _sort_formats
    raise ExtractorError('No video formats found')
youtube_dl.utils.ExtractorError: No video formats found

During handling of the above exception, another exception occurred:

Traceback (most recent call last):
  File "/home/runner/TpLearn/exts/music.py", line 199, in audio_player_task
    source = await YTDLSource.create_source(self.current.ctx, self.current.url, loop=self.bot.loop)
  File "/home/runner/TpLearn/utils/audio.py", line 91, in create_source
    processed_info = await loop.run_in_executor(None, partial)
  File "/usr/lib/python3.8/concurrent/futures/thread.py", line 57, in run
    result = self.fn(*self.args, **self.kwargs)
  File "/opt/virtualenvs/python3/lib/python3.8/site-packages/youtube_dl/YoutubeDL.py", line 808, in extract_info
    return self.__extract_info(url, ie, download, extra_info, process)
  File "/opt/virtualenvs/python3/lib/python3.8/site-packages/youtube_dl/YoutubeDL.py", line 815, in wrapper
    return func(self, *args, **kwargs)
  File "/opt/virtualenvs/python3/lib/python3.8/site-packages/youtube_dl/YoutubeDL.py", line 847, in __extract_info
    return self.process_ie_result(ie_result, download, extra_info)
  File "/opt/virtualenvs/python3/lib/python3.8/site-packages/youtube_dl/YoutubeDL.py", line 885, in process_ie_result
    return self.extract_info(ie_result['url'],
  File "/opt/virtualenvs/python3/lib/python3.8/site-packages/youtube_dl/YoutubeDL.py", line 808, in extract_info
    return self.__extract_info(url, ie, download, extra_info, process)
  File "/opt/virtualenvs/python3/lib/python3.8/site-packages/youtube_dl/YoutubeDL.py", line 815, in wrapper
    return func(self, *args, **kwargs)
  File "/opt/virtualenvs/python3/lib/python3.8/site-packages/youtube_dl/YoutubeDL.py", line 847, in __extract_info
    return self.process_ie_result(ie_result, download, extra_info)
  File "/opt/virtualenvs/python3/lib/python3.8/site-packages/youtube_dl/YoutubeDL.py", line 933, in process_ie_result
    return self.__process_playlist(ie_result, download)
  File "/opt/virtualenvs/python3/lib/python3.8/site-packages/youtube_dl/YoutubeDL.py", line 1067, in __process_playlist
    entry_result = self.__process_iterable_entry(entry, download, extra)
  File "/opt/virtualenvs/python3/lib/python3.8/site-packages/youtube_dl/YoutubeDL.py", line 815, in wrapper
    return func(self, *args, **kwargs)
  File "/opt/virtualenvs/python3/lib/python3.8/site-packages/youtube_dl/YoutubeDL.py", line 1076, in __process_iterable_entry
    return self.process_ie_result(
  File "/opt/virtualenvs/python3/lib/python3.8/site-packages/youtube_dl/YoutubeDL.py", line 885, in process_ie_result
    return self.extract_info(ie_result['url'],
  File "/opt/virtualenvs/python3/lib/python3.8/site-packages/youtube_dl/YoutubeDL.py", line 808, in extract_info
    return self.__extract_info(url, ie, download, extra_info, process)
  File "/opt/virtualenvs/python3/lib/python3.8/site-packages/youtube_dl/YoutubeDL.py", line 824, in wrapper
    self.report_error(compat_str(e), e.format_traceback())
  File "/opt/virtualenvs/python3/lib/python3.8/site-packages/youtube_dl/YoutubeDL.py", line 628, in report_error
    self.trouble(error_message, tb)
  File "/opt/virtualenvs/python3/lib/python3.8/site-packages/youtube_dl/YoutubeDL.py", line 598, in trouble
    raise DownloadError(message, exc_info)
youtube_dl.utils.DownloadError: [0;31mERROR:[0m No video formats found

2021-10-12 02:27:49,124 | exts.music | DEBUG | 728482381215826000: Searching ‡πÑ‡∏°‡πà‡∏ï‡πà‡∏≤‡∏á‡∏Å‡∏±‡∏ô
2021-10-12 02:27:52,296 | exts.music | DEBUG | Enqueued
2021-10-12 02:32:46,531 | exts.music | WARNING | Traceback (most recent call last):
  File "/opt/virtualenvs/python3/lib/python3.8/site-packages/youtube_dl/YoutubeDL.py", line 815, in wrapper
    return func(self, *args, **kwargs)
  File "/opt/virtualenvs/python3/lib/python3.8/site-packages/youtube_dl/YoutubeDL.py", line 836, in __extract_info
    ie_result = ie.extract(url)
  File "/opt/virtualenvs/python3/lib/python3.8/site-packages/youtube_dl/extractor/common.py", line 534, in extract
    ie_result = self._real_extract(url)
  File "/opt/virtualenvs/python3/lib/python3.8/site-packages/youtube_dl/extractor/youtube.py", line 1715, in _real_extract
    self._sort_formats(formats)
  File "/opt/virtualenvs/python3/lib/python3.8/site-packages/youtube_dl/extractor/common.py", line 1374, in _sort_formats
    raise ExtractorError('No video formats found')
youtube_dl.utils.ExtractorError: No video formats found

During handling of the above exception, another exception occurred:

Traceback (most recent call last):
  File "/home/runner/TpLearn/exts/music.py", line 199, in audio_player_task
    source = await YTDLSource.create_source(self.current.ctx, self.current.url, loop=self.bot.loop)
  File "/home/runner/TpLearn/utils/audio.py", line 91, in create_source
    processed_info = await loop.run_in_executor(None, partial)
  File "/usr/lib/python3.8/concurrent/futures/thread.py", line 57, in run
    result = self.fn(*self.args, **self.kwargs)
  File "/opt/virtualenvs/python3/lib/python3.8/site-packages/youtube_dl/YoutubeDL.py", line 808, in extract_info
    return self.__extract_info(url, ie, download, extra_info, process)
  File "/opt/virtualenvs/python3/lib/python3.8/site-packages/youtube_dl/YoutubeDL.py", line 815, in wrapper
    return func(self, *args, **kwargs)
  File "/opt/virtualenvs/python3/lib/python3.8/site-packages/youtube_dl/YoutubeDL.py", line 847, in __extract_info
    return self.process_ie_result(ie_result, download, extra_info)
  File "/opt/virtualenvs/python3/lib/python3.8/site-packages/youtube_dl/YoutubeDL.py", line 885, in process_ie_result
    return self.extract_info(ie_result['url'],
  File "/opt/virtualenvs/python3/lib/python3.8/site-packages/youtube_dl/YoutubeDL.py", line 808, in extract_info
    return self.__extract_info(url, ie, download, extra_info, process)
  File "/opt/virtualenvs/python3/lib/python3.8/site-packages/youtube_dl/YoutubeDL.py", line 815, in wrapper
    return func(self, *args, **kwargs)
  File "/opt/virtualenvs/python3/lib/python3.8/site-packages/youtube_dl/YoutubeDL.py", line 847, in __extract_info
    return self.process_ie_result(ie_result, download, extra_info)
  File "/opt/virtualenvs/python3/lib/python3.8/site-packages/youtube_dl/YoutubeDL.py", line 933, in process_ie_result
    return self.__process_playlist(ie_result, download)
  File "/opt/virtualenvs/python3/lib/python3.8/site-packages/youtube_dl/YoutubeDL.py", line 1067, in __process_playlist
    entry_result = self.__process_iterable_entry(entry, download, extra)
  File "/opt/virtualenvs/python3/lib/python3.8/site-packages/youtube_dl/YoutubeDL.py", line 815, in wrapper
    return func(self, *args, **kwargs)
  File "/opt/virtualenvs/python3/lib/python3.8/site-packages/youtube_dl/YoutubeDL.py", line 1076, in __process_iterable_entry
    return self.process_ie_result(
  File "/opt/virtualenvs/python3/lib/python3.8/site-packages/youtube_dl/YoutubeDL.py", line 885, in process_ie_result
    return self.extract_info(ie_result['url'],
  File "/opt/virtualenvs/python3/lib/python3.8/site-packages/youtube_dl/YoutubeDL.py", line 808, in extract_info
    return self.__extract_info(url, ie, download, extra_info, process)
  File "/opt/virtualenvs/python3/lib/python3.8/site-packages/youtube_dl/YoutubeDL.py", line 824, in wrapper
    self.report_error(compat_str(e), e.format_traceback())
  File "/opt/virtualenvs/python3/lib/python3.8/site-packages/youtube_dl/YoutubeDL.py", line 628, in report_error
    self.trouble(error_message, tb)
  File "/opt/virtualenvs/python3/lib/python3.8/site-packages/youtube_dl/YoutubeDL.py", line 598, in trouble
    raise DownloadError(message, exc_info)
youtube_dl.utils.DownloadError: [0;31mERROR:[0m No video formats found

2021-10-12 03:05:02,095 | exts.music | INFO | 728482381215826000: All user left, Waiting for deletion
2021-10-12 03:05:30,288 | exts.music | INFO | 728482381215826000: Timeout, Nobody left in vc... Disconnected
2021-10-12 03:07:24,878 | exts.music | DEBUG | VoiceState created for 728482381215826000
2021-10-12 03:07:24,914 | exts.music | INFO | Audio Player Launched for 728482381215826000
2021-10-12 03:49:00,719 | bot | INFO | Cog loaded: Music
